ARM GAS  C:\Users\eylonk\AppData\Local\Temp\cccxkYY5.s 			page 1


   1              		.syntax unified
   2              		.cpu cortex-m3
   3              		.fpu softvfp
   4              		.eabi_attribute 20, 1
   5              		.eabi_attribute 21, 1
   6              		.eabi_attribute 23, 3
   7              		.eabi_attribute 24, 1
   8              		.eabi_attribute 25, 1
   9              		.eabi_attribute 26, 1
  10              		.eabi_attribute 30, 1
  11              		.eabi_attribute 34, 1
  12              		.eabi_attribute 18, 4
  13              		.thumb
  14              		.syntax unified
  15              		.file	"cymetadata.c"
  16              		.text
  17              	.Ltext0:
  18              		.cfi_sections	.debug_frame
  19              		.global	cy_metadata
  20              		.global	cy_meta_flashprotect
  21              		.global	cy_meta_wonvl
  22              		.global	cy_meta_custnvl
  23              		.global	cy_meta_configecc
  24              		.section	.cyconfigecc,"a",%progbits
  25              		.align	2
  26              		.type	cy_meta_configecc, %object
  27              		.size	cy_meta_configecc, 464
  28              	cy_meta_configecc:
  29 0000 02       		.byte	2
  30 0001 45       		.byte	69
  31 0002 00       		.byte	0
  32 0003 40       		.byte	64
  33 0004 02       		.byte	2
  34 0005 4F       		.byte	79
  35 0006 00       		.byte	0
  36 0007 40       		.byte	64
  37 0008 04       		.byte	4
  38 0009 52       		.byte	82
  39 000a 00       		.byte	0
  40 000b 40       		.byte	64
  41 000c 01       		.byte	1
  42 000d 5A       		.byte	90
  43 000e 00       		.byte	0
  44 000f 40       		.byte	64
  45 0010 03       		.byte	3
  46 0011 06       		.byte	6
  47 0012 01       		.byte	1
  48 0013 40       		.byte	64
  49 0014 02       		.byte	2
  50 0015 07       		.byte	7
  51 0016 01       		.byte	1
  52 0017 40       		.byte	64
  53 0018 32       		.byte	50
  54 0019 14       		.byte	20
  55 001a 01       		.byte	1
  56 001b 40       		.byte	64
  57 001c 0F       		.byte	15
ARM GAS  C:\Users\eylonk\AppData\Local\Temp\cccxkYY5.s 			page 2


  58 001d 15       		.byte	21
  59 001e 01       		.byte	1
  60 001f 40       		.byte	64
  61 0020 32       		.byte	50
  62 0021 16       		.byte	22
  63 0022 01       		.byte	1
  64 0023 40       		.byte	64
  65 0024 0F       		.byte	15
  66 0025 17       		.byte	23
  67 0026 01       		.byte	1
  68 0027 40       		.byte	64
  69 0028 01       		.byte	1
  70 0029 1B       		.byte	27
  71 002a 01       		.byte	1
  72 002b 40       		.byte	64
  73 002c 04       		.byte	4
  74 002d 41       		.byte	65
  75 002e 01       		.byte	1
  76 002f 40       		.byte	64
  77 0030 02       		.byte	2
  78 0031 42       		.byte	66
  79 0032 01       		.byte	1
  80 0033 40       		.byte	64
  81 0034 06       		.byte	6
  82 0035 43       		.byte	67
  83 0036 01       		.byte	1
  84 0037 40       		.byte	64
  85 0038 02       		.byte	2
  86 0039 47       		.byte	71
  87 003a 01       		.byte	1
  88 003b 40       		.byte	64
  89 003c 04       		.byte	4
  90 003d 48       		.byte	72
  91 003e 01       		.byte	1
  92 003f 40       		.byte	64
  93 0040 06       		.byte	6
  94 0041 49       		.byte	73
  95 0042 01       		.byte	1
  96 0043 40       		.byte	64
  97 0044 01       		.byte	1
  98 0045 4C       		.byte	76
  99 0046 01       		.byte	1
 100 0047 40       		.byte	64
 101 0048 02       		.byte	2
 102 0049 4D       		.byte	77
 103 004a 01       		.byte	1
 104 004b 40       		.byte	64
 105 004c 02       		.byte	2
 106 004d 50       		.byte	80
 107 004e 01       		.byte	1
 108 004f 40       		.byte	64
 109 0050 07       		.byte	7
 110 0051 01       		.byte	1
 111 0052 7D       		.byte	125
 112 0053 01       		.byte	1
 113 0054 01       		.byte	1
 114 0055 20       		.byte	32
ARM GAS  C:\Users\eylonk\AppData\Local\Temp\cccxkYY5.s 			page 3


 115 0056 0A       		.byte	10
 116 0057 27       		.byte	39
 117 0058 00       		.byte	0
 118 0059 01       		.byte	1
 119 005a 01       		.byte	1
 120 005b 20       		.byte	32
 121 005c 04       		.byte	4
 122 005d 80       		.byte	-128
 123 005e 7C       		.byte	124
 124 005f 20       		.byte	32
 125 0060 9F       		.byte	-97
 126 0061 01       		.byte	1
 127 0062 BE       		.byte	-66
 128 0063 01       		.byte	1
 129 0064 D8       		.byte	-40
 130 0065 04       		.byte	4
 131 0066 DF       		.byte	-33
 132 0067 01       		.byte	1
 133 0068 1A       		.byte	26
 134 0069 80       		.byte	-128
 135 006a 82       		.byte	-126
 136 006b 40       		.byte	64
 137 006c 40       		.byte	64
 138 006d 30       		.byte	48
 139 006e 41       		.byte	65
 140 006f 04       		.byte	4
 141 0070 49       		.byte	73
 142 0071 FF       		.byte	-1
 143 0072 4A       		.byte	74
 144 0073 FF       		.byte	-1
 145 0074 4B       		.byte	75
 146 0075 FF       		.byte	-1
 147 0076 4D       		.byte	77
 148 0077 A0       		.byte	-96
 149 0078 4F       		.byte	79
 150 0079 04       		.byte	4
 151 007a 50       		.byte	80
 152 007b 18       		.byte	24
 153 007c 5A       		.byte	90
 154 007d 04       		.byte	4
 155 007e 5D       		.byte	93
 156 007f 01       		.byte	1
 157 0080 5F       		.byte	95
 158 0081 01       		.byte	1
 159 0082 60       		.byte	96
 160 0083 40       		.byte	64
 161 0084 62       		.byte	98
 162 0085 C0       		.byte	-64
 163 0086 64       		.byte	100
 164 0087 40       		.byte	64
 165 0088 65       		.byte	101
 166 0089 40       		.byte	64
 167 008a 66       		.byte	102
 168 008b C0       		.byte	-64
 169 008c 68       		.byte	104
 170 008d C0       		.byte	-64
 171 008e 6A       		.byte	106
ARM GAS  C:\Users\eylonk\AppData\Local\Temp\cccxkYY5.s 			page 4


 172 008f C0       		.byte	-64
 173 0090 6C       		.byte	108
 174 0091 C0       		.byte	-64
 175 0092 6E       		.byte	110
 176 0093 C0       		.byte	-64
 177 0094 96       		.byte	-106
 178 0095 01       		.byte	1
 179 0096 9A       		.byte	-102
 180 0097 01       		.byte	1
 181 0098 B0       		.byte	-80
 182 0099 01       		.byte	1
 183 009a B8       		.byte	-72
 184 009b 08       		.byte	8
 185 009c C0       		.byte	-64
 186 009d 30       		.byte	48
 187 009e C1       		.byte	-63
 188 009f 04       		.byte	4
 189 00a0 C5       		.byte	-59
 190 00a1 01       		.byte	1
 191 00a2 C6       		.byte	-58
 192 00a3 02       		.byte	2
 193 00a4 C8       		.byte	-56
 194 00a5 05       		.byte	5
 195 00a6 C9       		.byte	-55
 196 00a7 FF       		.byte	-1
 197 00a8 CA       		.byte	-54
 198 00a9 FF       		.byte	-1
 199 00aa CB       		.byte	-53
 200 00ab FF       		.byte	-1
 201 00ac CD       		.byte	-51
 202 00ad AF       		.byte	-81
 203 00ae CE       		.byte	-50
 204 00af 0F       		.byte	15
 205 00b0 CF       		.byte	-49
 206 00b1 04       		.byte	4
 207 00b2 D0       		.byte	-48
 208 00b3 18       		.byte	24
 209 00b4 D8       		.byte	-40
 210 00b5 04       		.byte	4
 211 00b6 DA       		.byte	-38
 212 00b7 04       		.byte	4
 213 00b8 DC       		.byte	-36
 214 00b9 01       		.byte	1
 215 00ba DD       		.byte	-35
 216 00bb 01       		.byte	1
 217 00bc DF       		.byte	-33
 218 00bd 01       		.byte	1
 219 00be E0       		.byte	-32
 220 00bf 40       		.byte	64
 221 00c0 E2       		.byte	-30
 222 00c1 C0       		.byte	-64
 223 00c2 E4       		.byte	-28
 224 00c3 40       		.byte	64
 225 00c4 E5       		.byte	-27
 226 00c5 40       		.byte	64
 227 00c6 E6       		.byte	-26
 228 00c7 C0       		.byte	-64
ARM GAS  C:\Users\eylonk\AppData\Local\Temp\cccxkYY5.s 			page 5


 229 00c8 E8       		.byte	-24
 230 00c9 C0       		.byte	-64
 231 00ca EA       		.byte	-22
 232 00cb C0       		.byte	-64
 233 00cc EC       		.byte	-20
 234 00cd C0       		.byte	-64
 235 00ce EE       		.byte	-18
 236 00cf C0       		.byte	-64
 237 00d0 0D       		.byte	13
 238 00d1 08       		.byte	8
 239 00d2 0F       		.byte	15
 240 00d3 08       		.byte	8
 241 00d4 1C       		.byte	28
 242 00d5 10       		.byte	16
 243 00d6 1D       		.byte	29
 244 00d7 0A       		.byte	10
 245 00d8 40       		.byte	64
 246 00d9 10       		.byte	16
 247 00da 42       		.byte	66
 248 00db 80       		.byte	-128
 249 00dc 45       		.byte	69
 250 00dd 08       		.byte	8
 251 00de 46       		.byte	70
 252 00df 80       		.byte	-128
 253 00e0 4F       		.byte	79
 254 00e1 08       		.byte	8
 255 00e2 56       		.byte	86
 256 00e3 80       		.byte	-128
 257 00e4 85       		.byte	-123
 258 00e5 02       		.byte	2
 259 00e6 AA       		.byte	-86
 260 00e7 40       		.byte	64
 261 00e8 C2       		.byte	-62
 262 00e9 60       		.byte	96
 263 00ea D0       		.byte	-48
 264 00eb C3       		.byte	-61
 265 00ec EC       		.byte	-20
 266 00ed 10       		.byte	16
 267 00ee 40       		.byte	64
 268 00ef 60       		.byte	96
 269 00f0 41       		.byte	65
 270 00f1 02       		.byte	2
 271 00f2 49       		.byte	73
 272 00f3 FF       		.byte	-1
 273 00f4 4A       		.byte	74
 274 00f5 FF       		.byte	-1
 275 00f6 4B       		.byte	75
 276 00f7 FF       		.byte	-1
 277 00f8 4D       		.byte	77
 278 00f9 A0       		.byte	-96
 279 00fa 4F       		.byte	79
 280 00fb 04       		.byte	4
 281 00fc 50       		.byte	80
 282 00fd 18       		.byte	24
 283 00fe 5A       		.byte	90
 284 00ff 04       		.byte	4
 285 0100 5D       		.byte	93
ARM GAS  C:\Users\eylonk\AppData\Local\Temp\cccxkYY5.s 			page 6


 286 0101 03       		.byte	3
 287 0102 5F       		.byte	95
 288 0103 01       		.byte	1
 289 0104 60       		.byte	96
 290 0105 40       		.byte	64
 291 0106 62       		.byte	98
 292 0107 C0       		.byte	-64
 293 0108 64       		.byte	100
 294 0109 40       		.byte	64
 295 010a 65       		.byte	101
 296 010b 40       		.byte	64
 297 010c 66       		.byte	102
 298 010d C0       		.byte	-64
 299 010e 68       		.byte	104
 300 010f C0       		.byte	-64
 301 0110 6A       		.byte	106
 302 0111 C0       		.byte	-64
 303 0112 6C       		.byte	108
 304 0113 C0       		.byte	-64
 305 0114 6E       		.byte	110
 306 0115 C0       		.byte	-64
 307 0116 8A       		.byte	-118
 308 0117 01       		.byte	1
 309 0118 A6       		.byte	-90
 310 0119 01       		.byte	1
 311 011a B0       		.byte	-80
 312 011b 01       		.byte	1
 313 011c B8       		.byte	-72
 314 011d A8       		.byte	-88
 315 011e C0       		.byte	-64
 316 011f 10       		.byte	16
 317 0120 C1       		.byte	-63
 318 0121 06       		.byte	6
 319 0122 C5       		.byte	-59
 320 0123 01       		.byte	1
 321 0124 C7       		.byte	-57
 322 0125 02       		.byte	2
 323 0126 C8       		.byte	-56
 324 0127 11       		.byte	17
 325 0128 C9       		.byte	-55
 326 0129 FF       		.byte	-1
 327 012a CA       		.byte	-54
 328 012b FF       		.byte	-1
 329 012c CB       		.byte	-53
 330 012d FF       		.byte	-1
 331 012e CD       		.byte	-51
 332 012f AF       		.byte	-81
 333 0130 CE       		.byte	-50
 334 0131 0F       		.byte	15
 335 0132 CF       		.byte	-49
 336 0133 04       		.byte	4
 337 0134 D0       		.byte	-48
 338 0135 18       		.byte	24
 339 0136 D8       		.byte	-40
 340 0137 04       		.byte	4
 341 0138 DA       		.byte	-38
 342 0139 04       		.byte	4
ARM GAS  C:\Users\eylonk\AppData\Local\Temp\cccxkYY5.s 			page 7


 343 013a DC       		.byte	-36
 344 013b 03       		.byte	3
 345 013c DD       		.byte	-35
 346 013d 03       		.byte	3
 347 013e DF       		.byte	-33
 348 013f 01       		.byte	1
 349 0140 E0       		.byte	-32
 350 0141 40       		.byte	64
 351 0142 E2       		.byte	-30
 352 0143 C0       		.byte	-64
 353 0144 E4       		.byte	-28
 354 0145 40       		.byte	64
 355 0146 E5       		.byte	-27
 356 0147 40       		.byte	64
 357 0148 E6       		.byte	-26
 358 0149 C0       		.byte	-64
 359 014a E8       		.byte	-24
 360 014b C0       		.byte	-64
 361 014c EA       		.byte	-22
 362 014d C0       		.byte	-64
 363 014e EC       		.byte	-20
 364 014f C0       		.byte	-64
 365 0150 EE       		.byte	-18
 366 0151 C0       		.byte	-64
 367 0152 00       		.byte	0
 368 0153 10       		.byte	16
 369 0154 10       		.byte	16
 370 0155 20       		.byte	32
 371 0156 18       		.byte	24
 372 0157 11       		.byte	17
 373 0158 1A       		.byte	26
 374 0159 80       		.byte	-128
 375 015a 1B       		.byte	27
 376 015b 10       		.byte	16
 377 015c 40       		.byte	64
 378 015d 01       		.byte	1
 379 015e 46       		.byte	70
 380 015f 04       		.byte	4
 381 0160 48       		.byte	72
 382 0161 28       		.byte	40
 383 0162 4F       		.byte	79
 384 0163 20       		.byte	32
 385 0164 50       		.byte	80
 386 0165 08       		.byte	8
 387 0166 52       		.byte	82
 388 0167 04       		.byte	4
 389 0168 C0       		.byte	-64
 390 0169 02       		.byte	2
 391 016a C4       		.byte	-60
 392 016b 04       		.byte	4
 393 016c D0       		.byte	-48
 394 016d 28       		.byte	40
 395 016e D2       		.byte	-46
 396 016f 24       		.byte	36
 397 0170 EC       		.byte	-20
 398 0171 10       		.byte	16
 399 0172 57       		.byte	87
ARM GAS  C:\Users\eylonk\AppData\Local\Temp\cccxkYY5.s 			page 8


 400 0173 08       		.byte	8
 401 0174 63       		.byte	99
 402 0175 04       		.byte	4
 403 0176 D4       		.byte	-44
 404 0177 40       		.byte	64
 405 0178 D8       		.byte	-40
 406 0179 40       		.byte	64
 407 017a 97       		.byte	-105
 408 017b 04       		.byte	4
 409 017c A7       		.byte	-89
 410 017d 08       		.byte	8
 411 017e 6B       		.byte	107
 412 017f 40       		.byte	64
 413 0180 83       		.byte	-125
 414 0181 40       		.byte	64
 415 0182 97       		.byte	-105
 416 0183 04       		.byte	4
 417 0184 A7       		.byte	-89
 418 0185 08       		.byte	8
 419 0186 DC       		.byte	-36
 420 0187 20       		.byte	32
 421 0188 E6       		.byte	-26
 422 0189 80       		.byte	-128
 423 018a 30       		.byte	48
 424 018b 20       		.byte	32
 425 018c CC       		.byte	-52
 426 018d 08       		.byte	8
 427 018e 25       		.byte	37
 428 018f 10       		.byte	16
 429 0190 97       		.byte	-105
 430 0191 04       		.byte	4
 431 0192 A7       		.byte	-89
 432 0193 08       		.byte	8
 433 0194 C8       		.byte	-56
 434 0195 20       		.byte	32
 435 0196 87       		.byte	-121
 436 0197 04       		.byte	4
 437 0198 97       		.byte	-105
 438 0199 04       		.byte	4
 439 019a AB       		.byte	-85
 440 019b 08       		.byte	8
 441 019c B5       		.byte	-75
 442 019d 10       		.byte	16
 443 019e E2       		.byte	-30
 444 019f 40       		.byte	64
 445 01a0 EE       		.byte	-18
 446 01a1 80       		.byte	-128
 447 01a2 A4       		.byte	-92
 448 01a3 20       		.byte	32
 449 01a4 B4       		.byte	-76
 450 01a5 20       		.byte	32
 451 01a6 EC       		.byte	-20
 452 01a7 08       		.byte	8
 453 01a8 10       		.byte	16
 454 01a9 0A       		.byte	10
 455 01aa 1A       		.byte	26
 456 01ab 0A       		.byte	10
ARM GAS  C:\Users\eylonk\AppData\Local\Temp\cccxkYY5.s 			page 9


 457 01ac 80       		.byte	-128
 458 01ad A1       		.byte	-95
 459 01ae 21       		.byte	33
 460 01af 00       		.byte	0
 461 01b0 21       		.byte	33
 462 01b1 00       		.byte	0
 463 01b2 00       		.byte	0
 464 01b3 00       		.byte	0
 465 01b4 20       		.byte	32
 466 01b5 20       		.byte	32
 467 01b6 00       		.byte	0
 468 01b7 00       		.byte	0
 469 01b8 00       		.byte	0
 470 01b9 00       		.byte	0
 471 01ba 00       		.byte	0
 472 01bb 00       		.byte	0
 473 01bc 00       		.byte	0
 474 01bd 2B       		.byte	43
 475 01be 2B       		.byte	43
 476 01bf 00       		.byte	0
 477 01c0 00       		.byte	0
 478 01c1 00       		.byte	0
 479 01c2 40       		.byte	64
 480 01c3 00       		.byte	0
 481 01c4 05       		.byte	5
 482 01c5 00       		.byte	0
 483 01c6 00       		.byte	0
 484 01c7 37       		.byte	55
 485 01c8 32       		.byte	50
 486 01c9 00       		.byte	0
 487 01ca 00       		.byte	0
 488 01cb 00       		.byte	0
 489 01cc 00       		.byte	0
 490 01cd 00       		.byte	0
 491 01ce 00       		.byte	0
 492 01cf 00       		.byte	0
 493              		.section	.cywolatch,"a",%progbits
 494              		.align	2
 495              		.type	cy_meta_wonvl, %object
 496              		.size	cy_meta_wonvl, 4
 497              	cy_meta_wonvl:
 498 0000 BC       		.byte	-68
 499 0001 90       		.byte	-112
 500 0002 AC       		.byte	-84
 501 0003 AF       		.byte	-81
 502              		.section	.cycustnvl,"a",%progbits
 503              		.align	2
 504              		.type	cy_meta_custnvl, %object
 505              		.size	cy_meta_custnvl, 4
 506              	cy_meta_custnvl:
 507 0000 00       		.byte	0
 508 0001 00       		.byte	0
 509 0002 40       		.byte	64
 510 0003 05       		.byte	5
 511              		.section	.cymeta,"a",%progbits
 512              		.align	2
 513              		.type	cy_metadata, %object
ARM GAS  C:\Users\eylonk\AppData\Local\Temp\cccxkYY5.s 			page 10


 514              		.size	cy_metadata, 12
 515              	cy_metadata:
 516 0000 00       		.byte	0
 517 0001 01       		.byte	1
 518 0002 2E       		.byte	46
 519 0003 16       		.byte	22
 520 0004 10       		.byte	16
 521 0005 69       		.byte	105
 522 0006 00       		.byte	0
 523 0007 01       		.byte	1
 524 0008 00       		.byte	0
 525 0009 00       		.byte	0
 526 000a 00       		.byte	0
 527 000b 00       		.byte	0
 528              		.section	.cyflashprotect,"a",%progbits
 529              		.align	2
 530              		.type	cy_meta_flashprotect, %object
 531              		.size	cy_meta_flashprotect, 256
 532              	cy_meta_flashprotect:
 533 0000 00000000 		.space	256
 533      00000000 
 533      00000000 
 533      00000000 
 533      00000000 
 534              		.text
 535              	.Letext0:
 536              		.file 1 "c:\\program files (x86)\\cypress\\psoc creator\\4.4\\psoc creator\\import\\gnu\\arm\\5.4.
 537              		.file 2 "c:\\program files (x86)\\cypress\\psoc creator\\4.4\\psoc creator\\import\\gnu\\arm\\5.4.
 538              		.file 3 "Generated_Source\\PSoC5\\cymetadata.c"
 539              		.section	.debug_info,"",%progbits
 540              	.Ldebug_info0:
 541 0000 31010000 		.4byte	0x131
 542 0004 0400     		.2byte	0x4
 543 0006 00000000 		.4byte	.Ldebug_abbrev0
 544 000a 04       		.byte	0x4
 545 000b 01       		.uleb128 0x1
 546 000c 24000000 		.4byte	.LASF17
 547 0010 0C       		.byte	0xc
 548 0011 DA010000 		.4byte	.LASF18
 549 0015 D7000000 		.4byte	.LASF19
 550 0019 00000000 		.4byte	.Ldebug_line0
 551 001d 02       		.uleb128 0x2
 552 001e 01       		.byte	0x1
 553 001f 06       		.byte	0x6
 554 0020 CE010000 		.4byte	.LASF0
 555 0024 03       		.uleb128 0x3
 556 0025 00000000 		.4byte	.LASF9
 557 0029 01       		.byte	0x1
 558 002a 1D       		.byte	0x1d
 559 002b 2F000000 		.4byte	0x2f
 560 002f 02       		.uleb128 0x2
 561 0030 01       		.byte	0x1
 562 0031 08       		.byte	0x8
 563 0032 16000000 		.4byte	.LASF1
 564 0036 02       		.uleb128 0x2
 565 0037 02       		.byte	0x2
 566 0038 05       		.byte	0x5
ARM GAS  C:\Users\eylonk\AppData\Local\Temp\cccxkYY5.s 			page 11


 567 0039 BB010000 		.4byte	.LASF2
 568 003d 02       		.uleb128 0x2
 569 003e 02       		.byte	0x2
 570 003f 07       		.byte	0x7
 571 0040 C4000000 		.4byte	.LASF3
 572 0044 02       		.uleb128 0x2
 573 0045 04       		.byte	0x4
 574 0046 05       		.byte	0x5
 575 0047 C5010000 		.4byte	.LASF4
 576 004b 02       		.uleb128 0x2
 577 004c 04       		.byte	0x4
 578 004d 07       		.byte	0x7
 579 004e B2000000 		.4byte	.LASF5
 580 0052 02       		.uleb128 0x2
 581 0053 08       		.byte	0x8
 582 0054 05       		.byte	0x5
 583 0055 AD010000 		.4byte	.LASF6
 584 0059 02       		.uleb128 0x2
 585 005a 08       		.byte	0x8
 586 005b 07       		.byte	0x7
 587 005c 62010000 		.4byte	.LASF7
 588 0060 04       		.uleb128 0x4
 589 0061 04       		.byte	0x4
 590 0062 05       		.byte	0x5
 591 0063 696E7400 		.ascii	"int\000"
 592 0067 02       		.uleb128 0x2
 593 0068 04       		.byte	0x4
 594 0069 07       		.byte	0x7
 595 006a 55010000 		.4byte	.LASF8
 596 006e 03       		.uleb128 0x3
 597 006f 79010000 		.4byte	.LASF10
 598 0073 02       		.byte	0x2
 599 0074 18       		.byte	0x18
 600 0075 24000000 		.4byte	0x24
 601 0079 05       		.uleb128 0x5
 602 007a 91000000 		.4byte	0x91
 603 007e 8A000000 		.4byte	0x8a
 604 0082 06       		.uleb128 0x6
 605 0083 8A000000 		.4byte	0x8a
 606 0087 CF01     		.2byte	0x1cf
 607 0089 00       		.byte	0
 608 008a 02       		.uleb128 0x2
 609 008b 04       		.byte	0x4
 610 008c 07       		.byte	0x7
 611 008d A4010000 		.4byte	.LASF11
 612 0091 07       		.uleb128 0x7
 613 0092 6E000000 		.4byte	0x6e
 614 0096 08       		.uleb128 0x8
 615 0097 43010000 		.4byte	.LASF12
 616 009b 03       		.byte	0x3
 617 009c 1F       		.byte	0x1f
 618 009d A7000000 		.4byte	0xa7
 619 00a1 05       		.uleb128 0x5
 620 00a2 03       		.byte	0x3
 621 00a3 00000000 		.4byte	cy_meta_configecc
 622 00a7 07       		.uleb128 0x7
 623 00a8 79000000 		.4byte	0x79
ARM GAS  C:\Users\eylonk\AppData\Local\Temp\cccxkYY5.s 			page 12


 624 00ac 05       		.uleb128 0x5
 625 00ad 91000000 		.4byte	0x91
 626 00b1 BC000000 		.4byte	0xbc
 627 00b5 09       		.uleb128 0x9
 628 00b6 8A000000 		.4byte	0x8a
 629 00ba 03       		.byte	0x3
 630 00bb 00       		.byte	0
 631 00bc 08       		.uleb128 0x8
 632 00bd 33010000 		.4byte	.LASF13
 633 00c1 03       		.byte	0x3
 634 00c2 66       		.byte	0x66
 635 00c3 CD000000 		.4byte	0xcd
 636 00c7 05       		.uleb128 0x5
 637 00c8 03       		.byte	0x3
 638 00c9 00000000 		.4byte	cy_meta_custnvl
 639 00cd 07       		.uleb128 0x7
 640 00ce AC000000 		.4byte	0xac
 641 00d2 08       		.uleb128 0x8
 642 00d3 96010000 		.4byte	.LASF14
 643 00d7 03       		.byte	0x3
 644 00d8 74       		.byte	0x74
 645 00d9 E3000000 		.4byte	0xe3
 646 00dd 05       		.uleb128 0x5
 647 00de 03       		.byte	0x3
 648 00df 00000000 		.4byte	cy_meta_wonvl
 649 00e3 07       		.uleb128 0x7
 650 00e4 AC000000 		.4byte	0xac
 651 00e8 05       		.uleb128 0x5
 652 00e9 91000000 		.4byte	0x91
 653 00ed F8000000 		.4byte	0xf8
 654 00f1 09       		.uleb128 0x9
 655 00f2 8A000000 		.4byte	0x8a
 656 00f6 FF       		.byte	0xff
 657 00f7 00       		.byte	0
 658 00f8 08       		.uleb128 0x8
 659 00f9 81010000 		.4byte	.LASF15
 660 00fd 03       		.byte	0x3
 661 00fe 82       		.byte	0x82
 662 00ff 09010000 		.4byte	0x109
 663 0103 05       		.uleb128 0x5
 664 0104 03       		.byte	0x3
 665 0105 00000000 		.4byte	cy_meta_flashprotect
 666 0109 07       		.uleb128 0x7
 667 010a E8000000 		.4byte	0xe8
 668 010e 05       		.uleb128 0x5
 669 010f 91000000 		.4byte	0x91
 670 0113 1E010000 		.4byte	0x11e
 671 0117 09       		.uleb128 0x9
 672 0118 8A000000 		.4byte	0x8a
 673 011c 0B       		.byte	0xb
 674 011d 00       		.byte	0
 675 011e 08       		.uleb128 0x8
 676 011f 0A000000 		.4byte	.LASF16
 677 0123 03       		.byte	0x3
 678 0124 AF       		.byte	0xaf
 679 0125 2F010000 		.4byte	0x12f
 680 0129 05       		.uleb128 0x5
ARM GAS  C:\Users\eylonk\AppData\Local\Temp\cccxkYY5.s 			page 13


 681 012a 03       		.byte	0x3
 682 012b 00000000 		.4byte	cy_metadata
 683 012f 07       		.uleb128 0x7
 684 0130 0E010000 		.4byte	0x10e
 685 0134 00       		.byte	0
 686              		.section	.debug_abbrev,"",%progbits
 687              	.Ldebug_abbrev0:
 688 0000 01       		.uleb128 0x1
 689 0001 11       		.uleb128 0x11
 690 0002 01       		.byte	0x1
 691 0003 25       		.uleb128 0x25
 692 0004 0E       		.uleb128 0xe
 693 0005 13       		.uleb128 0x13
 694 0006 0B       		.uleb128 0xb
 695 0007 03       		.uleb128 0x3
 696 0008 0E       		.uleb128 0xe
 697 0009 1B       		.uleb128 0x1b
 698 000a 0E       		.uleb128 0xe
 699 000b 10       		.uleb128 0x10
 700 000c 17       		.uleb128 0x17
 701 000d 00       		.byte	0
 702 000e 00       		.byte	0
 703 000f 02       		.uleb128 0x2
 704 0010 24       		.uleb128 0x24
 705 0011 00       		.byte	0
 706 0012 0B       		.uleb128 0xb
 707 0013 0B       		.uleb128 0xb
 708 0014 3E       		.uleb128 0x3e
 709 0015 0B       		.uleb128 0xb
 710 0016 03       		.uleb128 0x3
 711 0017 0E       		.uleb128 0xe
 712 0018 00       		.byte	0
 713 0019 00       		.byte	0
 714 001a 03       		.uleb128 0x3
 715 001b 16       		.uleb128 0x16
 716 001c 00       		.byte	0
 717 001d 03       		.uleb128 0x3
 718 001e 0E       		.uleb128 0xe
 719 001f 3A       		.uleb128 0x3a
 720 0020 0B       		.uleb128 0xb
 721 0021 3B       		.uleb128 0x3b
 722 0022 0B       		.uleb128 0xb
 723 0023 49       		.uleb128 0x49
 724 0024 13       		.uleb128 0x13
 725 0025 00       		.byte	0
 726 0026 00       		.byte	0
 727 0027 04       		.uleb128 0x4
 728 0028 24       		.uleb128 0x24
 729 0029 00       		.byte	0
 730 002a 0B       		.uleb128 0xb
 731 002b 0B       		.uleb128 0xb
 732 002c 3E       		.uleb128 0x3e
 733 002d 0B       		.uleb128 0xb
 734 002e 03       		.uleb128 0x3
 735 002f 08       		.uleb128 0x8
 736 0030 00       		.byte	0
 737 0031 00       		.byte	0
ARM GAS  C:\Users\eylonk\AppData\Local\Temp\cccxkYY5.s 			page 14


 738 0032 05       		.uleb128 0x5
 739 0033 01       		.uleb128 0x1
 740 0034 01       		.byte	0x1
 741 0035 49       		.uleb128 0x49
 742 0036 13       		.uleb128 0x13
 743 0037 01       		.uleb128 0x1
 744 0038 13       		.uleb128 0x13
 745 0039 00       		.byte	0
 746 003a 00       		.byte	0
 747 003b 06       		.uleb128 0x6
 748 003c 21       		.uleb128 0x21
 749 003d 00       		.byte	0
 750 003e 49       		.uleb128 0x49
 751 003f 13       		.uleb128 0x13
 752 0040 2F       		.uleb128 0x2f
 753 0041 05       		.uleb128 0x5
 754 0042 00       		.byte	0
 755 0043 00       		.byte	0
 756 0044 07       		.uleb128 0x7
 757 0045 26       		.uleb128 0x26
 758 0046 00       		.byte	0
 759 0047 49       		.uleb128 0x49
 760 0048 13       		.uleb128 0x13
 761 0049 00       		.byte	0
 762 004a 00       		.byte	0
 763 004b 08       		.uleb128 0x8
 764 004c 34       		.uleb128 0x34
 765 004d 00       		.byte	0
 766 004e 03       		.uleb128 0x3
 767 004f 0E       		.uleb128 0xe
 768 0050 3A       		.uleb128 0x3a
 769 0051 0B       		.uleb128 0xb
 770 0052 3B       		.uleb128 0x3b
 771 0053 0B       		.uleb128 0xb
 772 0054 49       		.uleb128 0x49
 773 0055 13       		.uleb128 0x13
 774 0056 3F       		.uleb128 0x3f
 775 0057 19       		.uleb128 0x19
 776 0058 02       		.uleb128 0x2
 777 0059 18       		.uleb128 0x18
 778 005a 00       		.byte	0
 779 005b 00       		.byte	0
 780 005c 09       		.uleb128 0x9
 781 005d 21       		.uleb128 0x21
 782 005e 00       		.byte	0
 783 005f 49       		.uleb128 0x49
 784 0060 13       		.uleb128 0x13
 785 0061 2F       		.uleb128 0x2f
 786 0062 0B       		.uleb128 0xb
 787 0063 00       		.byte	0
 788 0064 00       		.byte	0
 789 0065 00       		.byte	0
 790              		.section	.debug_aranges,"",%progbits
 791 0000 14000000 		.4byte	0x14
 792 0004 0200     		.2byte	0x2
 793 0006 00000000 		.4byte	.Ldebug_info0
 794 000a 04       		.byte	0x4
ARM GAS  C:\Users\eylonk\AppData\Local\Temp\cccxkYY5.s 			page 15


 795 000b 00       		.byte	0
 796 000c 0000     		.2byte	0
 797 000e 0000     		.2byte	0
 798 0010 00000000 		.4byte	0
 799 0014 00000000 		.4byte	0
 800              		.section	.debug_line,"",%progbits
 801              	.Ldebug_line0:
 802 0000 3D010000 		.section	.debug_str,"MS",%progbits,1
 802      02003701 
 802      00000201 
 802      FB0E0D00 
 802      01010101 
 803              	.LASF9:
 804 0000 5F5F7569 		.ascii	"__uint8_t\000"
 804      6E74385F 
 804      7400
 805              	.LASF16:
 806 000a 63795F6D 		.ascii	"cy_metadata\000"
 806      65746164 
 806      61746100 
 807              	.LASF1:
 808 0016 756E7369 		.ascii	"unsigned char\000"
 808      676E6564 
 808      20636861 
 808      7200
 809              	.LASF17:
 810 0024 474E5520 		.ascii	"GNU C11 5.4.1 20160609 (release) [ARM/embedded-5-br"
 810      43313120 
 810      352E342E 
 810      31203230 
 810      31363036 
 811 0057 616E6368 		.ascii	"anch revision 237715] -mcpu=cortex-m3 -mthumb -g -O"
 811      20726576 
 811      6973696F 
 811      6E203233 
 811      37373135 
 812 008a 67202D66 		.ascii	"g -ffunction-sections -ffat-lto-objects\000"
 812      66756E63 
 812      74696F6E 
 812      2D736563 
 812      74696F6E 
 813              	.LASF5:
 814 00b2 6C6F6E67 		.ascii	"long unsigned int\000"
 814      20756E73 
 814      69676E65 
 814      6420696E 
 814      7400
 815              	.LASF3:
 816 00c4 73686F72 		.ascii	"short unsigned int\000"
 816      7420756E 
 816      7369676E 
 816      65642069 
 816      6E7400
 817              	.LASF19:
 818 00d7 433A5C55 		.ascii	"C:\\Users\\eylonk\\university_project\\university_p"
 818      73657273 
 818      5C65796C 
ARM GAS  C:\Users\eylonk\AppData\Local\Temp\cccxkYY5.s 			page 16


 818      6F6E6B5C 
 818      756E6976 
 819 0106 726F6A65 		.ascii	"roject\\main\\Workspace01\\eylons_project.cydsn\000"
 819      63745C6D 
 819      61696E5C 
 819      576F726B 
 819      73706163 
 820              	.LASF13:
 821 0133 63795F6D 		.ascii	"cy_meta_custnvl\000"
 821      6574615F 
 821      63757374 
 821      6E766C00 
 822              	.LASF12:
 823 0143 63795F6D 		.ascii	"cy_meta_configecc\000"
 823      6574615F 
 823      636F6E66 
 823      69676563 
 823      6300
 824              	.LASF8:
 825 0155 756E7369 		.ascii	"unsigned int\000"
 825      676E6564 
 825      20696E74 
 825      00
 826              	.LASF7:
 827 0162 6C6F6E67 		.ascii	"long long unsigned int\000"
 827      206C6F6E 
 827      6720756E 
 827      7369676E 
 827      65642069 
 828              	.LASF10:
 829 0179 75696E74 		.ascii	"uint8_t\000"
 829      385F7400 
 830              	.LASF15:
 831 0181 63795F6D 		.ascii	"cy_meta_flashprotect\000"
 831      6574615F 
 831      666C6173 
 831      6870726F 
 831      74656374 
 832              	.LASF14:
 833 0196 63795F6D 		.ascii	"cy_meta_wonvl\000"
 833      6574615F 
 833      776F6E76 
 833      6C00
 834              	.LASF11:
 835 01a4 73697A65 		.ascii	"sizetype\000"
 835      74797065 
 835      00
 836              	.LASF6:
 837 01ad 6C6F6E67 		.ascii	"long long int\000"
 837      206C6F6E 
 837      6720696E 
 837      7400
 838              	.LASF2:
 839 01bb 73686F72 		.ascii	"short int\000"
 839      7420696E 
 839      7400
 840              	.LASF4:
ARM GAS  C:\Users\eylonk\AppData\Local\Temp\cccxkYY5.s 			page 17


 841 01c5 6C6F6E67 		.ascii	"long int\000"
 841      20696E74 
 841      00
 842              	.LASF0:
 843 01ce 7369676E 		.ascii	"signed char\000"
 843      65642063 
 843      68617200 
 844              	.LASF18:
 845 01da 47656E65 		.ascii	"Generated_Source\\PSoC5\\cymetadata.c\000"
 845      72617465 
 845      645F536F 
 845      75726365 
 845      5C50536F 
 846              		.ident	"GCC: (GNU Tools for ARM Embedded Processors) 5.4.1 20160609 (release) [ARM/embedded-5-bran
