ARM GAS  C:\Users\eylonk\AppData\Local\Temp\ccUCCRzt.s 			page 1


   1              		.syntax unified
   2              		.cpu cortex-m3
   3              		.fpu softvfp
   4              		.eabi_attribute 20, 1
   5              		.eabi_attribute 21, 1
   6              		.eabi_attribute 23, 3
   7              		.eabi_attribute 24, 1
   8              		.eabi_attribute 25, 1
   9              		.eabi_attribute 26, 1
  10              		.eabi_attribute 30, 1
  11              		.eabi_attribute 34, 1
  12              		.eabi_attribute 18, 4
  13              		.thumb
  14              		.syntax unified
  15              		.file	"main.c"
  16              		.text
  17              	.Ltext0:
  18              		.cfi_sections	.debug_frame
  19              		.section	.text.swt_from_sample_mode_Handler,"ax",%progbits
  20              		.align	2
  21              		.global	swt_from_sample_mode_Handler
  22              		.thumb
  23              		.thumb_func
  24              		.type	swt_from_sample_mode_Handler, %function
  25              	swt_from_sample_mode_Handler:
  26              	.LFB64:
  27              		.file 1 "main.c"
   1:main.c        **** /* ========================================
   2:main.c        ****  *
   3:main.c        ****  * Copyright YOUR COMPANY, THE YEAR
   4:main.c        ****  * All Rights Reserved
   5:main.c        ****  * UNPUBLISHED, LICENSED SOFTWARE.
   6:main.c        ****  *
   7:main.c        ****  * CONFIDENTIAL AND PROPRIETARY INFORMATION
   8:main.c        ****  * WHICH IS THE PROPERTY OF your company.
   9:main.c        ****  *
  10:main.c        ****  * ========================================
  11:main.c        **** */
  12:main.c        **** #include "project.h"
  13:main.c        **** #include <stdio.h>
  14:main.c        **** #include <stdlib.h>
  15:main.c        **** 
  16:main.c        **** enum direction_mode_e {swt_from_sample, swt_to_sample, usb};
  17:main.c        **** enum direction_e      {to_sample = 1, from_sample = 0};
  18:main.c        **** enum state_e          {start, move_to_sample, stay_on_sample, move_from_sample, stay_off_sample};
  19:main.c        **** 
  20:main.c        **** 
  21:main.c        **** const int total_steps     = 1450;
  22:main.c        **** 
  23:main.c        **** const int start_delay     = 750;
  24:main.c        **** const int min_speed_delay = 700;
  25:main.c        **** const int max_speed_delay = 250;
  26:main.c        **** 
  27:main.c        ****  //255 for full power (maximum of 4V) and 0 for the least power (0V)
  28:main.c        **** const int max_vdac_power = 245;
  29:main.c        **** const int min_vdac_power = 0; 
  30:main.c        **** 
ARM GAS  C:\Users\eylonk\AppData\Local\Temp\ccUCCRzt.s 			page 2


  31:main.c        **** const int always_enable_leds = 1; 
  32:main.c        **** 
  33:main.c        **** int  current_delay;
  34:main.c        **** int  current_step = 0;
  35:main.c        **** // Indicates if the current state is the first time the magnet moves, 
  36:main.c        **** // if so, we can't predict the starting location and therefore moving at 
  37:main.c        **** // minimal speed.
  38:main.c        **** int  first_moving_state; 
  39:main.c        **** enum direction_mode_e direction_mode = usb;
  40:main.c        **** enum direction_e      direction      = from_sample;
  41:main.c        **** enum state_e          state          = start;
  42:main.c        **** 
  43:main.c        **** CY_ISR( swt_from_sample_mode_Handler ){
  28              		.loc 1 43 0
  29              		.cfi_startproc
  30              		@ args = 0, pretend = 0, frame = 0
  31              		@ frame_needed = 0, uses_anonymous_args = 0
  32 0000 08B5     		push	{r3, lr}
  33              		.cfi_def_cfa_offset 8
  34              		.cfi_offset 3, -8
  35              		.cfi_offset 14, -4
  44:main.c        ****     swt_from_sample_mode_isr_ClearPending();
  36              		.loc 1 44 0
  37 0002 FFF7FEFF 		bl	swt_from_sample_mode_isr_ClearPending
  38              	.LVL0:
  45:main.c        ****     swt_from_sample_mode_isr_Disable();
  39              		.loc 1 45 0
  40 0006 FFF7FEFF 		bl	swt_from_sample_mode_isr_Disable
  41              	.LVL1:
  46:main.c        ****     mp_led_Write(1);
  42              		.loc 1 46 0
  43 000a 0120     		movs	r0, #1
  44 000c FFF7FEFF 		bl	mp_led_Write
  45              	.LVL2:
  47:main.c        ****     swt_timeout_counter_WriteCounter(0);
  46              		.loc 1 47 0
  47 0010 0020     		movs	r0, #0
  48 0012 FFF7FEFF 		bl	swt_timeout_counter_WriteCounter
  49              	.LVL3:
  48:main.c        ****     direction_mode = usb;
  50              		.loc 1 48 0
  51 0016 0222     		movs	r2, #2
  52 0018 024B     		ldr	r3, .L3
  53 001a 1A70     		strb	r2, [r3]
  49:main.c        ****     swt_from_sample_mode_ClearInterrupt();
  54              		.loc 1 49 0
  55 001c FFF7FEFF 		bl	swt_from_sample_mode_ClearInterrupt
  56              	.LVL4:
  57 0020 08BD     		pop	{r3, pc}
  58              	.L4:
  59 0022 00BF     		.align	2
  60              	.L3:
  61 0024 00000000 		.word	.LANCHOR0
  62              		.cfi_endproc
  63              	.LFE64:
  64              		.size	swt_from_sample_mode_Handler, .-swt_from_sample_mode_Handler
  65              		.section	.text.swt_to_sample_mode_Handler,"ax",%progbits
ARM GAS  C:\Users\eylonk\AppData\Local\Temp\ccUCCRzt.s 			page 3


  66              		.align	2
  67              		.global	swt_to_sample_mode_Handler
  68              		.thumb
  69              		.thumb_func
  70              		.type	swt_to_sample_mode_Handler, %function
  71              	swt_to_sample_mode_Handler:
  72              	.LFB65:
  50:main.c        **** }
  51:main.c        **** 
  52:main.c        **** CY_ISR( swt_to_sample_mode_Handler ){
  73              		.loc 1 52 0
  74              		.cfi_startproc
  75              		@ args = 0, pretend = 0, frame = 0
  76              		@ frame_needed = 0, uses_anonymous_args = 0
  77 0000 08B5     		push	{r3, lr}
  78              		.cfi_def_cfa_offset 8
  79              		.cfi_offset 3, -8
  80              		.cfi_offset 14, -4
  53:main.c        ****     swt_timeout_counter_WriteCounter(0);
  81              		.loc 1 53 0
  82 0002 0020     		movs	r0, #0
  83 0004 FFF7FEFF 		bl	swt_timeout_counter_WriteCounter
  84              	.LVL5:
  54:main.c        ****     direction_mode = swt_to_sample;
  85              		.loc 1 54 0
  86 0008 0122     		movs	r2, #1
  87 000a 024B     		ldr	r3, .L7
  88 000c 1A70     		strb	r2, [r3]
  55:main.c        ****     
  56:main.c        ****     swt_to_sample_mode_ClearInterrupt();
  89              		.loc 1 56 0
  90 000e FFF7FEFF 		bl	swt_to_sample_mode_ClearInterrupt
  91              	.LVL6:
  92 0012 08BD     		pop	{r3, pc}
  93              	.L8:
  94              		.align	2
  95              	.L7:
  96 0014 00000000 		.word	.LANCHOR0
  97              		.cfi_endproc
  98              	.LFE65:
  99              		.size	swt_to_sample_mode_Handler, .-swt_to_sample_mode_Handler
 100              		.section	.text.swt_timeout_counter_Handler,"ax",%progbits
 101              		.align	2
 102              		.global	swt_timeout_counter_Handler
 103              		.thumb
 104              		.thumb_func
 105              		.type	swt_timeout_counter_Handler, %function
 106              	swt_timeout_counter_Handler:
 107              	.LFB66:
  57:main.c        **** }
  58:main.c        **** 
  59:main.c        **** CY_ISR( swt_timeout_counter_Handler ){
 108              		.loc 1 59 0
 109              		.cfi_startproc
 110              		@ args = 0, pretend = 0, frame = 0
 111              		@ frame_needed = 0, uses_anonymous_args = 0
 112 0000 08B5     		push	{r3, lr}
ARM GAS  C:\Users\eylonk\AppData\Local\Temp\ccUCCRzt.s 			page 4


 113              		.cfi_def_cfa_offset 8
 114              		.cfi_offset 3, -8
 115              		.cfi_offset 14, -4
  60:main.c        ****     direction_mode = usb;
 116              		.loc 1 60 0
 117 0002 0222     		movs	r2, #2
 118 0004 024B     		ldr	r3, .L11
 119 0006 1A70     		strb	r2, [r3]
  61:main.c        ****     
  62:main.c        ****     swt_timeout_counter_ReadStatusRegister();
 120              		.loc 1 62 0
 121 0008 FFF7FEFF 		bl	swt_timeout_counter_ReadStatusRegister
 122              	.LVL7:
 123 000c 08BD     		pop	{r3, pc}
 124              	.L12:
 125 000e 00BF     		.align	2
 126              	.L11:
 127 0010 00000000 		.word	.LANCHOR0
 128              		.cfi_endproc
 129              	.LFE66:
 130              		.size	swt_timeout_counter_Handler, .-swt_timeout_counter_Handler
 131              		.section	.text.main,"ax",%progbits
 132              		.align	2
 133              		.global	main
 134              		.thumb
 135              		.thumb_func
 136              		.type	main, %function
 137              	main:
 138              	.LFB67:
  63:main.c        **** }
  64:main.c        **** 
  65:main.c        **** int main(void)
  66:main.c        **** {
 139              		.loc 1 66 0
 140              		.cfi_startproc
 141              		@ Volatile: function does not return.
 142              		@ args = 0, pretend = 0, frame = 0
 143              		@ frame_needed = 0, uses_anonymous_args = 0
 144 0000 08B5     		push	{r3, lr}
 145              		.cfi_def_cfa_offset 8
 146              		.cfi_offset 3, -8
 147              		.cfi_offset 14, -4
  67:main.c        ****     CyGlobalIntEnable; /* Enable global interrupts. */
 148              		.loc 1 67 0
 149              		.syntax unified
 150              	@ 67 "main.c" 1
 151 0002 62B6     		CPSIE   i
 152              	@ 0 "" 2
  68:main.c        ****     mp_led_Write(0);
 153              		.loc 1 68 0
 154              		.thumb
 155              		.syntax unified
 156 0004 0020     		movs	r0, #0
 157 0006 FFF7FEFF 		bl	mp_led_Write
 158              	.LVL8:
  69:main.c        ****     swt_from_sample_mode_isr_StartEx( swt_from_sample_mode_Handler );
 159              		.loc 1 69 0
ARM GAS  C:\Users\eylonk\AppData\Local\Temp\ccUCCRzt.s 			page 5


 160 000a 8C48     		ldr	r0, .L43
 161 000c FFF7FEFF 		bl	swt_from_sample_mode_isr_StartEx
 162              	.LVL9:
  70:main.c        ****     // swt_to_sample_mode_isr_StartEx(   swt_to_sample_mode_Handler   );
  71:main.c        ****     // swt_timeout_counter_isr_StartEx(  swt_timeout_counter_Handler  );
  72:main.c        ****     
  73:main.c        ****     // Starting the DAC used for leds display of magnets location
  74:main.c        ****     // As the magnet is closer to the sample more leds will turn up. 
  75:main.c        ****     VDAC8_1_Start();
 163              		.loc 1 75 0
 164 0010 FFF7FEFF 		bl	VDAC8_1_Start
 165              	.LVL10:
  76:main.c        ****     
  77:main.c        ****     swt_timeout_counter_Start();
 166              		.loc 1 77 0
 167 0014 FFF7FEFF 		bl	swt_timeout_counter_Start
 168              	.LVL11:
  78:main.c        ****     PWM_swt_mode_select_Start();
 169              		.loc 1 78 0
 170 0018 FFF7FEFF 		bl	PWM_swt_mode_select_Start
 171              	.LVL12:
  79:main.c        ****     PWM_1_Start();
 172              		.loc 1 79 0
 173 001c FFF7FEFF 		bl	PWM_1_Start
 174              	.LVL13:
  80:main.c        ****     Opamp_1_Start();
 175              		.loc 1 80 0
 176 0020 FFF7FEFF 		bl	Opamp_1_Start
 177              	.LVL14:
  81:main.c        ****     Opamp_1_Init();
 178              		.loc 1 81 0
 179 0024 FFF7FEFF 		bl	Opamp_1_Init
 180              	.LVL15:
 181              	.L14:
  82:main.c        ****     
  83:main.c        ****     for(;;)
  84:main.c        ****     {
  85:main.c        ****         mp_led_Write(0);
 182              		.loc 1 85 0
 183 0028 0020     		movs	r0, #0
 184 002a FFF7FEFF 		bl	mp_led_Write
 185              	.LVL16:
  86:main.c        ****         
  87:main.c        ****         switch(direction_mode){
 186              		.loc 1 87 0
 187 002e 844B     		ldr	r3, .L43+4
 188 0030 1B78     		ldrb	r3, [r3]	@ zero_extendqisi2
 189 0032 012B     		cmp	r3, #1
 190 0034 07D0     		beq	.L17
 191 0036 13B1     		cbz	r3, .L18
 192 0038 022B     		cmp	r3, #2
 193 003a 08D0     		beq	.L19
 194 003c 0BE0     		b	.L16
 195              	.L18:
  88:main.c        ****             case swt_from_sample:
  89:main.c        ****                 direction = from_sample;
 196              		.loc 1 89 0
ARM GAS  C:\Users\eylonk\AppData\Local\Temp\ccUCCRzt.s 			page 6


 197 003e 0022     		movs	r2, #0
 198 0040 804B     		ldr	r3, .L43+8
 199 0042 1A70     		strb	r2, [r3]
  90:main.c        ****             break;
 200              		.loc 1 90 0
 201 0044 07E0     		b	.L16
 202              	.L17:
  91:main.c        ****             
  92:main.c        ****             case swt_to_sample:
  93:main.c        ****                 direction = to_sample;
 203              		.loc 1 93 0
 204 0046 0122     		movs	r2, #1
 205 0048 7E4B     		ldr	r3, .L43+8
 206 004a 1A70     		strb	r2, [r3]
  94:main.c        ****             break;
 207              		.loc 1 94 0
 208 004c 03E0     		b	.L16
 209              	.L19:
  95:main.c        ****             
  96:main.c        ****             case usb:
  97:main.c        ****                 direction = operation_input_Read();
 210              		.loc 1 97 0
 211 004e FFF7FEFF 		bl	operation_input_Read
 212              	.LVL17:
 213 0052 7C4B     		ldr	r3, .L43+8
 214 0054 1870     		strb	r0, [r3]
 215              	.L16:
  98:main.c        ****             break;
  99:main.c        ****         }
 100:main.c        ****         
 101:main.c        ****         switch(state){
 216              		.loc 1 101 0
 217 0056 7B4B     		ldr	r3, .L43+8
 218 0058 5B78     		ldrb	r3, [r3, #1]	@ zero_extendqisi2
 219 005a 042B     		cmp	r3, #4
 220 005c E4D8     		bhi	.L14
 221 005e DFE813F0 		tbh	[pc, r3, lsl #1]
 222              	.L21:
 223 0062 0500     		.2byte	(.L20-.L21)/2
 224 0064 1300     		.2byte	(.L22-.L21)/2
 225 0066 7500     		.2byte	(.L23-.L21)/2
 226 0068 8100     		.2byte	(.L24-.L21)/2
 227 006a E000     		.2byte	(.L25-.L21)/2
 228              		.p2align 1
 229              	.L20:
 102:main.c        ****             case start:
 103:main.c        ****                 // On the start state we will always go away from the sample
 104:main.c        ****                 // regardless of direction input.
 105:main.c        ****                 if (direction == from_sample){
 230              		.loc 1 105 0
 231 006c 754B     		ldr	r3, .L43+8
 232 006e 1B78     		ldrb	r3, [r3]	@ zero_extendqisi2
 233 0070 1BB9     		cbnz	r3, .L26
 106:main.c        ****                     state = move_from_sample;
 234              		.loc 1 106 0
 235 0072 0322     		movs	r2, #3
 236 0074 734B     		ldr	r3, .L43+8
ARM GAS  C:\Users\eylonk\AppData\Local\Temp\ccUCCRzt.s 			page 7


 237 0076 5A70     		strb	r2, [r3, #1]
 238 0078 02E0     		b	.L27
 239              	.L26:
 107:main.c        ****                 } else{
 108:main.c        ****                     state = move_to_sample;
 240              		.loc 1 108 0
 241 007a 0122     		movs	r2, #1
 242 007c 714B     		ldr	r3, .L43+8
 243 007e 5A70     		strb	r2, [r3, #1]
 244              	.L27:
 109:main.c        ****                 }
 110:main.c        ****                 first_moving_state = 1;  // first move =1  ;  not first move =0
 245              		.loc 1 110 0
 246 0080 0122     		movs	r2, #1
 247 0082 714B     		ldr	r3, .L43+12
 248 0084 1A60     		str	r2, [r3]
 111:main.c        ****                 break;
 249              		.loc 1 111 0
 250 0086 CFE7     		b	.L14
 251              	.L22:
 112:main.c        **** 
 113:main.c        ****             case move_to_sample:
 114:main.c        ****                 direction_out_Write(to_sample);
 252              		.loc 1 114 0
 253 0088 0120     		movs	r0, #1
 254 008a FFF7FEFF 		bl	direction_out_Write
 255              	.LVL18:
 115:main.c        ****                 pulse_out_Write(~ pulse_out_Read());
 256              		.loc 1 115 0
 257 008e FFF7FEFF 		bl	pulse_out_Read
 258              	.LVL19:
 259 0092 C043     		mvns	r0, r0
 260 0094 C0B2     		uxtb	r0, r0
 261 0096 FFF7FEFF 		bl	pulse_out_Write
 262              	.LVL20:
 116:main.c        ****                 if (first_moving_state == 1){
 263              		.loc 1 116 0
 264 009a 6B4B     		ldr	r3, .L43+12
 265 009c 1B68     		ldr	r3, [r3]
 266 009e 012B     		cmp	r3, #1
 267 00a0 04D1     		bne	.L28
 117:main.c        ****                     current_delay = start_delay;
 268              		.loc 1 117 0
 269 00a2 40F2EE22 		movw	r2, #750
 270 00a6 694B     		ldr	r3, .L43+16
 271 00a8 1A60     		str	r2, [r3]
 272 00aa 40E0     		b	.L29
 273              	.L28:
 118:main.c        ****                 } else{ // The magnet is on the "from_sample" sensor and needs to move to the "samp
 119:main.c        ****                     if (current_step < total_steps){
 274              		.loc 1 119 0
 275 00ac 654B     		ldr	r3, .L43+8
 276 00ae 5A68     		ldr	r2, [r3, #4]
 277 00b0 40F2A953 		movw	r3, #1449
 278 00b4 9A42     		cmp	r2, r3
 279 00b6 32DC     		bgt	.L30
 120:main.c        ****                         VDAC8_1_SetValue(max_vdac_power - (int)(current_step*max_vdac_power/total_s
ARM GAS  C:\Users\eylonk\AppData\Local\Temp\ccUCCRzt.s 			page 8


 280              		.loc 1 120 0
 281 00b8 F523     		movs	r3, #245
 282 00ba 03FB02F3 		mul	r3, r3, r2
 283 00be 6448     		ldr	r0, .L43+20
 284 00c0 80FB0320 		smull	r2, r0, r0, r3
 285 00c4 DB17     		asrs	r3, r3, #31
 286 00c6 C3EB6020 		rsb	r0, r3, r0, asr #9
 287 00ca C0F1F500 		rsb	r0, r0, #245
 288 00ce C0B2     		uxtb	r0, r0
 289 00d0 FFF7FEFF 		bl	VDAC8_1_SetValue
 290              	.LVL21:
 121:main.c        ****                         if (current_step > total_steps - 50){
 291              		.loc 1 121 0
 292 00d4 5B4B     		ldr	r3, .L43+8
 293 00d6 5B68     		ldr	r3, [r3, #4]
 294 00d8 B3F5AF6F 		cmp	r3, #1400
 295 00dc 03DD     		ble	.L31
 122:main.c        ****                             leds_enable_Write(always_enable_leds);
 296              		.loc 1 122 0
 297 00de 0120     		movs	r0, #1
 298 00e0 FFF7FEFF 		bl	leds_enable_Write
 299              	.LVL22:
 300 00e4 02E0     		b	.L32
 301              	.L31:
 123:main.c        ****                         } else{
 124:main.c        ****                             leds_enable_Write(1);
 302              		.loc 1 124 0
 303 00e6 0120     		movs	r0, #1
 304 00e8 FFF7FEFF 		bl	leds_enable_Write
 305              	.LVL23:
 306              	.L32:
 125:main.c        ****                         }
 126:main.c        ****                         
 127:main.c        ****                         current_delay = abs((total_steps/2)-current_step);
 307              		.loc 1 127 0
 308 00ec 554B     		ldr	r3, .L43+8
 309 00ee 5B68     		ldr	r3, [r3, #4]
 310 00f0 C3F53573 		rsb	r3, r3, #724
 311 00f4 0133     		adds	r3, r3, #1
 312 00f6 002B     		cmp	r3, #0
 313 00f8 B8BF     		it	lt
 314 00fa 5B42     		rsblt	r3, r3, #0
 315 00fc 534A     		ldr	r2, .L43+16
 316 00fe 1360     		str	r3, [r2]
 128:main.c        ****                         if (current_delay > min_speed_delay){
 317              		.loc 1 128 0
 318 0100 B3F52F7F 		cmp	r3, #700
 319 0104 03DD     		ble	.L33
 129:main.c        ****                             current_delay = min_speed_delay;
 320              		.loc 1 129 0
 321 0106 4FF42F72 		mov	r2, #700
 322 010a 504B     		ldr	r3, .L43+16
 323 010c 1A60     		str	r2, [r3]
 324              	.L33:
 130:main.c        ****                         }
 131:main.c        ****                         if (current_delay < max_speed_delay){
 325              		.loc 1 131 0
ARM GAS  C:\Users\eylonk\AppData\Local\Temp\ccUCCRzt.s 			page 9


 326 010e 4F4B     		ldr	r3, .L43+16
 327 0110 1B68     		ldr	r3, [r3]
 328 0112 F92B     		cmp	r3, #249
 329 0114 07DC     		bgt	.L34
 132:main.c        ****                             current_delay = max_speed_delay;
 330              		.loc 1 132 0
 331 0116 FA22     		movs	r2, #250
 332 0118 4C4B     		ldr	r3, .L43+16
 333 011a 1A60     		str	r2, [r3]
 334 011c 03E0     		b	.L34
 335              	.L30:
 133:main.c        ****                         }
 134:main.c        ****                     } else{ // Passed the total steps, we assume that if we reach here we are close
 135:main.c        ****                         current_delay = min_speed_delay;
 336              		.loc 1 135 0
 337 011e 4FF42F72 		mov	r2, #700
 338 0122 4A4B     		ldr	r3, .L43+16
 339 0124 1A60     		str	r2, [r3]
 340              	.L34:
 136:main.c        ****                     }
 137:main.c        ****                     current_step++;
 341              		.loc 1 137 0
 342 0126 474A     		ldr	r2, .L43+8
 343 0128 5368     		ldr	r3, [r2, #4]
 344 012a 0133     		adds	r3, r3, #1
 345 012c 5360     		str	r3, [r2, #4]
 346              	.L29:
 138:main.c        ****                 }
 139:main.c        ****                 CyDelayUs(current_delay);
 347              		.loc 1 139 0
 348 012e 474B     		ldr	r3, .L43+16
 349 0130 1888     		ldrh	r0, [r3]
 350 0132 FFF7FEFF 		bl	CyDelayUs
 351              	.LVL24:
 140:main.c        ****                 if (sensor_right_Read() == 0){   // TODO change the name of the pin.
 352              		.loc 1 140 0
 353 0136 FFF7FEFF 		bl	sensor_right_Read
 354              	.LVL25:
 355 013a 0028     		cmp	r0, #0
 356 013c 7FF474AF 		bne	.L14
 141:main.c        ****                     current_step = 0;
 357              		.loc 1 141 0
 358 0140 404B     		ldr	r3, .L43+8
 359 0142 0022     		movs	r2, #0
 360 0144 5A60     		str	r2, [r3, #4]
 142:main.c        ****                     state = stay_on_sample;
 361              		.loc 1 142 0
 362 0146 0222     		movs	r2, #2
 363 0148 5A70     		strb	r2, [r3, #1]
 364 014a 6DE7     		b	.L14
 365              	.L23:
 143:main.c        ****                 }
 144:main.c        ****               break;
 145:main.c        ****             
 146:main.c        ****             case stay_on_sample:
 147:main.c        ****                 if (direction == from_sample){
 366              		.loc 1 147 0
ARM GAS  C:\Users\eylonk\AppData\Local\Temp\ccUCCRzt.s 			page 10


 367 014c 3D4B     		ldr	r3, .L43+8
 368 014e 1B78     		ldrb	r3, [r3]	@ zero_extendqisi2
 369 0150 002B     		cmp	r3, #0
 370 0152 7FF469AF 		bne	.L14
 148:main.c        ****                     first_moving_state = 0;
 371              		.loc 1 148 0
 372 0156 0022     		movs	r2, #0
 373 0158 3B4B     		ldr	r3, .L43+12
 374 015a 1A60     		str	r2, [r3]
 149:main.c        ****                     state = move_from_sample;
 375              		.loc 1 149 0
 376 015c 0322     		movs	r2, #3
 377 015e 394B     		ldr	r3, .L43+8
 378 0160 5A70     		strb	r2, [r3, #1]
 379 0162 61E7     		b	.L14
 380              	.L24:
 150:main.c        ****                 }
 151:main.c        ****               break;
 152:main.c        ****             
 153:main.c        ****             case move_from_sample:
 154:main.c        ****                 direction_out_Write(from_sample);
 381              		.loc 1 154 0
 382 0164 0020     		movs	r0, #0
 383 0166 FFF7FEFF 		bl	direction_out_Write
 384              	.LVL26:
 155:main.c        ****                 pulse_out_Write(~ pulse_out_Read());
 385              		.loc 1 155 0
 386 016a FFF7FEFF 		bl	pulse_out_Read
 387              	.LVL27:
 388 016e C043     		mvns	r0, r0
 389 0170 C0B2     		uxtb	r0, r0
 390 0172 FFF7FEFF 		bl	pulse_out_Write
 391              	.LVL28:
 156:main.c        ****                 if (first_moving_state == 1){
 392              		.loc 1 156 0
 393 0176 344B     		ldr	r3, .L43+12
 394 0178 1B68     		ldr	r3, [r3]
 395 017a 012B     		cmp	r3, #1
 396 017c 04D1     		bne	.L35
 157:main.c        ****                     current_delay = start_delay;
 397              		.loc 1 157 0
 398 017e 40F2EE22 		movw	r2, #750
 399 0182 324B     		ldr	r3, .L43+16
 400 0184 1A60     		str	r2, [r3]
 401 0186 3DE0     		b	.L36
 402              	.L35:
 158:main.c        ****                 } else{ // The magnet is on the right sensor and needs to move to the left one.
 159:main.c        ****                     if (current_step < total_steps){
 403              		.loc 1 159 0
 404 0188 2E4B     		ldr	r3, .L43+8
 405 018a 5A68     		ldr	r2, [r3, #4]
 406 018c 40F2A953 		movw	r3, #1449
 407 0190 9A42     		cmp	r2, r3
 408 0192 2FDC     		bgt	.L37
 160:main.c        ****                         VDAC8_1_SetValue((int)(current_step*max_vdac_power/total_steps));
 409              		.loc 1 160 0
 410 0194 F523     		movs	r3, #245
ARM GAS  C:\Users\eylonk\AppData\Local\Temp\ccUCCRzt.s 			page 11


 411 0196 03FB02F3 		mul	r3, r3, r2
 412 019a 2D48     		ldr	r0, .L43+20
 413 019c 80FB0320 		smull	r2, r0, r0, r3
 414 01a0 DB17     		asrs	r3, r3, #31
 415 01a2 C3EB6020 		rsb	r0, r3, r0, asr #9
 416 01a6 C0B2     		uxtb	r0, r0
 417 01a8 FFF7FEFF 		bl	VDAC8_1_SetValue
 418              	.LVL29:
 161:main.c        ****                         if (current_step < 50){
 419              		.loc 1 161 0
 420 01ac 254B     		ldr	r3, .L43+8
 421 01ae 5B68     		ldr	r3, [r3, #4]
 422 01b0 312B     		cmp	r3, #49
 423 01b2 03DC     		bgt	.L38
 162:main.c        ****                             leds_enable_Write(always_enable_leds);
 424              		.loc 1 162 0
 425 01b4 0120     		movs	r0, #1
 426 01b6 FFF7FEFF 		bl	leds_enable_Write
 427              	.LVL30:
 428 01ba 02E0     		b	.L39
 429              	.L38:
 163:main.c        ****                         } else{
 164:main.c        ****                             leds_enable_Write(1);
 430              		.loc 1 164 0
 431 01bc 0120     		movs	r0, #1
 432 01be FFF7FEFF 		bl	leds_enable_Write
 433              	.LVL31:
 434              	.L39:
 165:main.c        ****                         }
 166:main.c        ****                         
 167:main.c        ****                         current_delay = abs((total_steps/2)-current_step);
 435              		.loc 1 167 0
 436 01c2 204B     		ldr	r3, .L43+8
 437 01c4 5B68     		ldr	r3, [r3, #4]
 438 01c6 C3F53573 		rsb	r3, r3, #724
 439 01ca 0133     		adds	r3, r3, #1
 440 01cc 002B     		cmp	r3, #0
 441 01ce B8BF     		it	lt
 442 01d0 5B42     		rsblt	r3, r3, #0
 443 01d2 1E4A     		ldr	r2, .L43+16
 444 01d4 1360     		str	r3, [r2]
 168:main.c        ****                         if (current_delay > min_speed_delay){
 445              		.loc 1 168 0
 446 01d6 B3F52F7F 		cmp	r3, #700
 447 01da 03DD     		ble	.L40
 169:main.c        ****                             current_delay = min_speed_delay;
 448              		.loc 1 169 0
 449 01dc 4FF42F72 		mov	r2, #700
 450 01e0 1A4B     		ldr	r3, .L43+16
 451 01e2 1A60     		str	r2, [r3]
 452              	.L40:
 170:main.c        ****                         }
 171:main.c        ****                         if (current_delay < max_speed_delay){
 453              		.loc 1 171 0
 454 01e4 194B     		ldr	r3, .L43+16
 455 01e6 1B68     		ldr	r3, [r3]
 456 01e8 F92B     		cmp	r3, #249
ARM GAS  C:\Users\eylonk\AppData\Local\Temp\ccUCCRzt.s 			page 12


 457 01ea 07DC     		bgt	.L41
 172:main.c        ****                             current_delay = max_speed_delay;
 458              		.loc 1 172 0
 459 01ec FA22     		movs	r2, #250
 460 01ee 174B     		ldr	r3, .L43+16
 461 01f0 1A60     		str	r2, [r3]
 462 01f2 03E0     		b	.L41
 463              	.L37:
 173:main.c        ****                         }
 174:main.c        ****                     } else{ // Passed the total steps, we assume that if we reach here we are close
 175:main.c        ****                         current_delay = min_speed_delay;
 464              		.loc 1 175 0
 465 01f4 4FF42F72 		mov	r2, #700
 466 01f8 144B     		ldr	r3, .L43+16
 467 01fa 1A60     		str	r2, [r3]
 468              	.L41:
 176:main.c        ****                     }
 177:main.c        ****                     current_step++;
 469              		.loc 1 177 0
 470 01fc 114A     		ldr	r2, .L43+8
 471 01fe 5368     		ldr	r3, [r2, #4]
 472 0200 0133     		adds	r3, r3, #1
 473 0202 5360     		str	r3, [r2, #4]
 474              	.L36:
 178:main.c        ****                 }
 179:main.c        ****                 CyDelayUs(current_delay);
 475              		.loc 1 179 0
 476 0204 114B     		ldr	r3, .L43+16
 477 0206 1888     		ldrh	r0, [r3]
 478 0208 FFF7FEFF 		bl	CyDelayUs
 479              	.LVL32:
 180:main.c        ****                 if (sensor_left_Read() == 0){
 480              		.loc 1 180 0
 481 020c FFF7FEFF 		bl	sensor_left_Read
 482              	.LVL33:
 483 0210 0028     		cmp	r0, #0
 484 0212 7FF409AF 		bne	.L14
 181:main.c        ****                         current_step = 0;
 485              		.loc 1 181 0
 486 0216 0B4B     		ldr	r3, .L43+8
 487 0218 0022     		movs	r2, #0
 488 021a 5A60     		str	r2, [r3, #4]
 182:main.c        ****                         state = stay_off_sample;
 489              		.loc 1 182 0
 490 021c 0422     		movs	r2, #4
 491 021e 5A70     		strb	r2, [r3, #1]
 492 0220 02E7     		b	.L14
 493              	.L25:
 183:main.c        ****                     }
 184:main.c        ****               break;
 185:main.c        ****             
 186:main.c        ****             case stay_off_sample:
 187:main.c        ****               if (direction == to_sample){
 494              		.loc 1 187 0
 495 0222 084B     		ldr	r3, .L43+8
 496 0224 1B78     		ldrb	r3, [r3]	@ zero_extendqisi2
 497 0226 012B     		cmp	r3, #1
ARM GAS  C:\Users\eylonk\AppData\Local\Temp\ccUCCRzt.s 			page 13


 498 0228 7FF4FEAE 		bne	.L14
 188:main.c        ****                     first_moving_state = 0;
 499              		.loc 1 188 0
 500 022c 0022     		movs	r2, #0
 501 022e 064B     		ldr	r3, .L43+12
 502 0230 1A60     		str	r2, [r3]
 189:main.c        ****                     state = move_to_sample;
 503              		.loc 1 189 0
 504 0232 0122     		movs	r2, #1
 505 0234 034B     		ldr	r3, .L43+8
 506 0236 5A70     		strb	r2, [r3, #1]
 507 0238 F6E6     		b	.L14
 508              	.L44:
 509 023a 00BF     		.align	2
 510              	.L43:
 511 023c 00000000 		.word	swt_from_sample_mode_Handler
 512 0240 00000000 		.word	.LANCHOR0
 513 0244 00000000 		.word	.LANCHOR1
 514 0248 00000000 		.word	first_moving_state
 515 024c 00000000 		.word	current_delay
 516 0250 D3FC645A 		.word	1516567763
 517              		.cfi_endproc
 518              	.LFE67:
 519              		.size	main, .-main
 520              		.global	state
 521              		.global	direction
 522              		.global	direction_mode
 523              		.comm	first_moving_state,4,4
 524              		.global	current_step
 525              		.comm	current_delay,4,4
 526              		.global	always_enable_leds
 527              		.global	min_vdac_power
 528              		.global	max_vdac_power
 529              		.global	max_speed_delay
 530              		.global	min_speed_delay
 531              		.global	start_delay
 532              		.global	total_steps
 533              		.section	.rodata
 534              		.align	2
 535              		.type	always_enable_leds, %object
 536              		.size	always_enable_leds, 4
 537              	always_enable_leds:
 538 0000 01000000 		.word	1
 539              		.type	min_vdac_power, %object
 540              		.size	min_vdac_power, 4
 541              	min_vdac_power:
 542 0004 00000000 		.space	4
 543              		.type	max_vdac_power, %object
 544              		.size	max_vdac_power, 4
 545              	max_vdac_power:
 546 0008 F5000000 		.word	245
 547              		.type	max_speed_delay, %object
 548              		.size	max_speed_delay, 4
 549              	max_speed_delay:
 550 000c FA000000 		.word	250
 551              		.type	min_speed_delay, %object
 552              		.size	min_speed_delay, 4
ARM GAS  C:\Users\eylonk\AppData\Local\Temp\ccUCCRzt.s 			page 14


 553              	min_speed_delay:
 554 0010 BC020000 		.word	700
 555              		.type	start_delay, %object
 556              		.size	start_delay, 4
 557              	start_delay:
 558 0014 EE020000 		.word	750
 559              		.type	total_steps, %object
 560              		.size	total_steps, 4
 561              	total_steps:
 562 0018 AA050000 		.word	1450
 563              		.data
 564              		.set	.LANCHOR0,. + 0
 565              		.type	direction_mode, %object
 566              		.size	direction_mode, 1
 567              	direction_mode:
 568 0000 02       		.byte	2
 569              		.bss
 570              		.align	2
 571              		.set	.LANCHOR1,. + 0
 572              		.type	direction, %object
 573              		.size	direction, 1
 574              	direction:
 575 0000 00       		.space	1
 576              		.type	state, %object
 577              		.size	state, 1
 578              	state:
 579 0001 00       		.space	1
 580 0002 0000     		.space	2
 581              		.type	current_step, %object
 582              		.size	current_step, 4
 583              	current_step:
 584 0004 00000000 		.space	4
 585              		.text
 586              	.Letext0:
 587              		.file 2 "c:\\program files (x86)\\cypress\\psoc creator\\4.4\\psoc creator\\import\\gnu\\arm\\5.4.
 588              		.file 3 "c:\\program files (x86)\\cypress\\psoc creator\\4.4\\psoc creator\\import\\gnu\\arm\\5.4.
 589              		.file 4 "Generated_Source\\PSoC5/core_cm3.h"
 590              		.file 5 "Generated_Source\\PSoC5/swt_from_sample_mode_isr.h"
 591              		.file 6 "Generated_Source\\PSoC5/mp_led.h"
 592              		.file 7 "Generated_Source\\PSoC5/swt_timeout_counter.h"
 593              		.file 8 "Generated_Source\\PSoC5/swt_from_sample_mode.h"
 594              		.file 9 "Generated_Source\\PSoC5/swt_to_sample_mode.h"
 595              		.file 10 "Generated_Source\\PSoC5/VDAC8_1.h"
 596              		.file 11 "Generated_Source\\PSoC5/PWM_swt_mode_select.h"
 597              		.file 12 "Generated_Source\\PSoC5/PWM_1.h"
 598              		.file 13 "Generated_Source\\PSoC5/Opamp_1.h"
 599              		.file 14 "Generated_Source\\PSoC5/operation_input.h"
 600              		.file 15 "Generated_Source\\PSoC5/direction_out.h"
 601              		.file 16 "Generated_Source\\PSoC5/pulse_out.h"
 602              		.file 17 "Generated_Source\\PSoC5/leds_enable.h"
 603              		.file 18 "Generated_Source\\PSoC5/CyLib.h"
 604              		.file 19 "Generated_Source\\PSoC5/sensor_right.h"
 605              		.file 20 "Generated_Source\\PSoC5/sensor_left.h"
 606              		.section	.debug_info,"",%progbits
 607              	.Ldebug_info0:
 608 0000 0A050000 		.4byte	0x50a
 609 0004 0400     		.2byte	0x4
ARM GAS  C:\Users\eylonk\AppData\Local\Temp\ccUCCRzt.s 			page 15


 610 0006 00000000 		.4byte	.Ldebug_abbrev0
 611 000a 04       		.byte	0x4
 612 000b 01       		.uleb128 0x1
 613 000c BB040000 		.4byte	.LASF68
 614 0010 0C       		.byte	0xc
 615 0011 EE030000 		.4byte	.LASF69
 616 0015 DD020000 		.4byte	.LASF70
 617 0019 00000000 		.4byte	.Ldebug_ranges0+0
 618 001d 00000000 		.4byte	0
 619 0021 00000000 		.4byte	.Ldebug_line0
 620 0025 02       		.uleb128 0x2
 621 0026 01       		.byte	0x1
 622 0027 06       		.byte	0x6
 623 0028 7A020000 		.4byte	.LASF0
 624 002c 02       		.uleb128 0x2
 625 002d 01       		.byte	0x1
 626 002e 08       		.byte	0x8
 627 002f 44020000 		.4byte	.LASF1
 628 0033 02       		.uleb128 0x2
 629 0034 02       		.byte	0x2
 630 0035 05       		.byte	0x5
 631 0036 39000000 		.4byte	.LASF2
 632 003a 02       		.uleb128 0x2
 633 003b 02       		.byte	0x2
 634 003c 07       		.byte	0x7
 635 003d 3F030000 		.4byte	.LASF3
 636 0041 03       		.uleb128 0x3
 637 0042 5C040000 		.4byte	.LASF9
 638 0046 02       		.byte	0x2
 639 0047 3F       		.byte	0x3f
 640 0048 4C000000 		.4byte	0x4c
 641 004c 02       		.uleb128 0x2
 642 004d 04       		.byte	0x4
 643 004e 05       		.byte	0x5
 644 004f 9F010000 		.4byte	.LASF4
 645 0053 02       		.uleb128 0x2
 646 0054 04       		.byte	0x4
 647 0055 07       		.byte	0x7
 648 0056 F5030000 		.4byte	.LASF5
 649 005a 02       		.uleb128 0x2
 650 005b 08       		.byte	0x8
 651 005c 05       		.byte	0x5
 652 005d 80010000 		.4byte	.LASF6
 653 0061 02       		.uleb128 0x2
 654 0062 08       		.byte	0x8
 655 0063 07       		.byte	0x7
 656 0064 86020000 		.4byte	.LASF7
 657 0068 04       		.uleb128 0x4
 658 0069 04       		.byte	0x4
 659 006a 05       		.byte	0x5
 660 006b 696E7400 		.ascii	"int\000"
 661 006f 02       		.uleb128 0x2
 662 0070 04       		.byte	0x4
 663 0071 07       		.byte	0x7
 664 0072 9D020000 		.4byte	.LASF8
 665 0076 03       		.uleb128 0x3
 666 0077 B9030000 		.4byte	.LASF10
ARM GAS  C:\Users\eylonk\AppData\Local\Temp\ccUCCRzt.s 			page 16


 667 007b 03       		.byte	0x3
 668 007c 2C       		.byte	0x2c
 669 007d 41000000 		.4byte	0x41
 670 0081 02       		.uleb128 0x2
 671 0082 04       		.byte	0x4
 672 0083 04       		.byte	0x4
 673 0084 6D010000 		.4byte	.LASF11
 674 0088 02       		.uleb128 0x2
 675 0089 08       		.byte	0x8
 676 008a 04       		.byte	0x4
 677 008b 21040000 		.4byte	.LASF12
 678 008f 02       		.uleb128 0x2
 679 0090 01       		.byte	0x1
 680 0091 08       		.byte	0x8
 681 0092 94030000 		.4byte	.LASF13
 682 0096 02       		.uleb128 0x2
 683 0097 08       		.byte	0x8
 684 0098 04       		.byte	0x4
 685 0099 1F020000 		.4byte	.LASF14
 686 009d 02       		.uleb128 0x2
 687 009e 04       		.byte	0x4
 688 009f 07       		.byte	0x7
 689 00a0 65000000 		.4byte	.LASF15
 690 00a4 05       		.uleb128 0x5
 691 00a5 CC020000 		.4byte	.LASF18
 692 00a9 01       		.byte	0x1
 693 00aa 2C000000 		.4byte	0x2c
 694 00ae 01       		.byte	0x1
 695 00af 10       		.byte	0x10
 696 00b0 C7000000 		.4byte	0xc7
 697 00b4 06       		.uleb128 0x6
 698 00b5 A9030000 		.4byte	.LASF16
 699 00b9 00       		.byte	0
 700 00ba 06       		.uleb128 0x6
 701 00bb 04020000 		.4byte	.LASF17
 702 00bf 01       		.byte	0x1
 703 00c0 07       		.uleb128 0x7
 704 00c1 75736200 		.ascii	"usb\000"
 705 00c5 02       		.byte	0x2
 706 00c6 00       		.byte	0
 707 00c7 05       		.uleb128 0x5
 708 00c8 52020000 		.4byte	.LASF19
 709 00cc 01       		.byte	0x1
 710 00cd 2C000000 		.4byte	0x2c
 711 00d1 01       		.byte	0x1
 712 00d2 11       		.byte	0x11
 713 00d3 E4000000 		.4byte	0xe4
 714 00d7 06       		.uleb128 0x6
 715 00d8 2F010000 		.4byte	.LASF20
 716 00dc 01       		.byte	0x1
 717 00dd 06       		.uleb128 0x6
 718 00de 50040000 		.4byte	.LASF21
 719 00e2 00       		.byte	0
 720 00e3 00       		.byte	0
 721 00e4 05       		.uleb128 0x5
 722 00e5 66040000 		.4byte	.LASF22
 723 00e9 01       		.byte	0x1
ARM GAS  C:\Users\eylonk\AppData\Local\Temp\ccUCCRzt.s 			page 17


 724 00ea 2C000000 		.4byte	0x2c
 725 00ee 01       		.byte	0x1
 726 00ef 12       		.byte	0x12
 727 00f0 13010000 		.4byte	0x113
 728 00f4 06       		.uleb128 0x6
 729 00f5 39030000 		.4byte	.LASF23
 730 00f9 00       		.byte	0
 731 00fa 06       		.uleb128 0x6
 732 00fb 7D040000 		.4byte	.LASF24
 733 00ff 01       		.byte	0x1
 734 0100 06       		.uleb128 0x6
 735 0101 CF030000 		.4byte	.LASF25
 736 0105 02       		.byte	0x2
 737 0106 06       		.uleb128 0x6
 738 0107 ED010000 		.4byte	.LASF26
 739 010b 03       		.byte	0x3
 740 010c 06       		.uleb128 0x6
 741 010d 99030000 		.4byte	.LASF27
 742 0111 04       		.byte	0x4
 743 0112 00       		.byte	0
 744 0113 08       		.uleb128 0x8
 745 0114 6E000000 		.4byte	.LASF28
 746 0118 01       		.byte	0x1
 747 0119 2B       		.byte	0x2b
 748 011a 00000000 		.4byte	.LFB64
 749 011e 28000000 		.4byte	.LFE64-.LFB64
 750 0122 01       		.uleb128 0x1
 751 0123 9C       		.byte	0x9c
 752 0124 6A010000 		.4byte	0x16a
 753 0128 09       		.uleb128 0x9
 754 0129 06000000 		.4byte	.LVL0
 755 012d 10040000 		.4byte	0x410
 756 0131 09       		.uleb128 0x9
 757 0132 0A000000 		.4byte	.LVL1
 758 0136 1B040000 		.4byte	0x41b
 759 013a 0A       		.uleb128 0xa
 760 013b 10000000 		.4byte	.LVL2
 761 013f 26040000 		.4byte	0x426
 762 0143 4D010000 		.4byte	0x14d
 763 0147 0B       		.uleb128 0xb
 764 0148 01       		.uleb128 0x1
 765 0149 50       		.byte	0x50
 766 014a 01       		.uleb128 0x1
 767 014b 31       		.byte	0x31
 768 014c 00       		.byte	0
 769 014d 0A       		.uleb128 0xa
 770 014e 16000000 		.4byte	.LVL3
 771 0152 31040000 		.4byte	0x431
 772 0156 60010000 		.4byte	0x160
 773 015a 0B       		.uleb128 0xb
 774 015b 01       		.uleb128 0x1
 775 015c 50       		.byte	0x50
 776 015d 01       		.uleb128 0x1
 777 015e 30       		.byte	0x30
 778 015f 00       		.byte	0
 779 0160 09       		.uleb128 0x9
 780 0161 20000000 		.4byte	.LVL4
ARM GAS  C:\Users\eylonk\AppData\Local\Temp\ccUCCRzt.s 			page 18


 781 0165 3C040000 		.4byte	0x43c
 782 0169 00       		.byte	0
 783 016a 08       		.uleb128 0x8
 784 016b 35040000 		.4byte	.LASF29
 785 016f 01       		.byte	0x1
 786 0170 34       		.byte	0x34
 787 0171 00000000 		.4byte	.LFB65
 788 0175 18000000 		.4byte	.LFE65-.LFB65
 789 0179 01       		.uleb128 0x1
 790 017a 9C       		.byte	0x9c
 791 017b 9C010000 		.4byte	0x19c
 792 017f 0A       		.uleb128 0xa
 793 0180 08000000 		.4byte	.LVL5
 794 0184 31040000 		.4byte	0x431
 795 0188 92010000 		.4byte	0x192
 796 018c 0B       		.uleb128 0xb
 797 018d 01       		.uleb128 0x1
 798 018e 50       		.byte	0x50
 799 018f 01       		.uleb128 0x1
 800 0190 30       		.byte	0x30
 801 0191 00       		.byte	0
 802 0192 09       		.uleb128 0x9
 803 0193 12000000 		.4byte	.LVL6
 804 0197 47040000 		.4byte	0x447
 805 019b 00       		.byte	0
 806 019c 08       		.uleb128 0x8
 807 019d 5E020000 		.4byte	.LASF30
 808 01a1 01       		.byte	0x1
 809 01a2 3B       		.byte	0x3b
 810 01a3 00000000 		.4byte	.LFB66
 811 01a7 14000000 		.4byte	.LFE66-.LFB66
 812 01ab 01       		.uleb128 0x1
 813 01ac 9C       		.byte	0x9c
 814 01ad BB010000 		.4byte	0x1bb
 815 01b1 09       		.uleb128 0x9
 816 01b2 0C000000 		.4byte	.LVL7
 817 01b6 52040000 		.4byte	0x452
 818 01ba 00       		.byte	0
 819 01bb 0C       		.uleb128 0xc
 820 01bc CF000000 		.4byte	.LASF71
 821 01c0 01       		.byte	0x1
 822 01c1 41       		.byte	0x41
 823 01c2 68000000 		.4byte	0x68
 824 01c6 00000000 		.4byte	.LFB67
 825 01ca 54020000 		.4byte	.LFE67-.LFB67
 826 01ce 01       		.uleb128 0x1
 827 01cf 9C       		.byte	0x9c
 828 01d0 1D030000 		.4byte	0x31d
 829 01d4 0A       		.uleb128 0xa
 830 01d5 0A000000 		.4byte	.LVL8
 831 01d9 26040000 		.4byte	0x426
 832 01dd E7010000 		.4byte	0x1e7
 833 01e1 0B       		.uleb128 0xb
 834 01e2 01       		.uleb128 0x1
 835 01e3 50       		.byte	0x50
 836 01e4 01       		.uleb128 0x1
 837 01e5 30       		.byte	0x30
ARM GAS  C:\Users\eylonk\AppData\Local\Temp\ccUCCRzt.s 			page 19


 838 01e6 00       		.byte	0
 839 01e7 0A       		.uleb128 0xa
 840 01e8 10000000 		.4byte	.LVL9
 841 01ec 5D040000 		.4byte	0x45d
 842 01f0 FE010000 		.4byte	0x1fe
 843 01f4 0B       		.uleb128 0xb
 844 01f5 01       		.uleb128 0x1
 845 01f6 50       		.byte	0x50
 846 01f7 05       		.uleb128 0x5
 847 01f8 03       		.byte	0x3
 848 01f9 00000000 		.4byte	swt_from_sample_mode_Handler
 849 01fd 00       		.byte	0
 850 01fe 09       		.uleb128 0x9
 851 01ff 14000000 		.4byte	.LVL10
 852 0203 68040000 		.4byte	0x468
 853 0207 09       		.uleb128 0x9
 854 0208 18000000 		.4byte	.LVL11
 855 020c 73040000 		.4byte	0x473
 856 0210 09       		.uleb128 0x9
 857 0211 1C000000 		.4byte	.LVL12
 858 0215 7E040000 		.4byte	0x47e
 859 0219 09       		.uleb128 0x9
 860 021a 20000000 		.4byte	.LVL13
 861 021e 89040000 		.4byte	0x489
 862 0222 09       		.uleb128 0x9
 863 0223 24000000 		.4byte	.LVL14
 864 0227 94040000 		.4byte	0x494
 865 022b 09       		.uleb128 0x9
 866 022c 28000000 		.4byte	.LVL15
 867 0230 9F040000 		.4byte	0x49f
 868 0234 0A       		.uleb128 0xa
 869 0235 2E000000 		.4byte	.LVL16
 870 0239 26040000 		.4byte	0x426
 871 023d 47020000 		.4byte	0x247
 872 0241 0B       		.uleb128 0xb
 873 0242 01       		.uleb128 0x1
 874 0243 50       		.byte	0x50
 875 0244 01       		.uleb128 0x1
 876 0245 30       		.byte	0x30
 877 0246 00       		.byte	0
 878 0247 09       		.uleb128 0x9
 879 0248 52000000 		.4byte	.LVL17
 880 024c AA040000 		.4byte	0x4aa
 881 0250 0A       		.uleb128 0xa
 882 0251 8E000000 		.4byte	.LVL18
 883 0255 B5040000 		.4byte	0x4b5
 884 0259 63020000 		.4byte	0x263
 885 025d 0B       		.uleb128 0xb
 886 025e 01       		.uleb128 0x1
 887 025f 50       		.byte	0x50
 888 0260 01       		.uleb128 0x1
 889 0261 31       		.byte	0x31
 890 0262 00       		.byte	0
 891 0263 09       		.uleb128 0x9
 892 0264 92000000 		.4byte	.LVL19
 893 0268 C0040000 		.4byte	0x4c0
 894 026c 09       		.uleb128 0x9
ARM GAS  C:\Users\eylonk\AppData\Local\Temp\ccUCCRzt.s 			page 20


 895 026d 9A000000 		.4byte	.LVL20
 896 0271 CB040000 		.4byte	0x4cb
 897 0275 09       		.uleb128 0x9
 898 0276 D4000000 		.4byte	.LVL21
 899 027a D6040000 		.4byte	0x4d6
 900 027e 0A       		.uleb128 0xa
 901 027f E4000000 		.4byte	.LVL22
 902 0283 E1040000 		.4byte	0x4e1
 903 0287 91020000 		.4byte	0x291
 904 028b 0B       		.uleb128 0xb
 905 028c 01       		.uleb128 0x1
 906 028d 50       		.byte	0x50
 907 028e 01       		.uleb128 0x1
 908 028f 31       		.byte	0x31
 909 0290 00       		.byte	0
 910 0291 0A       		.uleb128 0xa
 911 0292 EC000000 		.4byte	.LVL23
 912 0296 E1040000 		.4byte	0x4e1
 913 029a A4020000 		.4byte	0x2a4
 914 029e 0B       		.uleb128 0xb
 915 029f 01       		.uleb128 0x1
 916 02a0 50       		.byte	0x50
 917 02a1 01       		.uleb128 0x1
 918 02a2 31       		.byte	0x31
 919 02a3 00       		.byte	0
 920 02a4 09       		.uleb128 0x9
 921 02a5 36010000 		.4byte	.LVL24
 922 02a9 EC040000 		.4byte	0x4ec
 923 02ad 09       		.uleb128 0x9
 924 02ae 3A010000 		.4byte	.LVL25
 925 02b2 F7040000 		.4byte	0x4f7
 926 02b6 0A       		.uleb128 0xa
 927 02b7 6A010000 		.4byte	.LVL26
 928 02bb B5040000 		.4byte	0x4b5
 929 02bf C9020000 		.4byte	0x2c9
 930 02c3 0B       		.uleb128 0xb
 931 02c4 01       		.uleb128 0x1
 932 02c5 50       		.byte	0x50
 933 02c6 01       		.uleb128 0x1
 934 02c7 30       		.byte	0x30
 935 02c8 00       		.byte	0
 936 02c9 09       		.uleb128 0x9
 937 02ca 6E010000 		.4byte	.LVL27
 938 02ce C0040000 		.4byte	0x4c0
 939 02d2 09       		.uleb128 0x9
 940 02d3 76010000 		.4byte	.LVL28
 941 02d7 CB040000 		.4byte	0x4cb
 942 02db 09       		.uleb128 0x9
 943 02dc AC010000 		.4byte	.LVL29
 944 02e0 D6040000 		.4byte	0x4d6
 945 02e4 0A       		.uleb128 0xa
 946 02e5 BA010000 		.4byte	.LVL30
 947 02e9 E1040000 		.4byte	0x4e1
 948 02ed F7020000 		.4byte	0x2f7
 949 02f1 0B       		.uleb128 0xb
 950 02f2 01       		.uleb128 0x1
 951 02f3 50       		.byte	0x50
ARM GAS  C:\Users\eylonk\AppData\Local\Temp\ccUCCRzt.s 			page 21


 952 02f4 01       		.uleb128 0x1
 953 02f5 31       		.byte	0x31
 954 02f6 00       		.byte	0
 955 02f7 0A       		.uleb128 0xa
 956 02f8 C2010000 		.4byte	.LVL31
 957 02fc E1040000 		.4byte	0x4e1
 958 0300 0A030000 		.4byte	0x30a
 959 0304 0B       		.uleb128 0xb
 960 0305 01       		.uleb128 0x1
 961 0306 50       		.byte	0x50
 962 0307 01       		.uleb128 0x1
 963 0308 31       		.byte	0x31
 964 0309 00       		.byte	0
 965 030a 09       		.uleb128 0x9
 966 030b 0C020000 		.4byte	.LVL32
 967 030f EC040000 		.4byte	0x4ec
 968 0313 09       		.uleb128 0x9
 969 0314 10020000 		.4byte	.LVL33
 970 0318 02050000 		.4byte	0x502
 971 031c 00       		.byte	0
 972 031d 0D       		.uleb128 0xd
 973 031e 28040000 		.4byte	.LASF31
 974 0322 04       		.byte	0x4
 975 0323 1207     		.2byte	0x712
 976 0325 29030000 		.4byte	0x329
 977 0329 0E       		.uleb128 0xe
 978 032a 76000000 		.4byte	0x76
 979 032e 0F       		.uleb128 0xf
 980 032f 00000000 		.4byte	.LASF32
 981 0333 01       		.byte	0x1
 982 0334 15       		.byte	0x15
 983 0335 3F030000 		.4byte	0x33f
 984 0339 05       		.uleb128 0x5
 985 033a 03       		.byte	0x3
 986 033b 00000000 		.4byte	total_steps
 987 033f 10       		.uleb128 0x10
 988 0340 68000000 		.4byte	0x68
 989 0344 0F       		.uleb128 0xf
 990 0345 E6000000 		.4byte	.LASF33
 991 0349 01       		.byte	0x1
 992 034a 17       		.byte	0x17
 993 034b 3F030000 		.4byte	0x33f
 994 034f 05       		.uleb128 0x5
 995 0350 03       		.byte	0x3
 996 0351 00000000 		.4byte	start_delay
 997 0355 0F       		.uleb128 0xf
 998 0356 DE030000 		.4byte	.LASF34
 999 035a 01       		.byte	0x1
 1000 035b 18       		.byte	0x18
 1001 035c 3F030000 		.4byte	0x33f
 1002 0360 05       		.uleb128 0x5
 1003 0361 03       		.byte	0x3
 1004 0362 00000000 		.4byte	min_speed_delay
 1005 0366 0F       		.uleb128 0xf
 1006 0367 A8010000 		.4byte	.LASF35
 1007 036b 01       		.byte	0x1
 1008 036c 19       		.byte	0x19
ARM GAS  C:\Users\eylonk\AppData\Local\Temp\ccUCCRzt.s 			page 22


 1009 036d 3F030000 		.4byte	0x33f
 1010 0371 05       		.uleb128 0x5
 1011 0372 03       		.byte	0x3
 1012 0373 00000000 		.4byte	max_speed_delay
 1013 0377 0F       		.uleb128 0xf
 1014 0378 6E040000 		.4byte	.LASF36
 1015 037c 01       		.byte	0x1
 1016 037d 1C       		.byte	0x1c
 1017 037e 3F030000 		.4byte	0x33f
 1018 0382 05       		.uleb128 0x5
 1019 0383 03       		.byte	0x3
 1020 0384 00000000 		.4byte	max_vdac_power
 1021 0388 0F       		.uleb128 0xf
 1022 0389 8C040000 		.4byte	.LASF37
 1023 038d 01       		.byte	0x1
 1024 038e 1D       		.byte	0x1d
 1025 038f 3F030000 		.4byte	0x33f
 1026 0393 05       		.uleb128 0x5
 1027 0394 03       		.byte	0x3
 1028 0395 00000000 		.4byte	min_vdac_power
 1029 0399 0F       		.uleb128 0xf
 1030 039a 1C010000 		.4byte	.LASF38
 1031 039e 01       		.byte	0x1
 1032 039f 1F       		.byte	0x1f
 1033 03a0 3F030000 		.4byte	0x33f
 1034 03a4 05       		.uleb128 0x5
 1035 03a5 03       		.byte	0x3
 1036 03a6 00000000 		.4byte	always_enable_leds
 1037 03aa 0F       		.uleb128 0xf
 1038 03ab C1030000 		.4byte	.LASF39
 1039 03af 01       		.byte	0x1
 1040 03b0 21       		.byte	0x21
 1041 03b1 68000000 		.4byte	0x68
 1042 03b5 05       		.uleb128 0x5
 1043 03b6 03       		.byte	0x3
 1044 03b7 00000000 		.4byte	current_delay
 1045 03bb 0F       		.uleb128 0xf
 1046 03bc 12020000 		.4byte	.LASF40
 1047 03c0 01       		.byte	0x1
 1048 03c1 22       		.byte	0x22
 1049 03c2 68000000 		.4byte	0x68
 1050 03c6 05       		.uleb128 0x5
 1051 03c7 03       		.byte	0x3
 1052 03c8 00000000 		.4byte	current_step
 1053 03cc 0F       		.uleb128 0xf
 1054 03cd B9020000 		.4byte	.LASF41
 1055 03d1 01       		.byte	0x1
 1056 03d2 26       		.byte	0x26
 1057 03d3 68000000 		.4byte	0x68
 1058 03d7 05       		.uleb128 0x5
 1059 03d8 03       		.byte	0x3
 1060 03d9 00000000 		.4byte	first_moving_state
 1061 03dd 0F       		.uleb128 0xf
 1062 03de 2B020000 		.4byte	.LASF42
 1063 03e2 01       		.byte	0x1
 1064 03e3 27       		.byte	0x27
 1065 03e4 A4000000 		.4byte	0xa4
ARM GAS  C:\Users\eylonk\AppData\Local\Temp\ccUCCRzt.s 			page 23


 1066 03e8 05       		.uleb128 0x5
 1067 03e9 03       		.byte	0x3
 1068 03ea 00000000 		.4byte	direction_mode
 1069 03ee 0F       		.uleb128 0xf
 1070 03ef C5000000 		.4byte	.LASF43
 1071 03f3 01       		.byte	0x1
 1072 03f4 28       		.byte	0x28
 1073 03f5 C7000000 		.4byte	0xc7
 1074 03f9 05       		.uleb128 0x5
 1075 03fa 03       		.byte	0x3
 1076 03fb 00000000 		.4byte	direction
 1077 03ff 0F       		.uleb128 0xf
 1078 0400 FE010000 		.4byte	.LASF44
 1079 0404 01       		.byte	0x1
 1080 0405 29       		.byte	0x29
 1081 0406 E4000000 		.4byte	0xe4
 1082 040a 05       		.uleb128 0x5
 1083 040b 03       		.byte	0x3
 1084 040c 00000000 		.4byte	state
 1085 0410 11       		.uleb128 0x11
 1086 0411 8B000000 		.4byte	.LASF45
 1087 0415 8B000000 		.4byte	.LASF45
 1088 0419 05       		.byte	0x5
 1089 041a 28       		.byte	0x28
 1090 041b 11       		.uleb128 0x11
 1091 041c 18000000 		.4byte	.LASF46
 1092 0420 18000000 		.4byte	.LASF46
 1093 0424 05       		.byte	0x5
 1094 0425 25       		.byte	0x25
 1095 0426 11       		.uleb128 0x11
 1096 0427 73010000 		.4byte	.LASF47
 1097 042b 73010000 		.4byte	.LASF47
 1098 042f 06       		.byte	0x6
 1099 0430 26       		.byte	0x26
 1100 0431 11       		.uleb128 0x11
 1101 0432 73030000 		.4byte	.LASF48
 1102 0436 73030000 		.4byte	.LASF48
 1103 043a 07       		.byte	0x7
 1104 043b 5A       		.byte	0x5a
 1105 043c 11       		.uleb128 0x11
 1106 043d B8010000 		.4byte	.LASF49
 1107 0441 B8010000 		.4byte	.LASF49
 1108 0445 08       		.byte	0x8
 1109 0446 2B       		.byte	0x2b
 1110 0447 11       		.uleb128 0x11
 1111 0448 43000000 		.4byte	.LASF50
 1112 044c 43000000 		.4byte	.LASF50
 1113 0450 09       		.byte	0x9
 1114 0451 2B       		.byte	0x2b
 1115 0452 11       		.uleb128 0x11
 1116 0453 46010000 		.4byte	.LASF51
 1117 0457 46010000 		.4byte	.LASF51
 1118 045b 07       		.byte	0x7
 1119 045c 52       		.byte	0x52
 1120 045d 11       		.uleb128 0x11
 1121 045e 52030000 		.4byte	.LASF52
 1122 0462 52030000 		.4byte	.LASF52
ARM GAS  C:\Users\eylonk\AppData\Local\Temp\ccUCCRzt.s 			page 24


 1123 0466 05       		.byte	0x5
 1124 0467 18       		.byte	0x18
 1125 0468 11       		.uleb128 0x11
 1126 0469 5E050000 		.4byte	.LASF53
 1127 046d 5E050000 		.4byte	.LASF53
 1128 0471 0A       		.byte	0xa
 1129 0472 33       		.byte	0x33
 1130 0473 11       		.uleb128 0x11
 1131 0474 07040000 		.4byte	.LASF54
 1132 0478 07040000 		.4byte	.LASF54
 1133 047c 07       		.byte	0x7
 1134 047d 4F       		.byte	0x4f
 1135 047e 11       		.uleb128 0x11
 1136 047f 02010000 		.4byte	.LASF55
 1137 0483 02010000 		.4byte	.LASF55
 1138 0487 0B       		.byte	0xb
 1139 0488 92       		.byte	0x92
 1140 0489 11       		.uleb128 0x11
 1141 048a 0C000000 		.4byte	.LASF56
 1142 048e 0C000000 		.4byte	.LASF56
 1143 0492 0C       		.byte	0xc
 1144 0493 92       		.byte	0x92
 1145 0494 11       		.uleb128 0x11
 1146 0495 9B040000 		.4byte	.LASF57
 1147 0499 9B040000 		.4byte	.LASF57
 1148 049d 0D       		.byte	0xd
 1149 049e 33       		.byte	0x33
 1150 049f 11       		.uleb128 0x11
 1151 04a0 39010000 		.4byte	.LASF58
 1152 04a4 39010000 		.4byte	.LASF58
 1153 04a8 0D       		.byte	0xd
 1154 04a9 3A       		.byte	0x3a
 1155 04aa 11       		.uleb128 0x11
 1156 04ab 49050000 		.4byte	.LASF59
 1157 04af 49050000 		.4byte	.LASF59
 1158 04b3 0E       		.byte	0xe
 1159 04b4 29       		.byte	0x29
 1160 04b5 11       		.uleb128 0x11
 1161 04b6 B1000000 		.4byte	.LASF60
 1162 04ba B1000000 		.4byte	.LASF60
 1163 04be 0F       		.byte	0xf
 1164 04bf 26       		.byte	0x26
 1165 04c0 11       		.uleb128 0x11
 1166 04c1 AA020000 		.4byte	.LASF61
 1167 04c5 AA020000 		.4byte	.LASF61
 1168 04c9 10       		.byte	0x10
 1169 04ca 29       		.byte	0x29
 1170 04cb 11       		.uleb128 0x11
 1171 04cc F2000000 		.4byte	.LASF62
 1172 04d0 F2000000 		.4byte	.LASF62
 1173 04d4 10       		.byte	0x10
 1174 04d5 26       		.byte	0x26
 1175 04d6 11       		.uleb128 0x11
 1176 04d7 DC010000 		.4byte	.LASF63
 1177 04db DC010000 		.4byte	.LASF63
 1178 04df 0A       		.byte	0xa
 1179 04e0 37       		.byte	0x37
ARM GAS  C:\Users\eylonk\AppData\Local\Temp\ccUCCRzt.s 			page 25


 1180 04e1 11       		.uleb128 0x11
 1181 04e2 A9040000 		.4byte	.LASF64
 1182 04e6 A9040000 		.4byte	.LASF64
 1183 04ea 11       		.byte	0x11
 1184 04eb 26       		.byte	0x26
 1185 04ec 11       		.uleb128 0x11
 1186 04ed 3A020000 		.4byte	.LASF65
 1187 04f1 3A020000 		.4byte	.LASF65
 1188 04f5 12       		.byte	0x12
 1189 04f6 77       		.byte	0x77
 1190 04f7 11       		.uleb128 0x11
 1191 04f8 D4000000 		.4byte	.LASF66
 1192 04fc D4000000 		.4byte	.LASF66
 1193 0500 13       		.byte	0x13
 1194 0501 29       		.byte	0x29
 1195 0502 11       		.uleb128 0x11
 1196 0503 8E010000 		.4byte	.LASF67
 1197 0507 8E010000 		.4byte	.LASF67
 1198 050b 14       		.byte	0x14
 1199 050c 29       		.byte	0x29
 1200 050d 00       		.byte	0
 1201              		.section	.debug_abbrev,"",%progbits
 1202              	.Ldebug_abbrev0:
 1203 0000 01       		.uleb128 0x1
 1204 0001 11       		.uleb128 0x11
 1205 0002 01       		.byte	0x1
 1206 0003 25       		.uleb128 0x25
 1207 0004 0E       		.uleb128 0xe
 1208 0005 13       		.uleb128 0x13
 1209 0006 0B       		.uleb128 0xb
 1210 0007 03       		.uleb128 0x3
 1211 0008 0E       		.uleb128 0xe
 1212 0009 1B       		.uleb128 0x1b
 1213 000a 0E       		.uleb128 0xe
 1214 000b 55       		.uleb128 0x55
 1215 000c 17       		.uleb128 0x17
 1216 000d 11       		.uleb128 0x11
 1217 000e 01       		.uleb128 0x1
 1218 000f 10       		.uleb128 0x10
 1219 0010 17       		.uleb128 0x17
 1220 0011 00       		.byte	0
 1221 0012 00       		.byte	0
 1222 0013 02       		.uleb128 0x2
 1223 0014 24       		.uleb128 0x24
 1224 0015 00       		.byte	0
 1225 0016 0B       		.uleb128 0xb
 1226 0017 0B       		.uleb128 0xb
 1227 0018 3E       		.uleb128 0x3e
 1228 0019 0B       		.uleb128 0xb
 1229 001a 03       		.uleb128 0x3
 1230 001b 0E       		.uleb128 0xe
 1231 001c 00       		.byte	0
 1232 001d 00       		.byte	0
 1233 001e 03       		.uleb128 0x3
 1234 001f 16       		.uleb128 0x16
 1235 0020 00       		.byte	0
 1236 0021 03       		.uleb128 0x3
ARM GAS  C:\Users\eylonk\AppData\Local\Temp\ccUCCRzt.s 			page 26


 1237 0022 0E       		.uleb128 0xe
 1238 0023 3A       		.uleb128 0x3a
 1239 0024 0B       		.uleb128 0xb
 1240 0025 3B       		.uleb128 0x3b
 1241 0026 0B       		.uleb128 0xb
 1242 0027 49       		.uleb128 0x49
 1243 0028 13       		.uleb128 0x13
 1244 0029 00       		.byte	0
 1245 002a 00       		.byte	0
 1246 002b 04       		.uleb128 0x4
 1247 002c 24       		.uleb128 0x24
 1248 002d 00       		.byte	0
 1249 002e 0B       		.uleb128 0xb
 1250 002f 0B       		.uleb128 0xb
 1251 0030 3E       		.uleb128 0x3e
 1252 0031 0B       		.uleb128 0xb
 1253 0032 03       		.uleb128 0x3
 1254 0033 08       		.uleb128 0x8
 1255 0034 00       		.byte	0
 1256 0035 00       		.byte	0
 1257 0036 05       		.uleb128 0x5
 1258 0037 04       		.uleb128 0x4
 1259 0038 01       		.byte	0x1
 1260 0039 03       		.uleb128 0x3
 1261 003a 0E       		.uleb128 0xe
 1262 003b 0B       		.uleb128 0xb
 1263 003c 0B       		.uleb128 0xb
 1264 003d 49       		.uleb128 0x49
 1265 003e 13       		.uleb128 0x13
 1266 003f 3A       		.uleb128 0x3a
 1267 0040 0B       		.uleb128 0xb
 1268 0041 3B       		.uleb128 0x3b
 1269 0042 0B       		.uleb128 0xb
 1270 0043 01       		.uleb128 0x1
 1271 0044 13       		.uleb128 0x13
 1272 0045 00       		.byte	0
 1273 0046 00       		.byte	0
 1274 0047 06       		.uleb128 0x6
 1275 0048 28       		.uleb128 0x28
 1276 0049 00       		.byte	0
 1277 004a 03       		.uleb128 0x3
 1278 004b 0E       		.uleb128 0xe
 1279 004c 1C       		.uleb128 0x1c
 1280 004d 0B       		.uleb128 0xb
 1281 004e 00       		.byte	0
 1282 004f 00       		.byte	0
 1283 0050 07       		.uleb128 0x7
 1284 0051 28       		.uleb128 0x28
 1285 0052 00       		.byte	0
 1286 0053 03       		.uleb128 0x3
 1287 0054 08       		.uleb128 0x8
 1288 0055 1C       		.uleb128 0x1c
 1289 0056 0B       		.uleb128 0xb
 1290 0057 00       		.byte	0
 1291 0058 00       		.byte	0
 1292 0059 08       		.uleb128 0x8
 1293 005a 2E       		.uleb128 0x2e
ARM GAS  C:\Users\eylonk\AppData\Local\Temp\ccUCCRzt.s 			page 27


 1294 005b 01       		.byte	0x1
 1295 005c 3F       		.uleb128 0x3f
 1296 005d 19       		.uleb128 0x19
 1297 005e 03       		.uleb128 0x3
 1298 005f 0E       		.uleb128 0xe
 1299 0060 3A       		.uleb128 0x3a
 1300 0061 0B       		.uleb128 0xb
 1301 0062 3B       		.uleb128 0x3b
 1302 0063 0B       		.uleb128 0xb
 1303 0064 27       		.uleb128 0x27
 1304 0065 19       		.uleb128 0x19
 1305 0066 11       		.uleb128 0x11
 1306 0067 01       		.uleb128 0x1
 1307 0068 12       		.uleb128 0x12
 1308 0069 06       		.uleb128 0x6
 1309 006a 40       		.uleb128 0x40
 1310 006b 18       		.uleb128 0x18
 1311 006c 9742     		.uleb128 0x2117
 1312 006e 19       		.uleb128 0x19
 1313 006f 01       		.uleb128 0x1
 1314 0070 13       		.uleb128 0x13
 1315 0071 00       		.byte	0
 1316 0072 00       		.byte	0
 1317 0073 09       		.uleb128 0x9
 1318 0074 898201   		.uleb128 0x4109
 1319 0077 00       		.byte	0
 1320 0078 11       		.uleb128 0x11
 1321 0079 01       		.uleb128 0x1
 1322 007a 31       		.uleb128 0x31
 1323 007b 13       		.uleb128 0x13
 1324 007c 00       		.byte	0
 1325 007d 00       		.byte	0
 1326 007e 0A       		.uleb128 0xa
 1327 007f 898201   		.uleb128 0x4109
 1328 0082 01       		.byte	0x1
 1329 0083 11       		.uleb128 0x11
 1330 0084 01       		.uleb128 0x1
 1331 0085 31       		.uleb128 0x31
 1332 0086 13       		.uleb128 0x13
 1333 0087 01       		.uleb128 0x1
 1334 0088 13       		.uleb128 0x13
 1335 0089 00       		.byte	0
 1336 008a 00       		.byte	0
 1337 008b 0B       		.uleb128 0xb
 1338 008c 8A8201   		.uleb128 0x410a
 1339 008f 00       		.byte	0
 1340 0090 02       		.uleb128 0x2
 1341 0091 18       		.uleb128 0x18
 1342 0092 9142     		.uleb128 0x2111
 1343 0094 18       		.uleb128 0x18
 1344 0095 00       		.byte	0
 1345 0096 00       		.byte	0
 1346 0097 0C       		.uleb128 0xc
 1347 0098 2E       		.uleb128 0x2e
 1348 0099 01       		.byte	0x1
 1349 009a 3F       		.uleb128 0x3f
 1350 009b 19       		.uleb128 0x19
ARM GAS  C:\Users\eylonk\AppData\Local\Temp\ccUCCRzt.s 			page 28


 1351 009c 03       		.uleb128 0x3
 1352 009d 0E       		.uleb128 0xe
 1353 009e 3A       		.uleb128 0x3a
 1354 009f 0B       		.uleb128 0xb
 1355 00a0 3B       		.uleb128 0x3b
 1356 00a1 0B       		.uleb128 0xb
 1357 00a2 27       		.uleb128 0x27
 1358 00a3 19       		.uleb128 0x19
 1359 00a4 49       		.uleb128 0x49
 1360 00a5 13       		.uleb128 0x13
 1361 00a6 8701     		.uleb128 0x87
 1362 00a8 19       		.uleb128 0x19
 1363 00a9 11       		.uleb128 0x11
 1364 00aa 01       		.uleb128 0x1
 1365 00ab 12       		.uleb128 0x12
 1366 00ac 06       		.uleb128 0x6
 1367 00ad 40       		.uleb128 0x40
 1368 00ae 18       		.uleb128 0x18
 1369 00af 9742     		.uleb128 0x2117
 1370 00b1 19       		.uleb128 0x19
 1371 00b2 01       		.uleb128 0x1
 1372 00b3 13       		.uleb128 0x13
 1373 00b4 00       		.byte	0
 1374 00b5 00       		.byte	0
 1375 00b6 0D       		.uleb128 0xd
 1376 00b7 34       		.uleb128 0x34
 1377 00b8 00       		.byte	0
 1378 00b9 03       		.uleb128 0x3
 1379 00ba 0E       		.uleb128 0xe
 1380 00bb 3A       		.uleb128 0x3a
 1381 00bc 0B       		.uleb128 0xb
 1382 00bd 3B       		.uleb128 0x3b
 1383 00be 05       		.uleb128 0x5
 1384 00bf 49       		.uleb128 0x49
 1385 00c0 13       		.uleb128 0x13
 1386 00c1 3F       		.uleb128 0x3f
 1387 00c2 19       		.uleb128 0x19
 1388 00c3 3C       		.uleb128 0x3c
 1389 00c4 19       		.uleb128 0x19
 1390 00c5 00       		.byte	0
 1391 00c6 00       		.byte	0
 1392 00c7 0E       		.uleb128 0xe
 1393 00c8 35       		.uleb128 0x35
 1394 00c9 00       		.byte	0
 1395 00ca 49       		.uleb128 0x49
 1396 00cb 13       		.uleb128 0x13
 1397 00cc 00       		.byte	0
 1398 00cd 00       		.byte	0
 1399 00ce 0F       		.uleb128 0xf
 1400 00cf 34       		.uleb128 0x34
 1401 00d0 00       		.byte	0
 1402 00d1 03       		.uleb128 0x3
 1403 00d2 0E       		.uleb128 0xe
 1404 00d3 3A       		.uleb128 0x3a
 1405 00d4 0B       		.uleb128 0xb
 1406 00d5 3B       		.uleb128 0x3b
 1407 00d6 0B       		.uleb128 0xb
ARM GAS  C:\Users\eylonk\AppData\Local\Temp\ccUCCRzt.s 			page 29


 1408 00d7 49       		.uleb128 0x49
 1409 00d8 13       		.uleb128 0x13
 1410 00d9 3F       		.uleb128 0x3f
 1411 00da 19       		.uleb128 0x19
 1412 00db 02       		.uleb128 0x2
 1413 00dc 18       		.uleb128 0x18
 1414 00dd 00       		.byte	0
 1415 00de 00       		.byte	0
 1416 00df 10       		.uleb128 0x10
 1417 00e0 26       		.uleb128 0x26
 1418 00e1 00       		.byte	0
 1419 00e2 49       		.uleb128 0x49
 1420 00e3 13       		.uleb128 0x13
 1421 00e4 00       		.byte	0
 1422 00e5 00       		.byte	0
 1423 00e6 11       		.uleb128 0x11
 1424 00e7 2E       		.uleb128 0x2e
 1425 00e8 00       		.byte	0
 1426 00e9 3F       		.uleb128 0x3f
 1427 00ea 19       		.uleb128 0x19
 1428 00eb 3C       		.uleb128 0x3c
 1429 00ec 19       		.uleb128 0x19
 1430 00ed 6E       		.uleb128 0x6e
 1431 00ee 0E       		.uleb128 0xe
 1432 00ef 03       		.uleb128 0x3
 1433 00f0 0E       		.uleb128 0xe
 1434 00f1 3A       		.uleb128 0x3a
 1435 00f2 0B       		.uleb128 0xb
 1436 00f3 3B       		.uleb128 0x3b
 1437 00f4 0B       		.uleb128 0xb
 1438 00f5 00       		.byte	0
 1439 00f6 00       		.byte	0
 1440 00f7 00       		.byte	0
 1441              		.section	.debug_aranges,"",%progbits
 1442 0000 34000000 		.4byte	0x34
 1443 0004 0200     		.2byte	0x2
 1444 0006 00000000 		.4byte	.Ldebug_info0
 1445 000a 04       		.byte	0x4
 1446 000b 00       		.byte	0
 1447 000c 0000     		.2byte	0
 1448 000e 0000     		.2byte	0
 1449 0010 00000000 		.4byte	.LFB64
 1450 0014 28000000 		.4byte	.LFE64-.LFB64
 1451 0018 00000000 		.4byte	.LFB65
 1452 001c 18000000 		.4byte	.LFE65-.LFB65
 1453 0020 00000000 		.4byte	.LFB66
 1454 0024 14000000 		.4byte	.LFE66-.LFB66
 1455 0028 00000000 		.4byte	.LFB67
 1456 002c 54020000 		.4byte	.LFE67-.LFB67
 1457 0030 00000000 		.4byte	0
 1458 0034 00000000 		.4byte	0
 1459              		.section	.debug_ranges,"",%progbits
 1460              	.Ldebug_ranges0:
 1461 0000 00000000 		.4byte	.LFB64
 1462 0004 28000000 		.4byte	.LFE64
 1463 0008 00000000 		.4byte	.LFB65
 1464 000c 18000000 		.4byte	.LFE65
ARM GAS  C:\Users\eylonk\AppData\Local\Temp\ccUCCRzt.s 			page 30


 1465 0010 00000000 		.4byte	.LFB66
 1466 0014 14000000 		.4byte	.LFE66
 1467 0018 00000000 		.4byte	.LFB67
 1468 001c 54020000 		.4byte	.LFE67
 1469 0020 00000000 		.4byte	0
 1470 0024 00000000 		.4byte	0
 1471              		.section	.debug_line,"",%progbits
 1472              	.Ldebug_line0:
 1473 0000 F9020000 		.section	.debug_str,"MS",%progbits,1
 1473      02006802 
 1473      00000201 
 1473      FB0E0D00 
 1473      01010101 
 1474              	.LASF32:
 1475 0000 746F7461 		.ascii	"total_steps\000"
 1475      6C5F7374 
 1475      65707300 
 1476              	.LASF56:
 1477 000c 50574D5F 		.ascii	"PWM_1_Start\000"
 1477      315F5374 
 1477      61727400 
 1478              	.LASF46:
 1479 0018 7377745F 		.ascii	"swt_from_sample_mode_isr_Disable\000"
 1479      66726F6D 
 1479      5F73616D 
 1479      706C655F 
 1479      6D6F6465 
 1480              	.LASF2:
 1481 0039 73686F72 		.ascii	"short int\000"
 1481      7420696E 
 1481      7400
 1482              	.LASF50:
 1483 0043 7377745F 		.ascii	"swt_to_sample_mode_ClearInterrupt\000"
 1483      746F5F73 
 1483      616D706C 
 1483      655F6D6F 
 1483      64655F43 
 1484              	.LASF15:
 1485 0065 73697A65 		.ascii	"sizetype\000"
 1485      74797065 
 1485      00
 1486              	.LASF28:
 1487 006e 7377745F 		.ascii	"swt_from_sample_mode_Handler\000"
 1487      66726F6D 
 1487      5F73616D 
 1487      706C655F 
 1487      6D6F6465 
 1488              	.LASF45:
 1489 008b 7377745F 		.ascii	"swt_from_sample_mode_isr_ClearPending\000"
 1489      66726F6D 
 1489      5F73616D 
 1489      706C655F 
 1489      6D6F6465 
 1490              	.LASF60:
 1491 00b1 64697265 		.ascii	"direction_out_Write\000"
 1491      6374696F 
 1491      6E5F6F75 
ARM GAS  C:\Users\eylonk\AppData\Local\Temp\ccUCCRzt.s 			page 31


 1491      745F5772 
 1491      69746500 
 1492              	.LASF43:
 1493 00c5 64697265 		.ascii	"direction\000"
 1493      6374696F 
 1493      6E00
 1494              	.LASF71:
 1495 00cf 6D61696E 		.ascii	"main\000"
 1495      00
 1496              	.LASF66:
 1497 00d4 73656E73 		.ascii	"sensor_right_Read\000"
 1497      6F725F72 
 1497      69676874 
 1497      5F526561 
 1497      6400
 1498              	.LASF33:
 1499 00e6 73746172 		.ascii	"start_delay\000"
 1499      745F6465 
 1499      6C617900 
 1500              	.LASF62:
 1501 00f2 70756C73 		.ascii	"pulse_out_Write\000"
 1501      655F6F75 
 1501      745F5772 
 1501      69746500 
 1502              	.LASF55:
 1503 0102 50574D5F 		.ascii	"PWM_swt_mode_select_Start\000"
 1503      7377745F 
 1503      6D6F6465 
 1503      5F73656C 
 1503      6563745F 
 1504              	.LASF38:
 1505 011c 616C7761 		.ascii	"always_enable_leds\000"
 1505      79735F65 
 1505      6E61626C 
 1505      655F6C65 
 1505      647300
 1506              	.LASF20:
 1507 012f 746F5F73 		.ascii	"to_sample\000"
 1507      616D706C 
 1507      6500
 1508              	.LASF58:
 1509 0139 4F70616D 		.ascii	"Opamp_1_Init\000"
 1509      705F315F 
 1509      496E6974 
 1509      00
 1510              	.LASF51:
 1511 0146 7377745F 		.ascii	"swt_timeout_counter_ReadStatusRegister\000"
 1511      74696D65 
 1511      6F75745F 
 1511      636F756E 
 1511      7465725F 
 1512              	.LASF11:
 1513 016d 666C6F61 		.ascii	"float\000"
 1513      7400
 1514              	.LASF47:
 1515 0173 6D705F6C 		.ascii	"mp_led_Write\000"
 1515      65645F57 
ARM GAS  C:\Users\eylonk\AppData\Local\Temp\ccUCCRzt.s 			page 32


 1515      72697465 
 1515      00
 1516              	.LASF6:
 1517 0180 6C6F6E67 		.ascii	"long long int\000"
 1517      206C6F6E 
 1517      6720696E 
 1517      7400
 1518              	.LASF67:
 1519 018e 73656E73 		.ascii	"sensor_left_Read\000"
 1519      6F725F6C 
 1519      6566745F 
 1519      52656164 
 1519      00
 1520              	.LASF4:
 1521 019f 6C6F6E67 		.ascii	"long int\000"
 1521      20696E74 
 1521      00
 1522              	.LASF35:
 1523 01a8 6D61785F 		.ascii	"max_speed_delay\000"
 1523      73706565 
 1523      645F6465 
 1523      6C617900 
 1524              	.LASF49:
 1525 01b8 7377745F 		.ascii	"swt_from_sample_mode_ClearInterrupt\000"
 1525      66726F6D 
 1525      5F73616D 
 1525      706C655F 
 1525      6D6F6465 
 1526              	.LASF63:
 1527 01dc 56444143 		.ascii	"VDAC8_1_SetValue\000"
 1527      385F315F 
 1527      53657456 
 1527      616C7565 
 1527      00
 1528              	.LASF26:
 1529 01ed 6D6F7665 		.ascii	"move_from_sample\000"
 1529      5F66726F 
 1529      6D5F7361 
 1529      6D706C65 
 1529      00
 1530              	.LASF44:
 1531 01fe 73746174 		.ascii	"state\000"
 1531      6500
 1532              	.LASF17:
 1533 0204 7377745F 		.ascii	"swt_to_sample\000"
 1533      746F5F73 
 1533      616D706C 
 1533      6500
 1534              	.LASF40:
 1535 0212 63757272 		.ascii	"current_step\000"
 1535      656E745F 
 1535      73746570 
 1535      00
 1536              	.LASF14:
 1537 021f 6C6F6E67 		.ascii	"long double\000"
 1537      20646F75 
 1537      626C6500 
ARM GAS  C:\Users\eylonk\AppData\Local\Temp\ccUCCRzt.s 			page 33


 1538              	.LASF42:
 1539 022b 64697265 		.ascii	"direction_mode\000"
 1539      6374696F 
 1539      6E5F6D6F 
 1539      646500
 1540              	.LASF65:
 1541 023a 43794465 		.ascii	"CyDelayUs\000"
 1541      6C617955 
 1541      7300
 1542              	.LASF1:
 1543 0244 756E7369 		.ascii	"unsigned char\000"
 1543      676E6564 
 1543      20636861 
 1543      7200
 1544              	.LASF19:
 1545 0252 64697265 		.ascii	"direction_e\000"
 1545      6374696F 
 1545      6E5F6500 
 1546              	.LASF30:
 1547 025e 7377745F 		.ascii	"swt_timeout_counter_Handler\000"
 1547      74696D65 
 1547      6F75745F 
 1547      636F756E 
 1547      7465725F 
 1548              	.LASF0:
 1549 027a 7369676E 		.ascii	"signed char\000"
 1549      65642063 
 1549      68617200 
 1550              	.LASF7:
 1551 0286 6C6F6E67 		.ascii	"long long unsigned int\000"
 1551      206C6F6E 
 1551      6720756E 
 1551      7369676E 
 1551      65642069 
 1552              	.LASF8:
 1553 029d 756E7369 		.ascii	"unsigned int\000"
 1553      676E6564 
 1553      20696E74 
 1553      00
 1554              	.LASF61:
 1555 02aa 70756C73 		.ascii	"pulse_out_Read\000"
 1555      655F6F75 
 1555      745F5265 
 1555      616400
 1556              	.LASF41:
 1557 02b9 66697273 		.ascii	"first_moving_state\000"
 1557      745F6D6F 
 1557      76696E67 
 1557      5F737461 
 1557      746500
 1558              	.LASF18:
 1559 02cc 64697265 		.ascii	"direction_mode_e\000"
 1559      6374696F 
 1559      6E5F6D6F 
 1559      64655F65 
 1559      00
 1560              	.LASF70:
ARM GAS  C:\Users\eylonk\AppData\Local\Temp\ccUCCRzt.s 			page 34


 1561 02dd 433A5C55 		.ascii	"C:\\Users\\eylonk\\university_project\\university_p"
 1561      73657273 
 1561      5C65796C 
 1561      6F6E6B5C 
 1561      756E6976 
 1562 030c 726F6A65 		.ascii	"roject\\main\\Workspace01\\eylons_project.cydsn\000"
 1562      63745C6D 
 1562      61696E5C 
 1562      576F726B 
 1562      73706163 
 1563              	.LASF23:
 1564 0339 73746172 		.ascii	"start\000"
 1564      7400
 1565              	.LASF3:
 1566 033f 73686F72 		.ascii	"short unsigned int\000"
 1566      7420756E 
 1566      7369676E 
 1566      65642069 
 1566      6E7400
 1567              	.LASF52:
 1568 0352 7377745F 		.ascii	"swt_from_sample_mode_isr_StartEx\000"
 1568      66726F6D 
 1568      5F73616D 
 1568      706C655F 
 1568      6D6F6465 
 1569              	.LASF48:
 1570 0373 7377745F 		.ascii	"swt_timeout_counter_WriteCounter\000"
 1570      74696D65 
 1570      6F75745F 
 1570      636F756E 
 1570      7465725F 
 1571              	.LASF13:
 1572 0394 63686172 		.ascii	"char\000"
 1572      00
 1573              	.LASF27:
 1574 0399 73746179 		.ascii	"stay_off_sample\000"
 1574      5F6F6666 
 1574      5F73616D 
 1574      706C6500 
 1575              	.LASF16:
 1576 03a9 7377745F 		.ascii	"swt_from_sample\000"
 1576      66726F6D 
 1576      5F73616D 
 1576      706C6500 
 1577              	.LASF10:
 1578 03b9 696E7433 		.ascii	"int32_t\000"
 1578      325F7400 
 1579              	.LASF39:
 1580 03c1 63757272 		.ascii	"current_delay\000"
 1580      656E745F 
 1580      64656C61 
 1580      7900
 1581              	.LASF25:
 1582 03cf 73746179 		.ascii	"stay_on_sample\000"
 1582      5F6F6E5F 
 1582      73616D70 
 1582      6C6500
ARM GAS  C:\Users\eylonk\AppData\Local\Temp\ccUCCRzt.s 			page 35


 1583              	.LASF34:
 1584 03de 6D696E5F 		.ascii	"min_speed_delay\000"
 1584      73706565 
 1584      645F6465 
 1584      6C617900 
 1585              	.LASF69:
 1586 03ee 6D61696E 		.ascii	"main.c\000"
 1586      2E6300
 1587              	.LASF5:
 1588 03f5 6C6F6E67 		.ascii	"long unsigned int\000"
 1588      20756E73 
 1588      69676E65 
 1588      6420696E 
 1588      7400
 1589              	.LASF54:
 1590 0407 7377745F 		.ascii	"swt_timeout_counter_Start\000"
 1590      74696D65 
 1590      6F75745F 
 1590      636F756E 
 1590      7465725F 
 1591              	.LASF12:
 1592 0421 646F7562 		.ascii	"double\000"
 1592      6C6500
 1593              	.LASF31:
 1594 0428 49544D5F 		.ascii	"ITM_RxBuffer\000"
 1594      52784275 
 1594      66666572 
 1594      00
 1595              	.LASF29:
 1596 0435 7377745F 		.ascii	"swt_to_sample_mode_Handler\000"
 1596      746F5F73 
 1596      616D706C 
 1596      655F6D6F 
 1596      64655F48 
 1597              	.LASF21:
 1598 0450 66726F6D 		.ascii	"from_sample\000"
 1598      5F73616D 
 1598      706C6500 
 1599              	.LASF9:
 1600 045c 5F5F696E 		.ascii	"__int32_t\000"
 1600      7433325F 
 1600      7400
 1601              	.LASF22:
 1602 0466 73746174 		.ascii	"state_e\000"
 1602      655F6500 
 1603              	.LASF36:
 1604 046e 6D61785F 		.ascii	"max_vdac_power\000"
 1604      76646163 
 1604      5F706F77 
 1604      657200
 1605              	.LASF24:
 1606 047d 6D6F7665 		.ascii	"move_to_sample\000"
 1606      5F746F5F 
 1606      73616D70 
 1606      6C6500
 1607              	.LASF37:
 1608 048c 6D696E5F 		.ascii	"min_vdac_power\000"
ARM GAS  C:\Users\eylonk\AppData\Local\Temp\ccUCCRzt.s 			page 36


 1608      76646163 
 1608      5F706F77 
 1608      657200
 1609              	.LASF57:
 1610 049b 4F70616D 		.ascii	"Opamp_1_Start\000"
 1610      705F315F 
 1610      53746172 
 1610      7400
 1611              	.LASF64:
 1612 04a9 6C656473 		.ascii	"leds_enable_Write\000"
 1612      5F656E61 
 1612      626C655F 
 1612      57726974 
 1612      6500
 1613              	.LASF68:
 1614 04bb 474E5520 		.ascii	"GNU C11 5.4.1 20160609 (release) [ARM/embedded-5-br"
 1614      43313120 
 1614      352E342E 
 1614      31203230 
 1614      31363036 
 1615 04ee 616E6368 		.ascii	"anch revision 237715] -mcpu=cortex-m3 -mthumb -g -O"
 1615      20726576 
 1615      6973696F 
 1615      6E203233 
 1615      37373135 
 1616 0521 67202D66 		.ascii	"g -ffunction-sections -ffat-lto-objects\000"
 1616      66756E63 
 1616      74696F6E 
 1616      2D736563 
 1616      74696F6E 
 1617              	.LASF59:
 1618 0549 6F706572 		.ascii	"operation_input_Read\000"
 1618      6174696F 
 1618      6E5F696E 
 1618      7075745F 
 1618      52656164 
 1619              	.LASF53:
 1620 055e 56444143 		.ascii	"VDAC8_1_Start\000"
 1620      385F315F 
 1620      53746172 
 1620      7400
 1621              		.ident	"GCC: (GNU Tools for ARM Embedded Processors) 5.4.1 20160609 (release) [ARM/embedded-5-bran
