ARM GAS  C:\Users\elon1\AppData\Local\Temp\cc1730qT.s 			page 1


   1              		.syntax unified
   2              		.cpu cortex-m3
   3              		.fpu softvfp
   4              		.eabi_attribute 20, 1
   5              		.eabi_attribute 21, 1
   6              		.eabi_attribute 23, 3
   7              		.eabi_attribute 24, 1
   8              		.eabi_attribute 25, 1
   9              		.eabi_attribute 26, 1
  10              		.eabi_attribute 30, 4
  11              		.eabi_attribute 34, 1
  12              		.eabi_attribute 18, 4
  13              		.thumb
  14              		.syntax unified
  15              		.file	"main.c"
  16              		.text
  17              	.Ltext0:
  18              		.cfi_sections	.debug_frame
  19              		.section	.text.sw1_handler,"ax",%progbits
  20              		.align	1
  21              		.global	sw1_handler
  22              		.thumb
  23              		.thumb_func
  24              		.type	sw1_handler, %function
  25              	sw1_handler:
  26              	.LFB63:
  27              		.file 1 "main.c"
   1:main.c        **** /* ========================================
   2:main.c        ****  *
   3:main.c        ****  * Copyright YOUR COMPANY, THE YEAR
   4:main.c        ****  * All Rights Reserved
   5:main.c        ****  * UNPUBLISHED, LICENSED SOFTWARE.
   6:main.c        ****  *
   7:main.c        ****  * CONFIDENTIAL AND PROPRIETARY INFORMATION
   8:main.c        ****  * WHICH IS THE PROPERTY OF your company.
   9:main.c        ****  *
  10:main.c        ****  * ========================================
  11:main.c        **** */
  12:main.c        **** #include "project.h"
  13:main.c        **** 
  14:main.c        **** 
  15:main.c        **** CY_ISR( sw1_handler )
  16:main.c        **** {
  28              		.loc 1 16 0
  29              		.cfi_startproc
  30              		@ args = 0, pretend = 0, frame = 0
  31              		@ frame_needed = 0, uses_anonymous_args = 0
  32 0000 08B5     		push	{r3, lr}
  33              		.cfi_def_cfa_offset 8
  34              		.cfi_offset 3, -8
  35              		.cfi_offset 14, -4
  17:main.c        ****     led_Write( ~led_Read());
  36              		.loc 1 17 0
  37 0002 FFF7FEFF 		bl	led_Read
  38              	.LVL0:
  39 0006 C043     		mvns	r0, r0
  40 0008 C0B2     		uxtb	r0, r0
ARM GAS  C:\Users\elon1\AppData\Local\Temp\cc1730qT.s 			page 2


  41 000a FFF7FEFF 		bl	led_Write
  42              	.LVL1:
  18:main.c        ****     CyDelay(200);
  43              		.loc 1 18 0
  44 000e C820     		movs	r0, #200
  45 0010 FFF7FEFF 		bl	CyDelay
  46              	.LVL2:
  19:main.c        ****     led_Write( ~led_Read());
  47              		.loc 1 19 0
  48 0014 FFF7FEFF 		bl	led_Read
  49              	.LVL3:
  50 0018 C043     		mvns	r0, r0
  51 001a C0B2     		uxtb	r0, r0
  52 001c FFF7FEFF 		bl	led_Write
  53              	.LVL4:
  20:main.c        ****     CyDelay(200);
  54              		.loc 1 20 0
  55 0020 C820     		movs	r0, #200
  56 0022 FFF7FEFF 		bl	CyDelay
  57              	.LVL5:
  21:main.c        ****     led_Write( ~led_Read());
  58              		.loc 1 21 0
  59 0026 FFF7FEFF 		bl	led_Read
  60              	.LVL6:
  61 002a C043     		mvns	r0, r0
  62 002c C0B2     		uxtb	r0, r0
  63 002e FFF7FEFF 		bl	led_Write
  64              	.LVL7:
  22:main.c        ****     CyDelay(200);
  65              		.loc 1 22 0
  66 0032 C820     		movs	r0, #200
  67 0034 FFF7FEFF 		bl	CyDelay
  68              	.LVL8:
  23:main.c        ****      led_Write( ~led_Read());
  69              		.loc 1 23 0
  70 0038 FFF7FEFF 		bl	led_Read
  71              	.LVL9:
  72 003c C043     		mvns	r0, r0
  73 003e C0B2     		uxtb	r0, r0
  74 0040 FFF7FEFF 		bl	led_Write
  75              	.LVL10:
  24:main.c        ****     CyDelay(200);
  76              		.loc 1 24 0
  77 0044 C820     		movs	r0, #200
  78 0046 FFF7FEFF 		bl	CyDelay
  79              	.LVL11:
  25:main.c        ****     led_Write( ~led_Read());
  80              		.loc 1 25 0
  81 004a FFF7FEFF 		bl	led_Read
  82              	.LVL12:
  83 004e C043     		mvns	r0, r0
  84 0050 C0B2     		uxtb	r0, r0
  85 0052 FFF7FEFF 		bl	led_Write
  86              	.LVL13:
  26:main.c        ****     CyDelay(200);
  87              		.loc 1 26 0
  88 0056 C820     		movs	r0, #200
ARM GAS  C:\Users\elon1\AppData\Local\Temp\cc1730qT.s 			page 3


  89 0058 FFF7FEFF 		bl	CyDelay
  90              	.LVL14:
  27:main.c        ****     led_Write( ~led_Read());
  91              		.loc 1 27 0
  92 005c FFF7FEFF 		bl	led_Read
  93              	.LVL15:
  94 0060 C043     		mvns	r0, r0
  95 0062 C0B2     		uxtb	r0, r0
  96 0064 FFF7FEFF 		bl	led_Write
  97              	.LVL16:
  28:main.c        ****     CyDelay(200);
  98              		.loc 1 28 0
  99 0068 C820     		movs	r0, #200
 100 006a FFF7FEFF 		bl	CyDelay
 101              	.LVL17:
  29:main.c        ****     
  30:main.c        ****     sw1_ClearInterrupt();
  31:main.c        **** }
 102              		.loc 1 31 0
 103 006e BDE80840 		pop	{r3, lr}
 104              		.cfi_restore 14
 105              		.cfi_restore 3
 106              		.cfi_def_cfa_offset 0
  30:main.c        **** }
 107              		.loc 1 30 0
 108 0072 FFF7FEBF 		b	sw1_ClearInterrupt
 109              	.LVL18:
 110              		.cfi_endproc
 111              	.LFE63:
 112              		.size	sw1_handler, .-sw1_handler
 113              		.section	.text.startup.main,"ax",%progbits
 114              		.align	1
 115              		.global	main
 116              		.thumb
 117              		.thumb_func
 118              		.type	main, %function
 119              	main:
 120              	.LFB64:
  32:main.c        **** 
  33:main.c        **** int main(void)
  34:main.c        **** {
 121              		.loc 1 34 0
 122              		.cfi_startproc
 123              		@ Volatile: function does not return.
 124              		@ args = 0, pretend = 0, frame = 0
 125              		@ frame_needed = 0, uses_anonymous_args = 0
 126 0000 08B5     		push	{r3, lr}
 127              		.cfi_def_cfa_offset 8
 128              		.cfi_offset 3, -8
 129              		.cfi_offset 14, -4
  35:main.c        ****     CyGlobalIntEnable; /* Enable global interrupts. */
 130              		.loc 1 35 0
 131              		.syntax unified
 132              	@ 35 "main.c" 1
 133 0002 62B6     		CPSIE   i
 134              	@ 0 "" 2
  36:main.c        ****     sw1_Int_StartEx(sw1_handler);
ARM GAS  C:\Users\elon1\AppData\Local\Temp\cc1730qT.s 			page 4


 135              		.loc 1 36 0
 136              		.thumb
 137              		.syntax unified
 138 0004 0148     		ldr	r0, .L5
 139 0006 FFF7FEFF 		bl	sw1_Int_StartEx
 140              	.LVL19:
 141              	.L3:
 142 000a FEE7     		b	.L3
 143              	.L6:
 144              		.align	2
 145              	.L5:
 146 000c 00000000 		.word	sw1_handler
 147              		.cfi_endproc
 148              	.LFE64:
 149              		.size	main, .-main
 150              		.text
 151              	.Letext0:
 152              		.file 2 "c:\\program files (x86)\\cypress\\psoc creator\\4.4\\psoc creator\\import\\gnu\\arm\\5.4.
 153              		.file 3 "c:\\program files (x86)\\cypress\\psoc creator\\4.4\\psoc creator\\import\\gnu\\arm\\5.4.
 154              		.file 4 "Generated_Source\\PSoC5/led.h"
 155              		.file 5 "Generated_Source\\PSoC5/CyLib.h"
 156              		.file 6 "Generated_Source\\PSoC5/sw1.h"
 157              		.file 7 "Generated_Source\\PSoC5/sw1_Int.h"
 158              		.file 8 "Generated_Source\\PSoC5/core_cm3.h"
 159              		.section	.debug_info,"",%progbits
 160              	.Ldebug_info0:
 161 0000 19020000 		.4byte	0x219
 162 0004 0400     		.2byte	0x4
 163 0006 00000000 		.4byte	.Ldebug_abbrev0
 164 000a 04       		.byte	0x4
 165 000b 01       		.uleb128 0x1
 166 000c F8000000 		.4byte	.LASF21
 167 0010 0C       		.byte	0xc
 168 0011 2E000000 		.4byte	.LASF22
 169 0015 3A000000 		.4byte	.LASF23
 170 0019 00000000 		.4byte	.Ldebug_ranges0+0
 171 001d 00000000 		.4byte	0
 172 0021 00000000 		.4byte	.Ldebug_line0
 173 0025 02       		.uleb128 0x2
 174 0026 01       		.byte	0x1
 175 0027 06       		.byte	0x6
 176 0028 9C010000 		.4byte	.LASF0
 177 002c 02       		.uleb128 0x2
 178 002d 01       		.byte	0x1
 179 002e 08       		.byte	0x8
 180 002f CE000000 		.4byte	.LASF1
 181 0033 02       		.uleb128 0x2
 182 0034 02       		.byte	0x2
 183 0035 05       		.byte	0x5
 184 0036 CE010000 		.4byte	.LASF2
 185 003a 02       		.uleb128 0x2
 186 003b 02       		.byte	0x2
 187 003c 07       		.byte	0x7
 188 003d 0E000000 		.4byte	.LASF3
 189 0041 03       		.uleb128 0x3
 190 0042 B4010000 		.4byte	.LASF9
 191 0046 02       		.byte	0x2
ARM GAS  C:\Users\elon1\AppData\Local\Temp\cc1730qT.s 			page 5


 192 0047 3F       		.byte	0x3f
 193 0048 4C000000 		.4byte	0x4c
 194 004c 02       		.uleb128 0x2
 195 004d 04       		.byte	0x4
 196 004e 05       		.byte	0x5
 197 004f E8000000 		.4byte	.LASF4
 198 0053 02       		.uleb128 0x2
 199 0054 04       		.byte	0x4
 200 0055 07       		.byte	0x7
 201 0056 96000000 		.4byte	.LASF5
 202 005a 02       		.uleb128 0x2
 203 005b 08       		.byte	0x8
 204 005c 05       		.byte	0x5
 205 005d 00000000 		.4byte	.LASF6
 206 0061 02       		.uleb128 0x2
 207 0062 08       		.byte	0x8
 208 0063 07       		.byte	0x7
 209 0064 A8000000 		.4byte	.LASF7
 210 0068 04       		.uleb128 0x4
 211 0069 04       		.byte	0x4
 212 006a 05       		.byte	0x5
 213 006b 696E7400 		.ascii	"int\000"
 214 006f 02       		.uleb128 0x2
 215 0070 04       		.byte	0x4
 216 0071 07       		.byte	0x7
 217 0072 21000000 		.4byte	.LASF8
 218 0076 03       		.uleb128 0x3
 219 0077 D8010000 		.4byte	.LASF10
 220 007b 03       		.byte	0x3
 221 007c 2C       		.byte	0x2c
 222 007d 41000000 		.4byte	0x41
 223 0081 02       		.uleb128 0x2
 224 0082 04       		.byte	0x4
 225 0083 04       		.byte	0x4
 226 0084 BF000000 		.4byte	.LASF11
 227 0088 02       		.uleb128 0x2
 228 0089 08       		.byte	0x8
 229 008a 04       		.byte	0x4
 230 008b F1000000 		.4byte	.LASF12
 231 008f 02       		.uleb128 0x2
 232 0090 01       		.byte	0x1
 233 0091 08       		.byte	0x8
 234 0092 EA010000 		.4byte	.LASF13
 235 0096 02       		.uleb128 0x2
 236 0097 04       		.byte	0x4
 237 0098 07       		.byte	0x7
 238 0099 86010000 		.4byte	.LASF14
 239 009d 02       		.uleb128 0x2
 240 009e 08       		.byte	0x8
 241 009f 04       		.byte	0x4
 242 00a0 A8010000 		.4byte	.LASF15
 243 00a4 05       		.uleb128 0x5
 244 00a5 DC000000 		.4byte	.LASF24
 245 00a9 01       		.byte	0x1
 246 00aa 0F       		.byte	0xf
 247 00ab 00000000 		.4byte	.LFB63
 248 00af 76000000 		.4byte	.LFE63-.LFB63
ARM GAS  C:\Users\elon1\AppData\Local\Temp\cc1730qT.s 			page 6


 249 00b3 01       		.uleb128 0x1
 250 00b4 9C       		.byte	0x9c
 251 00b5 A7010000 		.4byte	0x1a7
 252 00b9 06       		.uleb128 0x6
 253 00ba 06000000 		.4byte	.LVL0
 254 00be E5010000 		.4byte	0x1e5
 255 00c2 06       		.uleb128 0x6
 256 00c3 0E000000 		.4byte	.LVL1
 257 00c7 F0010000 		.4byte	0x1f0
 258 00cb 07       		.uleb128 0x7
 259 00cc 14000000 		.4byte	.LVL2
 260 00d0 FB010000 		.4byte	0x1fb
 261 00d4 DF000000 		.4byte	0xdf
 262 00d8 08       		.uleb128 0x8
 263 00d9 01       		.uleb128 0x1
 264 00da 50       		.byte	0x50
 265 00db 02       		.uleb128 0x2
 266 00dc 08       		.byte	0x8
 267 00dd C8       		.byte	0xc8
 268 00de 00       		.byte	0
 269 00df 06       		.uleb128 0x6
 270 00e0 18000000 		.4byte	.LVL3
 271 00e4 E5010000 		.4byte	0x1e5
 272 00e8 06       		.uleb128 0x6
 273 00e9 20000000 		.4byte	.LVL4
 274 00ed F0010000 		.4byte	0x1f0
 275 00f1 07       		.uleb128 0x7
 276 00f2 26000000 		.4byte	.LVL5
 277 00f6 FB010000 		.4byte	0x1fb
 278 00fa 05010000 		.4byte	0x105
 279 00fe 08       		.uleb128 0x8
 280 00ff 01       		.uleb128 0x1
 281 0100 50       		.byte	0x50
 282 0101 02       		.uleb128 0x2
 283 0102 08       		.byte	0x8
 284 0103 C8       		.byte	0xc8
 285 0104 00       		.byte	0
 286 0105 06       		.uleb128 0x6
 287 0106 2A000000 		.4byte	.LVL6
 288 010a E5010000 		.4byte	0x1e5
 289 010e 06       		.uleb128 0x6
 290 010f 32000000 		.4byte	.LVL7
 291 0113 F0010000 		.4byte	0x1f0
 292 0117 07       		.uleb128 0x7
 293 0118 38000000 		.4byte	.LVL8
 294 011c FB010000 		.4byte	0x1fb
 295 0120 2B010000 		.4byte	0x12b
 296 0124 08       		.uleb128 0x8
 297 0125 01       		.uleb128 0x1
 298 0126 50       		.byte	0x50
 299 0127 02       		.uleb128 0x2
 300 0128 08       		.byte	0x8
 301 0129 C8       		.byte	0xc8
 302 012a 00       		.byte	0
 303 012b 06       		.uleb128 0x6
 304 012c 3C000000 		.4byte	.LVL9
 305 0130 E5010000 		.4byte	0x1e5
ARM GAS  C:\Users\elon1\AppData\Local\Temp\cc1730qT.s 			page 7


 306 0134 06       		.uleb128 0x6
 307 0135 44000000 		.4byte	.LVL10
 308 0139 F0010000 		.4byte	0x1f0
 309 013d 07       		.uleb128 0x7
 310 013e 4A000000 		.4byte	.LVL11
 311 0142 FB010000 		.4byte	0x1fb
 312 0146 51010000 		.4byte	0x151
 313 014a 08       		.uleb128 0x8
 314 014b 01       		.uleb128 0x1
 315 014c 50       		.byte	0x50
 316 014d 02       		.uleb128 0x2
 317 014e 08       		.byte	0x8
 318 014f C8       		.byte	0xc8
 319 0150 00       		.byte	0
 320 0151 06       		.uleb128 0x6
 321 0152 4E000000 		.4byte	.LVL12
 322 0156 E5010000 		.4byte	0x1e5
 323 015a 06       		.uleb128 0x6
 324 015b 56000000 		.4byte	.LVL13
 325 015f F0010000 		.4byte	0x1f0
 326 0163 07       		.uleb128 0x7
 327 0164 5C000000 		.4byte	.LVL14
 328 0168 FB010000 		.4byte	0x1fb
 329 016c 77010000 		.4byte	0x177
 330 0170 08       		.uleb128 0x8
 331 0171 01       		.uleb128 0x1
 332 0172 50       		.byte	0x50
 333 0173 02       		.uleb128 0x2
 334 0174 08       		.byte	0x8
 335 0175 C8       		.byte	0xc8
 336 0176 00       		.byte	0
 337 0177 06       		.uleb128 0x6
 338 0178 60000000 		.4byte	.LVL15
 339 017c E5010000 		.4byte	0x1e5
 340 0180 06       		.uleb128 0x6
 341 0181 68000000 		.4byte	.LVL16
 342 0185 F0010000 		.4byte	0x1f0
 343 0189 07       		.uleb128 0x7
 344 018a 6E000000 		.4byte	.LVL17
 345 018e FB010000 		.4byte	0x1fb
 346 0192 9D010000 		.4byte	0x19d
 347 0196 08       		.uleb128 0x8
 348 0197 01       		.uleb128 0x1
 349 0198 50       		.byte	0x50
 350 0199 02       		.uleb128 0x2
 351 019a 08       		.byte	0x8
 352 019b C8       		.byte	0xc8
 353 019c 00       		.byte	0
 354 019d 09       		.uleb128 0x9
 355 019e 76000000 		.4byte	.LVL18
 356 01a2 06020000 		.4byte	0x206
 357 01a6 00       		.byte	0
 358 01a7 0A       		.uleb128 0xa
 359 01a8 35000000 		.4byte	.LASF25
 360 01ac 01       		.byte	0x1
 361 01ad 21       		.byte	0x21
 362 01ae 68000000 		.4byte	0x68
ARM GAS  C:\Users\elon1\AppData\Local\Temp\cc1730qT.s 			page 8


 363 01b2 00000000 		.4byte	.LFB64
 364 01b6 10000000 		.4byte	.LFE64-.LFB64
 365 01ba 01       		.uleb128 0x1
 366 01bb 9C       		.byte	0x9c
 367 01bc D4010000 		.4byte	0x1d4
 368 01c0 0B       		.uleb128 0xb
 369 01c1 0A000000 		.4byte	.LVL19
 370 01c5 11020000 		.4byte	0x211
 371 01c9 08       		.uleb128 0x8
 372 01ca 01       		.uleb128 0x1
 373 01cb 50       		.byte	0x50
 374 01cc 05       		.uleb128 0x5
 375 01cd 03       		.byte	0x3
 376 01ce 00000000 		.4byte	sw1_handler
 377 01d2 00       		.byte	0
 378 01d3 00       		.byte	0
 379 01d4 0C       		.uleb128 0xc
 380 01d5 8F010000 		.4byte	.LASF26
 381 01d9 08       		.byte	0x8
 382 01da 1207     		.2byte	0x712
 383 01dc E0010000 		.4byte	0x1e0
 384 01e0 0D       		.uleb128 0xd
 385 01e1 76000000 		.4byte	0x76
 386 01e5 0E       		.uleb128 0xe
 387 01e6 C5000000 		.4byte	.LASF16
 388 01ea C5000000 		.4byte	.LASF16
 389 01ee 04       		.byte	0x4
 390 01ef 29       		.byte	0x29
 391 01f0 0E       		.uleb128 0xe
 392 01f1 E0010000 		.4byte	.LASF17
 393 01f5 E0010000 		.4byte	.LASF17
 394 01f9 04       		.byte	0x4
 395 01fa 26       		.byte	0x26
 396 01fb 0E       		.uleb128 0xe
 397 01fc 7B000000 		.4byte	.LASF18
 398 0200 7B000000 		.4byte	.LASF18
 399 0204 05       		.byte	0x5
 400 0205 76       		.byte	0x76
 401 0206 0E       		.uleb128 0xe
 402 0207 83000000 		.4byte	.LASF19
 403 020b 83000000 		.4byte	.LASF19
 404 020f 06       		.byte	0x6
 405 0210 2B       		.byte	0x2b
 406 0211 0E       		.uleb128 0xe
 407 0212 BE010000 		.4byte	.LASF20
 408 0216 BE010000 		.4byte	.LASF20
 409 021a 07       		.byte	0x7
 410 021b 18       		.byte	0x18
 411 021c 00       		.byte	0
 412              		.section	.debug_abbrev,"",%progbits
 413              	.Ldebug_abbrev0:
 414 0000 01       		.uleb128 0x1
 415 0001 11       		.uleb128 0x11
 416 0002 01       		.byte	0x1
 417 0003 25       		.uleb128 0x25
 418 0004 0E       		.uleb128 0xe
 419 0005 13       		.uleb128 0x13
ARM GAS  C:\Users\elon1\AppData\Local\Temp\cc1730qT.s 			page 9


 420 0006 0B       		.uleb128 0xb
 421 0007 03       		.uleb128 0x3
 422 0008 0E       		.uleb128 0xe
 423 0009 1B       		.uleb128 0x1b
 424 000a 0E       		.uleb128 0xe
 425 000b 55       		.uleb128 0x55
 426 000c 17       		.uleb128 0x17
 427 000d 11       		.uleb128 0x11
 428 000e 01       		.uleb128 0x1
 429 000f 10       		.uleb128 0x10
 430 0010 17       		.uleb128 0x17
 431 0011 00       		.byte	0
 432 0012 00       		.byte	0
 433 0013 02       		.uleb128 0x2
 434 0014 24       		.uleb128 0x24
 435 0015 00       		.byte	0
 436 0016 0B       		.uleb128 0xb
 437 0017 0B       		.uleb128 0xb
 438 0018 3E       		.uleb128 0x3e
 439 0019 0B       		.uleb128 0xb
 440 001a 03       		.uleb128 0x3
 441 001b 0E       		.uleb128 0xe
 442 001c 00       		.byte	0
 443 001d 00       		.byte	0
 444 001e 03       		.uleb128 0x3
 445 001f 16       		.uleb128 0x16
 446 0020 00       		.byte	0
 447 0021 03       		.uleb128 0x3
 448 0022 0E       		.uleb128 0xe
 449 0023 3A       		.uleb128 0x3a
 450 0024 0B       		.uleb128 0xb
 451 0025 3B       		.uleb128 0x3b
 452 0026 0B       		.uleb128 0xb
 453 0027 49       		.uleb128 0x49
 454 0028 13       		.uleb128 0x13
 455 0029 00       		.byte	0
 456 002a 00       		.byte	0
 457 002b 04       		.uleb128 0x4
 458 002c 24       		.uleb128 0x24
 459 002d 00       		.byte	0
 460 002e 0B       		.uleb128 0xb
 461 002f 0B       		.uleb128 0xb
 462 0030 3E       		.uleb128 0x3e
 463 0031 0B       		.uleb128 0xb
 464 0032 03       		.uleb128 0x3
 465 0033 08       		.uleb128 0x8
 466 0034 00       		.byte	0
 467 0035 00       		.byte	0
 468 0036 05       		.uleb128 0x5
 469 0037 2E       		.uleb128 0x2e
 470 0038 01       		.byte	0x1
 471 0039 3F       		.uleb128 0x3f
 472 003a 19       		.uleb128 0x19
 473 003b 03       		.uleb128 0x3
 474 003c 0E       		.uleb128 0xe
 475 003d 3A       		.uleb128 0x3a
 476 003e 0B       		.uleb128 0xb
ARM GAS  C:\Users\elon1\AppData\Local\Temp\cc1730qT.s 			page 10


 477 003f 3B       		.uleb128 0x3b
 478 0040 0B       		.uleb128 0xb
 479 0041 27       		.uleb128 0x27
 480 0042 19       		.uleb128 0x19
 481 0043 11       		.uleb128 0x11
 482 0044 01       		.uleb128 0x1
 483 0045 12       		.uleb128 0x12
 484 0046 06       		.uleb128 0x6
 485 0047 40       		.uleb128 0x40
 486 0048 18       		.uleb128 0x18
 487 0049 9742     		.uleb128 0x2117
 488 004b 19       		.uleb128 0x19
 489 004c 01       		.uleb128 0x1
 490 004d 13       		.uleb128 0x13
 491 004e 00       		.byte	0
 492 004f 00       		.byte	0
 493 0050 06       		.uleb128 0x6
 494 0051 898201   		.uleb128 0x4109
 495 0054 00       		.byte	0
 496 0055 11       		.uleb128 0x11
 497 0056 01       		.uleb128 0x1
 498 0057 31       		.uleb128 0x31
 499 0058 13       		.uleb128 0x13
 500 0059 00       		.byte	0
 501 005a 00       		.byte	0
 502 005b 07       		.uleb128 0x7
 503 005c 898201   		.uleb128 0x4109
 504 005f 01       		.byte	0x1
 505 0060 11       		.uleb128 0x11
 506 0061 01       		.uleb128 0x1
 507 0062 31       		.uleb128 0x31
 508 0063 13       		.uleb128 0x13
 509 0064 01       		.uleb128 0x1
 510 0065 13       		.uleb128 0x13
 511 0066 00       		.byte	0
 512 0067 00       		.byte	0
 513 0068 08       		.uleb128 0x8
 514 0069 8A8201   		.uleb128 0x410a
 515 006c 00       		.byte	0
 516 006d 02       		.uleb128 0x2
 517 006e 18       		.uleb128 0x18
 518 006f 9142     		.uleb128 0x2111
 519 0071 18       		.uleb128 0x18
 520 0072 00       		.byte	0
 521 0073 00       		.byte	0
 522 0074 09       		.uleb128 0x9
 523 0075 898201   		.uleb128 0x4109
 524 0078 00       		.byte	0
 525 0079 11       		.uleb128 0x11
 526 007a 01       		.uleb128 0x1
 527 007b 9542     		.uleb128 0x2115
 528 007d 19       		.uleb128 0x19
 529 007e 31       		.uleb128 0x31
 530 007f 13       		.uleb128 0x13
 531 0080 00       		.byte	0
 532 0081 00       		.byte	0
 533 0082 0A       		.uleb128 0xa
ARM GAS  C:\Users\elon1\AppData\Local\Temp\cc1730qT.s 			page 11


 534 0083 2E       		.uleb128 0x2e
 535 0084 01       		.byte	0x1
 536 0085 3F       		.uleb128 0x3f
 537 0086 19       		.uleb128 0x19
 538 0087 03       		.uleb128 0x3
 539 0088 0E       		.uleb128 0xe
 540 0089 3A       		.uleb128 0x3a
 541 008a 0B       		.uleb128 0xb
 542 008b 3B       		.uleb128 0x3b
 543 008c 0B       		.uleb128 0xb
 544 008d 27       		.uleb128 0x27
 545 008e 19       		.uleb128 0x19
 546 008f 49       		.uleb128 0x49
 547 0090 13       		.uleb128 0x13
 548 0091 8701     		.uleb128 0x87
 549 0093 19       		.uleb128 0x19
 550 0094 11       		.uleb128 0x11
 551 0095 01       		.uleb128 0x1
 552 0096 12       		.uleb128 0x12
 553 0097 06       		.uleb128 0x6
 554 0098 40       		.uleb128 0x40
 555 0099 18       		.uleb128 0x18
 556 009a 9742     		.uleb128 0x2117
 557 009c 19       		.uleb128 0x19
 558 009d 01       		.uleb128 0x1
 559 009e 13       		.uleb128 0x13
 560 009f 00       		.byte	0
 561 00a0 00       		.byte	0
 562 00a1 0B       		.uleb128 0xb
 563 00a2 898201   		.uleb128 0x4109
 564 00a5 01       		.byte	0x1
 565 00a6 11       		.uleb128 0x11
 566 00a7 01       		.uleb128 0x1
 567 00a8 31       		.uleb128 0x31
 568 00a9 13       		.uleb128 0x13
 569 00aa 00       		.byte	0
 570 00ab 00       		.byte	0
 571 00ac 0C       		.uleb128 0xc
 572 00ad 34       		.uleb128 0x34
 573 00ae 00       		.byte	0
 574 00af 03       		.uleb128 0x3
 575 00b0 0E       		.uleb128 0xe
 576 00b1 3A       		.uleb128 0x3a
 577 00b2 0B       		.uleb128 0xb
 578 00b3 3B       		.uleb128 0x3b
 579 00b4 05       		.uleb128 0x5
 580 00b5 49       		.uleb128 0x49
 581 00b6 13       		.uleb128 0x13
 582 00b7 3F       		.uleb128 0x3f
 583 00b8 19       		.uleb128 0x19
 584 00b9 3C       		.uleb128 0x3c
 585 00ba 19       		.uleb128 0x19
 586 00bb 00       		.byte	0
 587 00bc 00       		.byte	0
 588 00bd 0D       		.uleb128 0xd
 589 00be 35       		.uleb128 0x35
 590 00bf 00       		.byte	0
ARM GAS  C:\Users\elon1\AppData\Local\Temp\cc1730qT.s 			page 12


 591 00c0 49       		.uleb128 0x49
 592 00c1 13       		.uleb128 0x13
 593 00c2 00       		.byte	0
 594 00c3 00       		.byte	0
 595 00c4 0E       		.uleb128 0xe
 596 00c5 2E       		.uleb128 0x2e
 597 00c6 00       		.byte	0
 598 00c7 3F       		.uleb128 0x3f
 599 00c8 19       		.uleb128 0x19
 600 00c9 3C       		.uleb128 0x3c
 601 00ca 19       		.uleb128 0x19
 602 00cb 6E       		.uleb128 0x6e
 603 00cc 0E       		.uleb128 0xe
 604 00cd 03       		.uleb128 0x3
 605 00ce 0E       		.uleb128 0xe
 606 00cf 3A       		.uleb128 0x3a
 607 00d0 0B       		.uleb128 0xb
 608 00d1 3B       		.uleb128 0x3b
 609 00d2 0B       		.uleb128 0xb
 610 00d3 00       		.byte	0
 611 00d4 00       		.byte	0
 612 00d5 00       		.byte	0
 613              		.section	.debug_aranges,"",%progbits
 614 0000 24000000 		.4byte	0x24
 615 0004 0200     		.2byte	0x2
 616 0006 00000000 		.4byte	.Ldebug_info0
 617 000a 04       		.byte	0x4
 618 000b 00       		.byte	0
 619 000c 0000     		.2byte	0
 620 000e 0000     		.2byte	0
 621 0010 00000000 		.4byte	.LFB63
 622 0014 76000000 		.4byte	.LFE63-.LFB63
 623 0018 00000000 		.4byte	.LFB64
 624 001c 10000000 		.4byte	.LFE64-.LFB64
 625 0020 00000000 		.4byte	0
 626 0024 00000000 		.4byte	0
 627              		.section	.debug_ranges,"",%progbits
 628              	.Ldebug_ranges0:
 629 0000 00000000 		.4byte	.LFB63
 630 0004 76000000 		.4byte	.LFE63
 631 0008 00000000 		.4byte	.LFB64
 632 000c 10000000 		.4byte	.LFE64
 633 0010 00000000 		.4byte	0
 634 0014 00000000 		.4byte	0
 635              		.section	.debug_line,"",%progbits
 636              	.Ldebug_line0:
 637 0000 9D010000 		.section	.debug_str,"MS",%progbits,1
 637      02006901 
 637      00000201 
 637      FB0E0D00 
 637      01010101 
 638              	.LASF6:
 639 0000 6C6F6E67 		.ascii	"long long int\000"
 639      206C6F6E 
 639      6720696E 
 639      7400
 640              	.LASF3:
ARM GAS  C:\Users\elon1\AppData\Local\Temp\cc1730qT.s 			page 13


 641 000e 73686F72 		.ascii	"short unsigned int\000"
 641      7420756E 
 641      7369676E 
 641      65642069 
 641      6E7400
 642              	.LASF8:
 643 0021 756E7369 		.ascii	"unsigned int\000"
 643      676E6564 
 643      20696E74 
 643      00
 644              	.LASF22:
 645 002e 6D61696E 		.ascii	"main.c\000"
 645      2E6300
 646              	.LASF25:
 647 0035 6D61696E 		.ascii	"main\000"
 647      00
 648              	.LASF23:
 649 003a 433A5C55 		.ascii	"C:\\Users\\elon1\\Desktop\\psoc\\Workspace01\\lesso"
 649      73657273 
 649      5C656C6F 
 649      6E315C44 
 649      65736B74 
 650 0067 6E335F69 		.ascii	"n3_interrupts.cydsn\000"
 650      6E746572 
 650      72757074 
 650      732E6379 
 650      64736E00 
 651              	.LASF18:
 652 007b 43794465 		.ascii	"CyDelay\000"
 652      6C617900 
 653              	.LASF19:
 654 0083 7377315F 		.ascii	"sw1_ClearInterrupt\000"
 654      436C6561 
 654      72496E74 
 654      65727275 
 654      707400
 655              	.LASF5:
 656 0096 6C6F6E67 		.ascii	"long unsigned int\000"
 656      20756E73 
 656      69676E65 
 656      6420696E 
 656      7400
 657              	.LASF7:
 658 00a8 6C6F6E67 		.ascii	"long long unsigned int\000"
 658      206C6F6E 
 658      6720756E 
 658      7369676E 
 658      65642069 
 659              	.LASF11:
 660 00bf 666C6F61 		.ascii	"float\000"
 660      7400
 661              	.LASF16:
 662 00c5 6C65645F 		.ascii	"led_Read\000"
 662      52656164 
 662      00
 663              	.LASF1:
 664 00ce 756E7369 		.ascii	"unsigned char\000"
ARM GAS  C:\Users\elon1\AppData\Local\Temp\cc1730qT.s 			page 14


 664      676E6564 
 664      20636861 
 664      7200
 665              	.LASF24:
 666 00dc 7377315F 		.ascii	"sw1_handler\000"
 666      68616E64 
 666      6C657200 
 667              	.LASF4:
 668 00e8 6C6F6E67 		.ascii	"long int\000"
 668      20696E74 
 668      00
 669              	.LASF12:
 670 00f1 646F7562 		.ascii	"double\000"
 670      6C6500
 671              	.LASF21:
 672 00f8 474E5520 		.ascii	"GNU C11 5.4.1 20160609 (release) [ARM/embedded-5-br"
 672      43313120 
 672      352E342E 
 672      31203230 
 672      31363036 
 673 012b 616E6368 		.ascii	"anch revision 237715] -mcpu=cortex-m3 -mthumb -g -O"
 673      20726576 
 673      6973696F 
 673      6E203233 
 673      37373135 
 674 015e 73202D66 		.ascii	"s -ffunction-sections -ffat-lto-objects\000"
 674      66756E63 
 674      74696F6E 
 674      2D736563 
 674      74696F6E 
 675              	.LASF14:
 676 0186 73697A65 		.ascii	"sizetype\000"
 676      74797065 
 676      00
 677              	.LASF26:
 678 018f 49544D5F 		.ascii	"ITM_RxBuffer\000"
 678      52784275 
 678      66666572 
 678      00
 679              	.LASF0:
 680 019c 7369676E 		.ascii	"signed char\000"
 680      65642063 
 680      68617200 
 681              	.LASF15:
 682 01a8 6C6F6E67 		.ascii	"long double\000"
 682      20646F75 
 682      626C6500 
 683              	.LASF9:
 684 01b4 5F5F696E 		.ascii	"__int32_t\000"
 684      7433325F 
 684      7400
 685              	.LASF20:
 686 01be 7377315F 		.ascii	"sw1_Int_StartEx\000"
 686      496E745F 
 686      53746172 
 686      74457800 
 687              	.LASF2:
ARM GAS  C:\Users\elon1\AppData\Local\Temp\cc1730qT.s 			page 15


 688 01ce 73686F72 		.ascii	"short int\000"
 688      7420696E 
 688      7400
 689              	.LASF10:
 690 01d8 696E7433 		.ascii	"int32_t\000"
 690      325F7400 
 691              	.LASF17:
 692 01e0 6C65645F 		.ascii	"led_Write\000"
 692      57726974 
 692      6500
 693              	.LASF13:
 694 01ea 63686172 		.ascii	"char\000"
 694      00
 695              		.ident	"GCC: (GNU Tools for ARM Embedded Processors) 5.4.1 20160609 (release) [ARM/embedded-5-bran
