ARM GAS  C:\Users\elon1\AppData\Local\Temp\cc62V3a6.s 			page 1


   1              		.syntax unified
   2              		.cpu cortex-m3
   3              		.fpu softvfp
   4              		.eabi_attribute 20, 1
   5              		.eabi_attribute 21, 1
   6              		.eabi_attribute 23, 3
   7              		.eabi_attribute 24, 1
   8              		.eabi_attribute 25, 1
   9              		.eabi_attribute 26, 1
  10              		.eabi_attribute 30, 4
  11              		.eabi_attribute 34, 1
  12              		.eabi_attribute 18, 4
  13              		.thumb
  14              		.syntax unified
  15              		.file	"cymetadata.c"
  16              		.text
  17              	.Ltext0:
  18              		.cfi_sections	.debug_frame
  19              		.global	cy_metadata
  20              		.global	cy_meta_flashprotect
  21              		.global	cy_meta_wonvl
  22              		.global	cy_meta_custnvl
  23              		.global	cy_meta_configecc
  24              		.section	.cyconfigecc,"a",%progbits
  25              		.type	cy_meta_configecc, %object
  26              		.size	cy_meta_configecc, 244
  27              	cy_meta_configecc:
  28 0000 01       		.byte	1
  29 0001 52       		.byte	82
  30 0002 00       		.byte	0
  31 0003 40       		.byte	64
  32 0004 01       		.byte	1
  33 0005 64       		.byte	100
  34 0006 00       		.byte	0
  35 0007 40       		.byte	64
  36 0008 02       		.byte	2
  37 0009 0B       		.byte	11
  38 000a 01       		.byte	1
  39 000b 40       		.byte	64
  40 000c 3B       		.byte	59
  41 000d 0C       		.byte	12
  42 000e 01       		.byte	1
  43 000f 40       		.byte	64
  44 0010 1C       		.byte	28
  45 0011 0D       		.byte	13
  46 0012 01       		.byte	1
  47 0013 40       		.byte	64
  48 0014 02       		.byte	2
  49 0015 45       		.byte	69
  50 0016 01       		.byte	1
  51 0017 40       		.byte	64
  52 0018 01       		.byte	1
  53 0019 46       		.byte	70
  54 001a 01       		.byte	1
  55 001b 40       		.byte	64
  56 001c 02       		.byte	2
  57 001d 50       		.byte	80
ARM GAS  C:\Users\elon1\AppData\Local\Temp\cc62V3a6.s 			page 2


  58 001e 01       		.byte	1
  59 001f 40       		.byte	64
  60 0020 11       		.byte	17
  61 0021 02       		.byte	2
  62 0022 8D       		.byte	-115
  63 0023 0D       		.byte	13
  64 0024 AB       		.byte	-85
  65 0025 80       		.byte	-128
  66 0026 EC       		.byte	-20
  67 0027 04       		.byte	4
  68 0028 40       		.byte	64
  69 0029 60       		.byte	96
  70 002a 41       		.byte	65
  71 002b 05       		.byte	5
  72 002c 49       		.byte	73
  73 002d FF       		.byte	-1
  74 002e 4A       		.byte	74
  75 002f FF       		.byte	-1
  76 0030 4B       		.byte	75
  77 0031 FF       		.byte	-1
  78 0032 4D       		.byte	77
  79 0033 A0       		.byte	-96
  80 0034 4F       		.byte	79
  81 0035 04       		.byte	4
  82 0036 50       		.byte	80
  83 0037 18       		.byte	24
  84 0038 5A       		.byte	90
  85 0039 04       		.byte	4
  86 003a 5F       		.byte	95
  87 003b 01       		.byte	1
  88 003c 60       		.byte	96
  89 003d 40       		.byte	64
  90 003e 62       		.byte	98
  91 003f C0       		.byte	-64
  92 0040 64       		.byte	100
  93 0041 40       		.byte	64
  94 0042 65       		.byte	101
  95 0043 40       		.byte	64
  96 0044 66       		.byte	102
  97 0045 C0       		.byte	-64
  98 0046 68       		.byte	104
  99 0047 C0       		.byte	-64
 100 0048 6A       		.byte	106
 101 0049 C0       		.byte	-64
 102 004a 6C       		.byte	108
 103 004b C0       		.byte	-64
 104 004c 6E       		.byte	110
 105 004d C0       		.byte	-64
 106 004e 8E       		.byte	-114
 107 004f 02       		.byte	2
 108 0050 92       		.byte	-110
 109 0051 01       		.byte	1
 110 0052 9A       		.byte	-102
 111 0053 06       		.byte	6
 112 0054 9B       		.byte	-101
 113 0055 01       		.byte	1
 114 0056 A6       		.byte	-90
ARM GAS  C:\Users\elon1\AppData\Local\Temp\cc62V3a6.s 			page 3


 115 0057 0C       		.byte	12
 116 0058 AD       		.byte	-83
 117 0059 01       		.byte	1
 118 005a B0       		.byte	-80
 119 005b 08       		.byte	8
 120 005c B2       		.byte	-78
 121 005d 02       		.byte	2
 122 005e B4       		.byte	-76
 123 005f 01       		.byte	1
 124 0060 B6       		.byte	-74
 125 0061 04       		.byte	4
 126 0062 B7       		.byte	-73
 127 0063 01       		.byte	1
 128 0064 BE       		.byte	-66
 129 0065 04       		.byte	4
 130 0066 C0       		.byte	-64
 131 0067 20       		.byte	32
 132 0068 C1       		.byte	-63
 133 0069 05       		.byte	5
 134 006a C5       		.byte	-59
 135 006b D1       		.byte	-47
 136 006c C7       		.byte	-57
 137 006d 20       		.byte	32
 138 006e C8       		.byte	-56
 139 006f 23       		.byte	35
 140 0070 C9       		.byte	-55
 141 0071 FF       		.byte	-1
 142 0072 CA       		.byte	-54
 143 0073 FF       		.byte	-1
 144 0074 CB       		.byte	-53
 145 0075 FF       		.byte	-1
 146 0076 CD       		.byte	-51
 147 0077 AF       		.byte	-81
 148 0078 CE       		.byte	-50
 149 0079 0F       		.byte	15
 150 007a CF       		.byte	-49
 151 007b 04       		.byte	4
 152 007c D0       		.byte	-48
 153 007d 18       		.byte	24
 154 007e D2       		.byte	-46
 155 007f 80       		.byte	-128
 156 0080 D4       		.byte	-44
 157 0081 05       		.byte	5
 158 0082 D8       		.byte	-40
 159 0083 04       		.byte	4
 160 0084 D9       		.byte	-39
 161 0085 04       		.byte	4
 162 0086 DA       		.byte	-38
 163 0087 04       		.byte	4
 164 0088 DB       		.byte	-37
 165 0089 04       		.byte	4
 166 008a DF       		.byte	-33
 167 008b 01       		.byte	1
 168 008c E0       		.byte	-32
 169 008d 40       		.byte	64
 170 008e E2       		.byte	-30
 171 008f C0       		.byte	-64
ARM GAS  C:\Users\elon1\AppData\Local\Temp\cc62V3a6.s 			page 4


 172 0090 E4       		.byte	-28
 173 0091 40       		.byte	64
 174 0092 E5       		.byte	-27
 175 0093 40       		.byte	64
 176 0094 E6       		.byte	-26
 177 0095 C0       		.byte	-64
 178 0096 E8       		.byte	-24
 179 0097 C0       		.byte	-64
 180 0098 EA       		.byte	-22
 181 0099 C0       		.byte	-64
 182 009a EC       		.byte	-20
 183 009b C0       		.byte	-64
 184 009c EE       		.byte	-18
 185 009d C0       		.byte	-64
 186 009e 02       		.byte	2
 187 009f 02       		.byte	2
 188 00a0 09       		.byte	9
 189 00a1 02       		.byte	2
 190 00a2 0A       		.byte	10
 191 00a3 04       		.byte	4
 192 00a4 10       		.byte	16
 193 00a5 20       		.byte	32
 194 00a6 19       		.byte	25
 195 00a7 04       		.byte	4
 196 00a8 1A       		.byte	26
 197 00a9 04       		.byte	4
 198 00aa 1B       		.byte	27
 199 00ab 91       		.byte	-111
 200 00ac 22       		.byte	34
 201 00ad 40       		.byte	64
 202 00ae 2B       		.byte	43
 203 00af 01       		.byte	1
 204 00b0 30       		.byte	48
 205 00b1 20       		.byte	32
 206 00b2 42       		.byte	66
 207 00b3 04       		.byte	4
 208 00b4 48       		.byte	72
 209 00b5 20       		.byte	32
 210 00b6 49       		.byte	73
 211 00b7 01       		.byte	1
 212 00b8 4A       		.byte	74
 213 00b9 02       		.byte	2
 214 00ba 4E       		.byte	78
 215 00bb 02       		.byte	2
 216 00bc 4F       		.byte	79
 217 00bd 20       		.byte	32
 218 00be 52       		.byte	82
 219 00bf 02       		.byte	2
 220 00c0 59       		.byte	89
 221 00c1 05       		.byte	5
 222 00c2 5A       		.byte	90
 223 00c3 80       		.byte	-128
 224 00c4 71       		.byte	113
 225 00c5 02       		.byte	2
 226 00c6 C0       		.byte	-64
 227 00c7 01       		.byte	1
 228 00c8 C2       		.byte	-62
ARM GAS  C:\Users\elon1\AppData\Local\Temp\cc62V3a6.s 			page 5


 229 00c9 0A       		.byte	10
 230 00ca C4       		.byte	-60
 231 00cb 04       		.byte	4
 232 00cc CA       		.byte	-54
 233 00cd 08       		.byte	8
 234 00ce CC       		.byte	-52
 235 00cf 04       		.byte	4
 236 00d0 D0       		.byte	-48
 237 00d1 04       		.byte	4
 238 00d2 D2       		.byte	-46
 239 00d3 38       		.byte	56
 240 00d4 D6       		.byte	-42
 241 00d5 0B       		.byte	11
 242 00d6 53       		.byte	83
 243 00d7 01       		.byte	1
 244 00d8 D4       		.byte	-44
 245 00d9 01       		.byte	1
 246 00da AB       		.byte	-85
 247 00db 01       		.byte	1
 248 00dc 00       		.byte	0
 249 00dd 01       		.byte	1
 250 00de 0E       		.byte	14
 251 00df 01       		.byte	1
 252 00e0 00       		.byte	0
 253 00e1 0B       		.byte	11
 254 00e2 0B       		.byte	11
 255 00e3 00       		.byte	0
 256 00e4 00       		.byte	0
 257 00e5 00       		.byte	0
 258 00e6 00       		.byte	0
 259 00e7 00       		.byte	0
 260 00e8 02       		.byte	2
 261 00e9 00       		.byte	0
 262 00ea 00       		.byte	0
 263 00eb 02       		.byte	2
 264 00ec 00       		.byte	0
 265 00ed 00       		.byte	0
 266 00ee 02       		.byte	2
 267 00ef 00       		.byte	0
 268 00f0 00       		.byte	0
 269 00f1 00       		.byte	0
 270 00f2 00       		.byte	0
 271 00f3 00       		.byte	0
 272              		.section	.cywolatch,"a",%progbits
 273              		.type	cy_meta_wonvl, %object
 274              		.size	cy_meta_wonvl, 4
 275              	cy_meta_wonvl:
 276 0000 BC       		.byte	-68
 277 0001 90       		.byte	-112
 278 0002 AC       		.byte	-84
 279 0003 AF       		.byte	-81
 280              		.section	.cycustnvl,"a",%progbits
 281              		.type	cy_meta_custnvl, %object
 282              		.size	cy_meta_custnvl, 4
 283              	cy_meta_custnvl:
 284 0000 00       		.byte	0
 285 0001 00       		.byte	0
ARM GAS  C:\Users\elon1\AppData\Local\Temp\cc62V3a6.s 			page 6


 286 0002 40       		.byte	64
 287 0003 05       		.byte	5
 288              		.section	.cymeta,"a",%progbits
 289              		.type	cy_metadata, %object
 290              		.size	cy_metadata, 12
 291              	cy_metadata:
 292 0000 00       		.byte	0
 293 0001 01       		.byte	1
 294 0002 2E       		.byte	46
 295 0003 16       		.byte	22
 296 0004 10       		.byte	16
 297 0005 69       		.byte	105
 298 0006 00       		.byte	0
 299 0007 01       		.byte	1
 300 0008 00       		.byte	0
 301 0009 00       		.byte	0
 302 000a 00       		.byte	0
 303 000b 00       		.byte	0
 304              		.section	.cyflashprotect,"a",%progbits
 305              		.type	cy_meta_flashprotect, %object
 306              		.size	cy_meta_flashprotect, 256
 307              	cy_meta_flashprotect:
 308 0000 00000000 		.space	256
 308      00000000 
 308      00000000 
 308      00000000 
 308      00000000 
 309              		.text
 310              	.Letext0:
 311              		.file 1 "c:\\program files (x86)\\cypress\\psoc creator\\4.4\\psoc creator\\import\\gnu\\arm\\5.4.
 312              		.file 2 "c:\\program files (x86)\\cypress\\psoc creator\\4.4\\psoc creator\\import\\gnu\\arm\\5.4.
 313              		.file 3 "Generated_Source\\PSoC5\\cymetadata.c"
 314              		.section	.debug_info,"",%progbits
 315              	.Ldebug_info0:
 316 0000 30010000 		.4byte	0x130
 317 0004 0400     		.2byte	0x4
 318 0006 00000000 		.4byte	.Ldebug_abbrev0
 319 000a 04       		.byte	0x4
 320 000b 01       		.uleb128 0x1
 321 000c C5000000 		.4byte	.LASF17
 322 0010 0C       		.byte	0xc
 323 0011 B4010000 		.4byte	.LASF18
 324 0015 0A000000 		.4byte	.LASF19
 325 0019 00000000 		.4byte	.Ldebug_line0
 326 001d 02       		.uleb128 0x2
 327 001e 01       		.byte	0x1
 328 001f 06       		.byte	0x6
 329 0020 A8010000 		.4byte	.LASF0
 330 0024 03       		.uleb128 0x3
 331 0025 00000000 		.4byte	.LASF9
 332 0029 01       		.byte	0x1
 333 002a 1D       		.byte	0x1d
 334 002b 2F000000 		.4byte	0x2f
 335 002f 02       		.uleb128 0x2
 336 0030 01       		.byte	0x1
 337 0031 08       		.byte	0x8
 338 0032 63000000 		.4byte	.LASF1
ARM GAS  C:\Users\elon1\AppData\Local\Temp\cc62V3a6.s 			page 7


 339 0036 02       		.uleb128 0x2
 340 0037 02       		.byte	0x2
 341 0038 05       		.byte	0x5
 342 0039 95010000 		.4byte	.LASF2
 343 003d 02       		.uleb128 0x2
 344 003e 02       		.byte	0x2
 345 003f 07       		.byte	0x7
 346 0040 83000000 		.4byte	.LASF3
 347 0044 02       		.uleb128 0x2
 348 0045 04       		.byte	0x4
 349 0046 05       		.byte	0x5
 350 0047 9F010000 		.4byte	.LASF4
 351 004b 02       		.uleb128 0x2
 352 004c 04       		.byte	0x4
 353 004d 07       		.byte	0x7
 354 004e 71000000 		.4byte	.LASF5
 355 0052 02       		.uleb128 0x2
 356 0053 08       		.byte	0x8
 357 0054 05       		.byte	0x5
 358 0055 87010000 		.4byte	.LASF6
 359 0059 02       		.uleb128 0x2
 360 005a 08       		.byte	0x8
 361 005b 07       		.byte	0x7
 362 005c 4C000000 		.4byte	.LASF7
 363 0060 04       		.uleb128 0x4
 364 0061 04       		.byte	0x4
 365 0062 05       		.byte	0x5
 366 0063 696E7400 		.ascii	"int\000"
 367 0067 02       		.uleb128 0x2
 368 0068 04       		.byte	0x4
 369 0069 07       		.byte	0x7
 370 006a B8000000 		.4byte	.LASF8
 371 006e 03       		.uleb128 0x3
 372 006f 53010000 		.4byte	.LASF10
 373 0073 02       		.byte	0x2
 374 0074 18       		.byte	0x18
 375 0075 24000000 		.4byte	0x24
 376 0079 05       		.uleb128 0x5
 377 007a 90000000 		.4byte	0x90
 378 007e 89000000 		.4byte	0x89
 379 0082 06       		.uleb128 0x6
 380 0083 89000000 		.4byte	0x89
 381 0087 F3       		.byte	0xf3
 382 0088 00       		.byte	0
 383 0089 02       		.uleb128 0x2
 384 008a 04       		.byte	0x4
 385 008b 07       		.byte	0x7
 386 008c 7E010000 		.4byte	.LASF11
 387 0090 07       		.uleb128 0x7
 388 0091 6E000000 		.4byte	0x6e
 389 0095 08       		.uleb128 0x8
 390 0096 A6000000 		.4byte	.LASF12
 391 009a 03       		.byte	0x3
 392 009b 1F       		.byte	0x1f
 393 009c A6000000 		.4byte	0xa6
 394 00a0 05       		.uleb128 0x5
 395 00a1 03       		.byte	0x3
ARM GAS  C:\Users\elon1\AppData\Local\Temp\cc62V3a6.s 			page 8


 396 00a2 00000000 		.4byte	cy_meta_configecc
 397 00a6 07       		.uleb128 0x7
 398 00a7 79000000 		.4byte	0x79
 399 00ab 05       		.uleb128 0x5
 400 00ac 90000000 		.4byte	0x90
 401 00b0 BB000000 		.4byte	0xbb
 402 00b4 06       		.uleb128 0x6
 403 00b5 89000000 		.4byte	0x89
 404 00b9 03       		.byte	0x3
 405 00ba 00       		.byte	0
 406 00bb 08       		.uleb128 0x8
 407 00bc 96000000 		.4byte	.LASF13
 408 00c0 03       		.byte	0x3
 409 00c1 4B       		.byte	0x4b
 410 00c2 CC000000 		.4byte	0xcc
 411 00c6 05       		.uleb128 0x5
 412 00c7 03       		.byte	0x3
 413 00c8 00000000 		.4byte	cy_meta_custnvl
 414 00cc 07       		.uleb128 0x7
 415 00cd AB000000 		.4byte	0xab
 416 00d1 08       		.uleb128 0x8
 417 00d2 70010000 		.4byte	.LASF14
 418 00d6 03       		.byte	0x3
 419 00d7 59       		.byte	0x59
 420 00d8 E2000000 		.4byte	0xe2
 421 00dc 05       		.uleb128 0x5
 422 00dd 03       		.byte	0x3
 423 00de 00000000 		.4byte	cy_meta_wonvl
 424 00e2 07       		.uleb128 0x7
 425 00e3 AB000000 		.4byte	0xab
 426 00e7 05       		.uleb128 0x5
 427 00e8 90000000 		.4byte	0x90
 428 00ec F7000000 		.4byte	0xf7
 429 00f0 06       		.uleb128 0x6
 430 00f1 89000000 		.4byte	0x89
 431 00f5 FF       		.byte	0xff
 432 00f6 00       		.byte	0
 433 00f7 08       		.uleb128 0x8
 434 00f8 5B010000 		.4byte	.LASF15
 435 00fc 03       		.byte	0x3
 436 00fd 67       		.byte	0x67
 437 00fe 08010000 		.4byte	0x108
 438 0102 05       		.uleb128 0x5
 439 0103 03       		.byte	0x3
 440 0104 00000000 		.4byte	cy_meta_flashprotect
 441 0108 07       		.uleb128 0x7
 442 0109 E7000000 		.4byte	0xe7
 443 010d 05       		.uleb128 0x5
 444 010e 90000000 		.4byte	0x90
 445 0112 1D010000 		.4byte	0x11d
 446 0116 06       		.uleb128 0x6
 447 0117 89000000 		.4byte	0x89
 448 011b 0B       		.byte	0xb
 449 011c 00       		.byte	0
 450 011d 08       		.uleb128 0x8
 451 011e 40000000 		.4byte	.LASF16
 452 0122 03       		.byte	0x3
ARM GAS  C:\Users\elon1\AppData\Local\Temp\cc62V3a6.s 			page 9


 453 0123 94       		.byte	0x94
 454 0124 2E010000 		.4byte	0x12e
 455 0128 05       		.uleb128 0x5
 456 0129 03       		.byte	0x3
 457 012a 00000000 		.4byte	cy_metadata
 458 012e 07       		.uleb128 0x7
 459 012f 0D010000 		.4byte	0x10d
 460 0133 00       		.byte	0
 461              		.section	.debug_abbrev,"",%progbits
 462              	.Ldebug_abbrev0:
 463 0000 01       		.uleb128 0x1
 464 0001 11       		.uleb128 0x11
 465 0002 01       		.byte	0x1
 466 0003 25       		.uleb128 0x25
 467 0004 0E       		.uleb128 0xe
 468 0005 13       		.uleb128 0x13
 469 0006 0B       		.uleb128 0xb
 470 0007 03       		.uleb128 0x3
 471 0008 0E       		.uleb128 0xe
 472 0009 1B       		.uleb128 0x1b
 473 000a 0E       		.uleb128 0xe
 474 000b 10       		.uleb128 0x10
 475 000c 17       		.uleb128 0x17
 476 000d 00       		.byte	0
 477 000e 00       		.byte	0
 478 000f 02       		.uleb128 0x2
 479 0010 24       		.uleb128 0x24
 480 0011 00       		.byte	0
 481 0012 0B       		.uleb128 0xb
 482 0013 0B       		.uleb128 0xb
 483 0014 3E       		.uleb128 0x3e
 484 0015 0B       		.uleb128 0xb
 485 0016 03       		.uleb128 0x3
 486 0017 0E       		.uleb128 0xe
 487 0018 00       		.byte	0
 488 0019 00       		.byte	0
 489 001a 03       		.uleb128 0x3
 490 001b 16       		.uleb128 0x16
 491 001c 00       		.byte	0
 492 001d 03       		.uleb128 0x3
 493 001e 0E       		.uleb128 0xe
 494 001f 3A       		.uleb128 0x3a
 495 0020 0B       		.uleb128 0xb
 496 0021 3B       		.uleb128 0x3b
 497 0022 0B       		.uleb128 0xb
 498 0023 49       		.uleb128 0x49
 499 0024 13       		.uleb128 0x13
 500 0025 00       		.byte	0
 501 0026 00       		.byte	0
 502 0027 04       		.uleb128 0x4
 503 0028 24       		.uleb128 0x24
 504 0029 00       		.byte	0
 505 002a 0B       		.uleb128 0xb
 506 002b 0B       		.uleb128 0xb
 507 002c 3E       		.uleb128 0x3e
 508 002d 0B       		.uleb128 0xb
 509 002e 03       		.uleb128 0x3
ARM GAS  C:\Users\elon1\AppData\Local\Temp\cc62V3a6.s 			page 10


 510 002f 08       		.uleb128 0x8
 511 0030 00       		.byte	0
 512 0031 00       		.byte	0
 513 0032 05       		.uleb128 0x5
 514 0033 01       		.uleb128 0x1
 515 0034 01       		.byte	0x1
 516 0035 49       		.uleb128 0x49
 517 0036 13       		.uleb128 0x13
 518 0037 01       		.uleb128 0x1
 519 0038 13       		.uleb128 0x13
 520 0039 00       		.byte	0
 521 003a 00       		.byte	0
 522 003b 06       		.uleb128 0x6
 523 003c 21       		.uleb128 0x21
 524 003d 00       		.byte	0
 525 003e 49       		.uleb128 0x49
 526 003f 13       		.uleb128 0x13
 527 0040 2F       		.uleb128 0x2f
 528 0041 0B       		.uleb128 0xb
 529 0042 00       		.byte	0
 530 0043 00       		.byte	0
 531 0044 07       		.uleb128 0x7
 532 0045 26       		.uleb128 0x26
 533 0046 00       		.byte	0
 534 0047 49       		.uleb128 0x49
 535 0048 13       		.uleb128 0x13
 536 0049 00       		.byte	0
 537 004a 00       		.byte	0
 538 004b 08       		.uleb128 0x8
 539 004c 34       		.uleb128 0x34
 540 004d 00       		.byte	0
 541 004e 03       		.uleb128 0x3
 542 004f 0E       		.uleb128 0xe
 543 0050 3A       		.uleb128 0x3a
 544 0051 0B       		.uleb128 0xb
 545 0052 3B       		.uleb128 0x3b
 546 0053 0B       		.uleb128 0xb
 547 0054 49       		.uleb128 0x49
 548 0055 13       		.uleb128 0x13
 549 0056 3F       		.uleb128 0x3f
 550 0057 19       		.uleb128 0x19
 551 0058 02       		.uleb128 0x2
 552 0059 18       		.uleb128 0x18
 553 005a 00       		.byte	0
 554 005b 00       		.byte	0
 555 005c 00       		.byte	0
 556              		.section	.debug_aranges,"",%progbits
 557 0000 14000000 		.4byte	0x14
 558 0004 0200     		.2byte	0x2
 559 0006 00000000 		.4byte	.Ldebug_info0
 560 000a 04       		.byte	0x4
 561 000b 00       		.byte	0
 562 000c 0000     		.2byte	0
 563 000e 0000     		.2byte	0
 564 0010 00000000 		.4byte	0
 565 0014 00000000 		.4byte	0
 566              		.section	.debug_line,"",%progbits
ARM GAS  C:\Users\elon1\AppData\Local\Temp\cc62V3a6.s 			page 11


 567              	.Ldebug_line0:
 568 0000 3D010000 		.section	.debug_str,"MS",%progbits,1
 568      02003701 
 568      00000201 
 568      FB0E0D00 
 568      01010101 
 569              	.LASF9:
 570 0000 5F5F7569 		.ascii	"__uint8_t\000"
 570      6E74385F 
 570      7400
 571              	.LASF19:
 572 000a 433A5C55 		.ascii	"C:\\Users\\elon1\\Desktop\\psoc\\Workspace01\\lesso"
 572      73657273 
 572      5C656C6F 
 572      6E315C44 
 572      65736B74 
 573 0037 6E322E63 		.ascii	"n2.cydsn\000"
 573      7964736E 
 573      00
 574              	.LASF16:
 575 0040 63795F6D 		.ascii	"cy_metadata\000"
 575      65746164 
 575      61746100 
 576              	.LASF7:
 577 004c 6C6F6E67 		.ascii	"long long unsigned int\000"
 577      206C6F6E 
 577      6720756E 
 577      7369676E 
 577      65642069 
 578              	.LASF1:
 579 0063 756E7369 		.ascii	"unsigned char\000"
 579      676E6564 
 579      20636861 
 579      7200
 580              	.LASF5:
 581 0071 6C6F6E67 		.ascii	"long unsigned int\000"
 581      20756E73 
 581      69676E65 
 581      6420696E 
 581      7400
 582              	.LASF3:
 583 0083 73686F72 		.ascii	"short unsigned int\000"
 583      7420756E 
 583      7369676E 
 583      65642069 
 583      6E7400
 584              	.LASF13:
 585 0096 63795F6D 		.ascii	"cy_meta_custnvl\000"
 585      6574615F 
 585      63757374 
 585      6E766C00 
 586              	.LASF12:
 587 00a6 63795F6D 		.ascii	"cy_meta_configecc\000"
 587      6574615F 
 587      636F6E66 
 587      69676563 
 587      6300
ARM GAS  C:\Users\elon1\AppData\Local\Temp\cc62V3a6.s 			page 12


 588              	.LASF8:
 589 00b8 756E7369 		.ascii	"unsigned int\000"
 589      676E6564 
 589      20696E74 
 589      00
 590              	.LASF17:
 591 00c5 474E5520 		.ascii	"GNU C11 5.4.1 20160609 (release) [ARM/embedded-5-br"
 591      43313120 
 591      352E342E 
 591      31203230 
 591      31363036 
 592 00f8 616E6368 		.ascii	"anch revision 237715] -mcpu=cortex-m3 -mthumb -g -O"
 592      20726576 
 592      6973696F 
 592      6E203233 
 592      37373135 
 593 012b 73202D66 		.ascii	"s -ffunction-sections -ffat-lto-objects\000"
 593      66756E63 
 593      74696F6E 
 593      2D736563 
 593      74696F6E 
 594              	.LASF10:
 595 0153 75696E74 		.ascii	"uint8_t\000"
 595      385F7400 
 596              	.LASF15:
 597 015b 63795F6D 		.ascii	"cy_meta_flashprotect\000"
 597      6574615F 
 597      666C6173 
 597      6870726F 
 597      74656374 
 598              	.LASF14:
 599 0170 63795F6D 		.ascii	"cy_meta_wonvl\000"
 599      6574615F 
 599      776F6E76 
 599      6C00
 600              	.LASF11:
 601 017e 73697A65 		.ascii	"sizetype\000"
 601      74797065 
 601      00
 602              	.LASF6:
 603 0187 6C6F6E67 		.ascii	"long long int\000"
 603      206C6F6E 
 603      6720696E 
 603      7400
 604              	.LASF2:
 605 0195 73686F72 		.ascii	"short int\000"
 605      7420696E 
 605      7400
 606              	.LASF4:
 607 019f 6C6F6E67 		.ascii	"long int\000"
 607      20696E74 
 607      00
 608              	.LASF0:
 609 01a8 7369676E 		.ascii	"signed char\000"
 609      65642063 
 609      68617200 
 610              	.LASF18:
ARM GAS  C:\Users\elon1\AppData\Local\Temp\cc62V3a6.s 			page 13


 611 01b4 47656E65 		.ascii	"Generated_Source\\PSoC5\\cymetadata.c\000"
 611      72617465 
 611      645F536F 
 611      75726365 
 611      5C50536F 
 612              		.ident	"GCC: (GNU Tools for ARM Embedded Processors) 5.4.1 20160609 (release) [ARM/embedded-5-bran
