ARM GAS  C:\Users\elon1\AppData\Local\Temp\ccksm3Ik.s 			page 1


   1              		.syntax unified
   2              		.cpu cortex-m3
   3              		.fpu softvfp
   4              		.eabi_attribute 20, 1
   5              		.eabi_attribute 21, 1
   6              		.eabi_attribute 23, 3
   7              		.eabi_attribute 24, 1
   8              		.eabi_attribute 25, 1
   9              		.eabi_attribute 26, 1
  10              		.eabi_attribute 30, 4
  11              		.eabi_attribute 34, 1
  12              		.eabi_attribute 18, 4
  13              		.thumb
  14              		.syntax unified
  15              		.file	"main.c"
  16              		.text
  17              	.Ltext0:
  18              		.cfi_sections	.debug_frame
  19              		.section	.text.startup.main,"ax",%progbits
  20              		.align	1
  21              		.global	main
  22              		.thumb
  23              		.thumb_func
  24              		.type	main, %function
  25              	main:
  26              	.LFB63:
  27              		.file 1 "main.c"
   1:main.c        **** /* ========================================
   2:main.c        ****  *
   3:main.c        ****  * Copyright YOUR COMPANY, THE YEAR
   4:main.c        ****  * All Rights Reserved
   5:main.c        ****  * UNPUBLISHED, LICENSED SOFTWARE.
   6:main.c        ****  *
   7:main.c        ****  * CONFIDENTIAL AND PROPRIETARY INFORMATION
   8:main.c        ****  * WHICH IS THE PROPERTY OF your company.
   9:main.c        ****  *
  10:main.c        ****  * ========================================
  11:main.c        **** */
  12:main.c        **** #include "project.h"
  13:main.c        **** 
  14:main.c        **** int main(void)
  15:main.c        **** {
  28              		.loc 1 15 0
  29              		.cfi_startproc
  30              		@ args = 0, pretend = 0, frame = 0
  31              		@ frame_needed = 0, uses_anonymous_args = 0
  32 0000 38B5     		push	{r3, r4, r5, lr}
  33              		.cfi_def_cfa_offset 16
  34              		.cfi_offset 3, -16
  35              		.cfi_offset 4, -12
  36              		.cfi_offset 5, -8
  37              		.cfi_offset 14, -4
  16:main.c        ****     PWM_1_Start();
  38              		.loc 1 16 0
  39 0002 FFF7FEFF 		bl	PWM_1_Start
  40              	.LVL0:
  17:main.c        ****     
ARM GAS  C:\Users\elon1\AppData\Local\Temp\ccksm3Ik.s 			page 2


  18:main.c        ****     CyGlobalIntEnable; /* Enable global interrupts. */
  41              		.loc 1 18 0
  42              		.syntax unified
  43              	@ 18 "main.c" 1
  44 0006 62B6     		CPSIE   i
  45              	@ 0 "" 2
  46              		.thumb
  47              		.syntax unified
  48              	.LBB2:
  19:main.c        **** 
  20:main.c        ****     /* Place your initialization/startup code here (e.g. MyInst_Start()) */
  21:main.c        **** 
  22:main.c        ****     for(;;)
  23:main.c        ****     {
  24:main.c        ****     int c = 0;
  25:main.c        ****      
  26:main.c        ****         while(c<9900)
  49              		.loc 1 26 0
  50 0008 42F21075 		movw	r5, #10000
  51              	.L3:
  52              	.LVL1:
  24:main.c        ****      
  53              		.loc 1 24 0
  54 000c 0024     		movs	r4, #0
  55              	.LVL2:
  56              	.L2:
  27:main.c        ****         {
  28:main.c        ****             c = c + 1000;
  57              		.loc 1 28 0
  58 000e 04F57A74 		add	r4, r4, #1000
  59              	.LVL3:
  29:main.c        ****             PWM_1_WriteCompare(c);
  60              		.loc 1 29 0
  61 0012 A0B2     		uxth	r0, r4
  62 0014 FFF7FEFF 		bl	PWM_1_WriteCompare
  63              	.LVL4:
  30:main.c        ****             CyDelay(200);
  64              		.loc 1 30 0
  65 0018 C820     		movs	r0, #200
  66 001a FFF7FEFF 		bl	CyDelay
  67              	.LVL5:
  26:main.c        ****         {
  68              		.loc 1 26 0
  69 001e AC42     		cmp	r4, r5
  70 0020 F5D1     		bne	.L2
  71 0022 F3E7     		b	.L3
  72              	.LBE2:
  73              		.cfi_endproc
  74              	.LFE63:
  75              		.size	main, .-main
  76              		.text
  77              	.Letext0:
  78              		.file 2 "c:\\program files (x86)\\cypress\\psoc creator\\4.4\\psoc creator\\import\\gnu\\arm\\5.4.
  79              		.file 3 "c:\\program files (x86)\\cypress\\psoc creator\\4.4\\psoc creator\\import\\gnu\\arm\\5.4.
  80              		.file 4 "Generated_Source\\PSoC5/PWM_1.h"
  81              		.file 5 "Generated_Source\\PSoC5/CyLib.h"
  82              		.file 6 "Generated_Source\\PSoC5/core_cm3.h"
ARM GAS  C:\Users\elon1\AppData\Local\Temp\ccksm3Ik.s 			page 3


  83              		.section	.debug_info,"",%progbits
  84              	.Ldebug_info0:
  85 0000 35010000 		.4byte	0x135
  86 0004 0400     		.2byte	0x4
  87 0006 00000000 		.4byte	.Ldebug_abbrev0
  88 000a 04       		.byte	0x4
  89 000b 01       		.uleb128 0x1
  90 000c A7000000 		.4byte	.LASF19
  91 0010 0C       		.byte	0xc
  92 0011 3B000000 		.4byte	.LASF20
  93 0015 82010000 		.4byte	.LASF21
  94 0019 00000000 		.4byte	.Ldebug_ranges0+0
  95 001d 00000000 		.4byte	0
  96 0021 00000000 		.4byte	.Ldebug_line0
  97 0025 02       		.uleb128 0x2
  98 0026 01       		.byte	0x1
  99 0027 06       		.byte	0x6
 100 0028 35010000 		.4byte	.LASF0
 101 002c 02       		.uleb128 0x2
 102 002d 01       		.byte	0x1
 103 002e 08       		.byte	0x8
 104 002f 84000000 		.4byte	.LASF1
 105 0033 02       		.uleb128 0x2
 106 0034 02       		.byte	0x2
 107 0035 05       		.byte	0x5
 108 0036 70010000 		.4byte	.LASF2
 109 003a 02       		.uleb128 0x2
 110 003b 02       		.byte	0x2
 111 003c 07       		.byte	0x7
 112 003d 0E000000 		.4byte	.LASF3
 113 0041 03       		.uleb128 0x3
 114 0042 4D010000 		.4byte	.LASF9
 115 0046 02       		.byte	0x2
 116 0047 3F       		.byte	0x3f
 117 0048 4C000000 		.4byte	0x4c
 118 004c 02       		.uleb128 0x2
 119 004d 04       		.byte	0x4
 120 004e 05       		.byte	0x5
 121 004f 97000000 		.4byte	.LASF4
 122 0053 02       		.uleb128 0x2
 123 0054 04       		.byte	0x4
 124 0055 07       		.byte	0x7
 125 0056 5B000000 		.4byte	.LASF5
 126 005a 02       		.uleb128 0x2
 127 005b 08       		.byte	0x8
 128 005c 05       		.byte	0x5
 129 005d 00000000 		.4byte	.LASF6
 130 0061 02       		.uleb128 0x2
 131 0062 08       		.byte	0x8
 132 0063 07       		.byte	0x7
 133 0064 6D000000 		.4byte	.LASF7
 134 0068 04       		.uleb128 0x4
 135 0069 04       		.byte	0x4
 136 006a 05       		.byte	0x5
 137 006b 696E7400 		.ascii	"int\000"
 138 006f 02       		.uleb128 0x2
 139 0070 04       		.byte	0x4
ARM GAS  C:\Users\elon1\AppData\Local\Temp\ccksm3Ik.s 			page 4


 140 0071 07       		.byte	0x7
 141 0072 2E000000 		.4byte	.LASF8
 142 0076 03       		.uleb128 0x3
 143 0077 7A010000 		.4byte	.LASF10
 144 007b 03       		.byte	0x3
 145 007c 2C       		.byte	0x2c
 146 007d 41000000 		.4byte	0x41
 147 0081 02       		.uleb128 0x2
 148 0082 04       		.byte	0x4
 149 0083 04       		.byte	0x4
 150 0084 6A010000 		.4byte	.LASF11
 151 0088 02       		.uleb128 0x2
 152 0089 08       		.byte	0x8
 153 008a 04       		.byte	0x4
 154 008b A0000000 		.4byte	.LASF12
 155 008f 02       		.uleb128 0x2
 156 0090 01       		.byte	0x1
 157 0091 08       		.byte	0x8
 158 0092 92000000 		.4byte	.LASF13
 159 0096 02       		.uleb128 0x2
 160 0097 08       		.byte	0x8
 161 0098 04       		.byte	0x4
 162 0099 41010000 		.4byte	.LASF14
 163 009d 02       		.uleb128 0x2
 164 009e 04       		.byte	0x4
 165 009f 07       		.byte	0x7
 166 00a0 B8010000 		.4byte	.LASF15
 167 00a4 05       		.uleb128 0x5
 168 00a5 42000000 		.4byte	.LASF22
 169 00a9 01       		.byte	0x1
 170 00aa 0E       		.byte	0xe
 171 00ab 68000000 		.4byte	0x68
 172 00af 00000000 		.4byte	.LFB63
 173 00b3 24000000 		.4byte	.LFE63-.LFB63
 174 00b7 01       		.uleb128 0x1
 175 00b8 9C       		.byte	0x9c
 176 00b9 06010000 		.4byte	0x106
 177 00bd 06       		.uleb128 0x6
 178 00be 08000000 		.4byte	.LBB2
 179 00c2 1C000000 		.4byte	.LBE2-.LBB2
 180 00c6 FC000000 		.4byte	0xfc
 181 00ca 07       		.uleb128 0x7
 182 00cb 6300     		.ascii	"c\000"
 183 00cd 01       		.byte	0x1
 184 00ce 18       		.byte	0x18
 185 00cf 68000000 		.4byte	0x68
 186 00d3 00000000 		.4byte	.LLST0
 187 00d7 08       		.uleb128 0x8
 188 00d8 18000000 		.4byte	.LVL4
 189 00dc 17010000 		.4byte	0x117
 190 00e0 EB000000 		.4byte	0xeb
 191 00e4 09       		.uleb128 0x9
 192 00e5 01       		.uleb128 0x1
 193 00e6 50       		.byte	0x50
 194 00e7 02       		.uleb128 0x2
 195 00e8 74       		.byte	0x74
 196 00e9 00       		.sleb128 0
ARM GAS  C:\Users\elon1\AppData\Local\Temp\ccksm3Ik.s 			page 5


 197 00ea 00       		.byte	0
 198 00eb 0A       		.uleb128 0xa
 199 00ec 1E000000 		.4byte	.LVL5
 200 00f0 22010000 		.4byte	0x122
 201 00f4 09       		.uleb128 0x9
 202 00f5 01       		.uleb128 0x1
 203 00f6 50       		.byte	0x50
 204 00f7 02       		.uleb128 0x2
 205 00f8 08       		.byte	0x8
 206 00f9 C8       		.byte	0xc8
 207 00fa 00       		.byte	0
 208 00fb 00       		.byte	0
 209 00fc 0B       		.uleb128 0xb
 210 00fd 06000000 		.4byte	.LVL0
 211 0101 2D010000 		.4byte	0x12d
 212 0105 00       		.byte	0
 213 0106 0C       		.uleb128 0xc
 214 0107 21000000 		.4byte	.LASF23
 215 010b 06       		.byte	0x6
 216 010c 1207     		.2byte	0x712
 217 010e 12010000 		.4byte	0x112
 218 0112 0D       		.uleb128 0xd
 219 0113 76000000 		.4byte	0x76
 220 0117 0E       		.uleb128 0xe
 221 0118 57010000 		.4byte	.LASF16
 222 011c 57010000 		.4byte	.LASF16
 223 0120 04       		.byte	0x4
 224 0121 C3       		.byte	0xc3
 225 0122 0E       		.uleb128 0xe
 226 0123 53000000 		.4byte	.LASF17
 227 0127 53000000 		.4byte	.LASF17
 228 012b 05       		.byte	0x5
 229 012c 76       		.byte	0x76
 230 012d 0E       		.uleb128 0xe
 231 012e 47000000 		.4byte	.LASF18
 232 0132 47000000 		.4byte	.LASF18
 233 0136 04       		.byte	0x4
 234 0137 92       		.byte	0x92
 235 0138 00       		.byte	0
 236              		.section	.debug_abbrev,"",%progbits
 237              	.Ldebug_abbrev0:
 238 0000 01       		.uleb128 0x1
 239 0001 11       		.uleb128 0x11
 240 0002 01       		.byte	0x1
 241 0003 25       		.uleb128 0x25
 242 0004 0E       		.uleb128 0xe
 243 0005 13       		.uleb128 0x13
 244 0006 0B       		.uleb128 0xb
 245 0007 03       		.uleb128 0x3
 246 0008 0E       		.uleb128 0xe
 247 0009 1B       		.uleb128 0x1b
 248 000a 0E       		.uleb128 0xe
 249 000b 55       		.uleb128 0x55
 250 000c 17       		.uleb128 0x17
 251 000d 11       		.uleb128 0x11
 252 000e 01       		.uleb128 0x1
 253 000f 10       		.uleb128 0x10
ARM GAS  C:\Users\elon1\AppData\Local\Temp\ccksm3Ik.s 			page 6


 254 0010 17       		.uleb128 0x17
 255 0011 00       		.byte	0
 256 0012 00       		.byte	0
 257 0013 02       		.uleb128 0x2
 258 0014 24       		.uleb128 0x24
 259 0015 00       		.byte	0
 260 0016 0B       		.uleb128 0xb
 261 0017 0B       		.uleb128 0xb
 262 0018 3E       		.uleb128 0x3e
 263 0019 0B       		.uleb128 0xb
 264 001a 03       		.uleb128 0x3
 265 001b 0E       		.uleb128 0xe
 266 001c 00       		.byte	0
 267 001d 00       		.byte	0
 268 001e 03       		.uleb128 0x3
 269 001f 16       		.uleb128 0x16
 270 0020 00       		.byte	0
 271 0021 03       		.uleb128 0x3
 272 0022 0E       		.uleb128 0xe
 273 0023 3A       		.uleb128 0x3a
 274 0024 0B       		.uleb128 0xb
 275 0025 3B       		.uleb128 0x3b
 276 0026 0B       		.uleb128 0xb
 277 0027 49       		.uleb128 0x49
 278 0028 13       		.uleb128 0x13
 279 0029 00       		.byte	0
 280 002a 00       		.byte	0
 281 002b 04       		.uleb128 0x4
 282 002c 24       		.uleb128 0x24
 283 002d 00       		.byte	0
 284 002e 0B       		.uleb128 0xb
 285 002f 0B       		.uleb128 0xb
 286 0030 3E       		.uleb128 0x3e
 287 0031 0B       		.uleb128 0xb
 288 0032 03       		.uleb128 0x3
 289 0033 08       		.uleb128 0x8
 290 0034 00       		.byte	0
 291 0035 00       		.byte	0
 292 0036 05       		.uleb128 0x5
 293 0037 2E       		.uleb128 0x2e
 294 0038 01       		.byte	0x1
 295 0039 3F       		.uleb128 0x3f
 296 003a 19       		.uleb128 0x19
 297 003b 03       		.uleb128 0x3
 298 003c 0E       		.uleb128 0xe
 299 003d 3A       		.uleb128 0x3a
 300 003e 0B       		.uleb128 0xb
 301 003f 3B       		.uleb128 0x3b
 302 0040 0B       		.uleb128 0xb
 303 0041 27       		.uleb128 0x27
 304 0042 19       		.uleb128 0x19
 305 0043 49       		.uleb128 0x49
 306 0044 13       		.uleb128 0x13
 307 0045 8701     		.uleb128 0x87
 308 0047 19       		.uleb128 0x19
 309 0048 11       		.uleb128 0x11
 310 0049 01       		.uleb128 0x1
ARM GAS  C:\Users\elon1\AppData\Local\Temp\ccksm3Ik.s 			page 7


 311 004a 12       		.uleb128 0x12
 312 004b 06       		.uleb128 0x6
 313 004c 40       		.uleb128 0x40
 314 004d 18       		.uleb128 0x18
 315 004e 9742     		.uleb128 0x2117
 316 0050 19       		.uleb128 0x19
 317 0051 01       		.uleb128 0x1
 318 0052 13       		.uleb128 0x13
 319 0053 00       		.byte	0
 320 0054 00       		.byte	0
 321 0055 06       		.uleb128 0x6
 322 0056 0B       		.uleb128 0xb
 323 0057 01       		.byte	0x1
 324 0058 11       		.uleb128 0x11
 325 0059 01       		.uleb128 0x1
 326 005a 12       		.uleb128 0x12
 327 005b 06       		.uleb128 0x6
 328 005c 01       		.uleb128 0x1
 329 005d 13       		.uleb128 0x13
 330 005e 00       		.byte	0
 331 005f 00       		.byte	0
 332 0060 07       		.uleb128 0x7
 333 0061 34       		.uleb128 0x34
 334 0062 00       		.byte	0
 335 0063 03       		.uleb128 0x3
 336 0064 08       		.uleb128 0x8
 337 0065 3A       		.uleb128 0x3a
 338 0066 0B       		.uleb128 0xb
 339 0067 3B       		.uleb128 0x3b
 340 0068 0B       		.uleb128 0xb
 341 0069 49       		.uleb128 0x49
 342 006a 13       		.uleb128 0x13
 343 006b 02       		.uleb128 0x2
 344 006c 17       		.uleb128 0x17
 345 006d 00       		.byte	0
 346 006e 00       		.byte	0
 347 006f 08       		.uleb128 0x8
 348 0070 898201   		.uleb128 0x4109
 349 0073 01       		.byte	0x1
 350 0074 11       		.uleb128 0x11
 351 0075 01       		.uleb128 0x1
 352 0076 31       		.uleb128 0x31
 353 0077 13       		.uleb128 0x13
 354 0078 01       		.uleb128 0x1
 355 0079 13       		.uleb128 0x13
 356 007a 00       		.byte	0
 357 007b 00       		.byte	0
 358 007c 09       		.uleb128 0x9
 359 007d 8A8201   		.uleb128 0x410a
 360 0080 00       		.byte	0
 361 0081 02       		.uleb128 0x2
 362 0082 18       		.uleb128 0x18
 363 0083 9142     		.uleb128 0x2111
 364 0085 18       		.uleb128 0x18
 365 0086 00       		.byte	0
 366 0087 00       		.byte	0
 367 0088 0A       		.uleb128 0xa
ARM GAS  C:\Users\elon1\AppData\Local\Temp\ccksm3Ik.s 			page 8


 368 0089 898201   		.uleb128 0x4109
 369 008c 01       		.byte	0x1
 370 008d 11       		.uleb128 0x11
 371 008e 01       		.uleb128 0x1
 372 008f 31       		.uleb128 0x31
 373 0090 13       		.uleb128 0x13
 374 0091 00       		.byte	0
 375 0092 00       		.byte	0
 376 0093 0B       		.uleb128 0xb
 377 0094 898201   		.uleb128 0x4109
 378 0097 00       		.byte	0
 379 0098 11       		.uleb128 0x11
 380 0099 01       		.uleb128 0x1
 381 009a 31       		.uleb128 0x31
 382 009b 13       		.uleb128 0x13
 383 009c 00       		.byte	0
 384 009d 00       		.byte	0
 385 009e 0C       		.uleb128 0xc
 386 009f 34       		.uleb128 0x34
 387 00a0 00       		.byte	0
 388 00a1 03       		.uleb128 0x3
 389 00a2 0E       		.uleb128 0xe
 390 00a3 3A       		.uleb128 0x3a
 391 00a4 0B       		.uleb128 0xb
 392 00a5 3B       		.uleb128 0x3b
 393 00a6 05       		.uleb128 0x5
 394 00a7 49       		.uleb128 0x49
 395 00a8 13       		.uleb128 0x13
 396 00a9 3F       		.uleb128 0x3f
 397 00aa 19       		.uleb128 0x19
 398 00ab 3C       		.uleb128 0x3c
 399 00ac 19       		.uleb128 0x19
 400 00ad 00       		.byte	0
 401 00ae 00       		.byte	0
 402 00af 0D       		.uleb128 0xd
 403 00b0 35       		.uleb128 0x35
 404 00b1 00       		.byte	0
 405 00b2 49       		.uleb128 0x49
 406 00b3 13       		.uleb128 0x13
 407 00b4 00       		.byte	0
 408 00b5 00       		.byte	0
 409 00b6 0E       		.uleb128 0xe
 410 00b7 2E       		.uleb128 0x2e
 411 00b8 00       		.byte	0
 412 00b9 3F       		.uleb128 0x3f
 413 00ba 19       		.uleb128 0x19
 414 00bb 3C       		.uleb128 0x3c
 415 00bc 19       		.uleb128 0x19
 416 00bd 6E       		.uleb128 0x6e
 417 00be 0E       		.uleb128 0xe
 418 00bf 03       		.uleb128 0x3
 419 00c0 0E       		.uleb128 0xe
 420 00c1 3A       		.uleb128 0x3a
 421 00c2 0B       		.uleb128 0xb
 422 00c3 3B       		.uleb128 0x3b
 423 00c4 0B       		.uleb128 0xb
 424 00c5 00       		.byte	0
ARM GAS  C:\Users\elon1\AppData\Local\Temp\ccksm3Ik.s 			page 9


 425 00c6 00       		.byte	0
 426 00c7 00       		.byte	0
 427              		.section	.debug_loc,"",%progbits
 428              	.Ldebug_loc0:
 429              	.LLST0:
 430 0000 0C000000 		.4byte	.LVL1
 431 0004 0E000000 		.4byte	.LVL2
 432 0008 0200     		.2byte	0x2
 433 000a 30       		.byte	0x30
 434 000b 9F       		.byte	0x9f
 435 000c 0E000000 		.4byte	.LVL2
 436 0010 24000000 		.4byte	.LFE63
 437 0014 0100     		.2byte	0x1
 438 0016 54       		.byte	0x54
 439 0017 00000000 		.4byte	0
 440 001b 00000000 		.4byte	0
 441              		.section	.debug_aranges,"",%progbits
 442 0000 1C000000 		.4byte	0x1c
 443 0004 0200     		.2byte	0x2
 444 0006 00000000 		.4byte	.Ldebug_info0
 445 000a 04       		.byte	0x4
 446 000b 00       		.byte	0
 447 000c 0000     		.2byte	0
 448 000e 0000     		.2byte	0
 449 0010 00000000 		.4byte	.LFB63
 450 0014 24000000 		.4byte	.LFE63-.LFB63
 451 0018 00000000 		.4byte	0
 452 001c 00000000 		.4byte	0
 453              		.section	.debug_ranges,"",%progbits
 454              	.Ldebug_ranges0:
 455 0000 00000000 		.4byte	.LFB63
 456 0004 24000000 		.4byte	.LFE63
 457 0008 00000000 		.4byte	0
 458 000c 00000000 		.4byte	0
 459              		.section	.debug_line,"",%progbits
 460              	.Ldebug_line0:
 461 0000 72010000 		.section	.debug_str,"MS",%progbits,1
 461      02005501 
 461      00000201 
 461      FB0E0D00 
 461      01010101 
 462              	.LASF6:
 463 0000 6C6F6E67 		.ascii	"long long int\000"
 463      206C6F6E 
 463      6720696E 
 463      7400
 464              	.LASF3:
 465 000e 73686F72 		.ascii	"short unsigned int\000"
 465      7420756E 
 465      7369676E 
 465      65642069 
 465      6E7400
 466              	.LASF23:
 467 0021 49544D5F 		.ascii	"ITM_RxBuffer\000"
 467      52784275 
 467      66666572 
 467      00
ARM GAS  C:\Users\elon1\AppData\Local\Temp\ccksm3Ik.s 			page 10


 468              	.LASF8:
 469 002e 756E7369 		.ascii	"unsigned int\000"
 469      676E6564 
 469      20696E74 
 469      00
 470              	.LASF20:
 471 003b 6D61696E 		.ascii	"main.c\000"
 471      2E6300
 472              	.LASF22:
 473 0042 6D61696E 		.ascii	"main\000"
 473      00
 474              	.LASF18:
 475 0047 50574D5F 		.ascii	"PWM_1_Start\000"
 475      315F5374 
 475      61727400 
 476              	.LASF17:
 477 0053 43794465 		.ascii	"CyDelay\000"
 477      6C617900 
 478              	.LASF5:
 479 005b 6C6F6E67 		.ascii	"long unsigned int\000"
 479      20756E73 
 479      69676E65 
 479      6420696E 
 479      7400
 480              	.LASF7:
 481 006d 6C6F6E67 		.ascii	"long long unsigned int\000"
 481      206C6F6E 
 481      6720756E 
 481      7369676E 
 481      65642069 
 482              	.LASF1:
 483 0084 756E7369 		.ascii	"unsigned char\000"
 483      676E6564 
 483      20636861 
 483      7200
 484              	.LASF13:
 485 0092 63686172 		.ascii	"char\000"
 485      00
 486              	.LASF4:
 487 0097 6C6F6E67 		.ascii	"long int\000"
 487      20696E74 
 487      00
 488              	.LASF12:
 489 00a0 646F7562 		.ascii	"double\000"
 489      6C6500
 490              	.LASF19:
 491 00a7 474E5520 		.ascii	"GNU C11 5.4.1 20160609 (release) [ARM/embedded-5-br"
 491      43313120 
 491      352E342E 
 491      31203230 
 491      31363036 
 492 00da 616E6368 		.ascii	"anch revision 237715] -mcpu=cortex-m3 -mthumb -g -O"
 492      20726576 
 492      6973696F 
 492      6E203233 
 492      37373135 
 493 010d 73202D66 		.ascii	"s -ffunction-sections -ffat-lto-objects\000"
ARM GAS  C:\Users\elon1\AppData\Local\Temp\ccksm3Ik.s 			page 11


 493      66756E63 
 493      74696F6E 
 493      2D736563 
 493      74696F6E 
 494              	.LASF0:
 495 0135 7369676E 		.ascii	"signed char\000"
 495      65642063 
 495      68617200 
 496              	.LASF14:
 497 0141 6C6F6E67 		.ascii	"long double\000"
 497      20646F75 
 497      626C6500 
 498              	.LASF9:
 499 014d 5F5F696E 		.ascii	"__int32_t\000"
 499      7433325F 
 499      7400
 500              	.LASF16:
 501 0157 50574D5F 		.ascii	"PWM_1_WriteCompare\000"
 501      315F5772 
 501      69746543 
 501      6F6D7061 
 501      726500
 502              	.LASF11:
 503 016a 666C6F61 		.ascii	"float\000"
 503      7400
 504              	.LASF2:
 505 0170 73686F72 		.ascii	"short int\000"
 505      7420696E 
 505      7400
 506              	.LASF10:
 507 017a 696E7433 		.ascii	"int32_t\000"
 507      325F7400 
 508              	.LASF21:
 509 0182 433A5C55 		.ascii	"C:\\Users\\elon1\\Desktop\\psoc\\Workspace01\\lesso"
 509      73657273 
 509      5C656C6F 
 509      6E315C44 
 509      65736B74 
 510 01af 6E322E63 		.ascii	"n2.cydsn\000"
 510      7964736E 
 510      00
 511              	.LASF15:
 512 01b8 73697A65 		.ascii	"sizetype\000"
 512      74797065 
 512      00
 513              		.ident	"GCC: (GNU Tools for ARM Embedded Processors) 5.4.1 20160609 (release) [ARM/embedded-5-bran
