--------------- Clean Started: 02/26/2021 19:28:37 Project: lesson3_interrupts, Configuration: ARM GCC 5.4-2016-q2-update Release ---------------
Deleting file ".\CortexM3\ARM_GCC_541\Release\main.o"
Deleting file ".\CortexM3\ARM_GCC_541\Release\cyfitter_cfg.o"
Deleting file ".\CortexM3\ARM_GCC_541\Release\cymetadata.o"
Deleting file ".\CortexM3\ARM_GCC_541\Release\Cm3Start.o"
Deleting file ".\CortexM3\ARM_GCC_541\Release\CyBootAsmGnu.o"
Deleting file ".\CortexM3\ARM_GCC_541\Release\CyDmac.o"
Deleting file ".\CortexM3\ARM_GCC_541\Release\CyFlash.o"
Deleting file ".\CortexM3\ARM_GCC_541\Release\CyLib.o"
Deleting file ".\CortexM3\ARM_GCC_541\Release\cyPm.o"
Deleting file ".\CortexM3\ARM_GCC_541\Release\CySpc.o"
Deleting file ".\CortexM3\ARM_GCC_541\Release\cyutils.o"
Deleting file ".\CortexM3\ARM_GCC_541\Release\cy_em_eeprom.o"
Deleting file ".\CortexM3\ARM_GCC_541\Release\led.o"
Deleting file ".\CortexM3\ARM_GCC_541\Release\sw1.o"
Deleting file ".\CortexM3\ARM_GCC_541\Release\sw1_Int.o"
Deleting file ".\CortexM3\ARM_GCC_541\Release\lesson3_interrupts.hex"
Deleting file ".\CortexM3\ARM_GCC_541\Release\lesson3_interrupts.elf"
Deleting file ".\CortexM3\ARM_GCC_541\Release\lesson3_interrupts.map"
Deleting file ".\lesson3_interrupts.cycdx"
Deleting file ".\lesson3_interrupts.rpt"
Deleting file ".\lesson3_interrupts_timing.html"
Deleting file ".\CortexM3\ARM_GCC_541\Release\.deps\SOURCE_C__ARM_GCC_GENERIC.P"
Deleting file ".\CortexM3\ARM_GCC_541\Release\.deps\SOURCE_ASM__ARM_GCC_GENERIC.P"
--------------- Clean Succeeded: 02/26/2021 19:28:37 ---------------
