ARM GAS  C:\Users\eylonk\AppData\Local\Temp\ccO31tpz.s 			page 1


   1              		.syntax unified
   2              		.cpu cortex-m3
   3              		.fpu softvfp
   4              		.eabi_attribute 20, 1
   5              		.eabi_attribute 21, 1
   6              		.eabi_attribute 23, 3
   7              		.eabi_attribute 24, 1
   8              		.eabi_attribute 25, 1
   9              		.eabi_attribute 26, 1
  10              		.eabi_attribute 30, 1
  11              		.eabi_attribute 34, 1
  12              		.eabi_attribute 18, 4
  13              		.thumb
  14              		.syntax unified
  15              		.file	"cymetadata.c"
  16              		.text
  17              	.Ltext0:
  18              		.cfi_sections	.debug_frame
  19              		.global	cy_metadata
  20              		.global	cy_meta_flashprotect
  21              		.global	cy_meta_wonvl
  22              		.global	cy_meta_custnvl
  23              		.global	cy_meta_configecc
  24              		.section	.cyconfigecc,"a",%progbits
  25              		.align	2
  26              		.type	cy_meta_configecc, %object
  27              		.size	cy_meta_configecc, 292
  28              	cy_meta_configecc:
  29 0000 02       		.byte	2
  30 0001 52       		.byte	82
  31 0002 00       		.byte	0
  32 0003 40       		.byte	64
  33 0004 01       		.byte	1
  34 0005 5A       		.byte	90
  35 0006 00       		.byte	0
  36 0007 40       		.byte	64
  37 0008 02       		.byte	2
  38 0009 07       		.byte	7
  39 000a 01       		.byte	1
  40 000b 40       		.byte	64
  41 000c 01       		.byte	1
  42 000d 09       		.byte	9
  43 000e 01       		.byte	1
  44 000f 40       		.byte	64
  45 0010 32       		.byte	50
  46 0011 14       		.byte	20
  47 0012 01       		.byte	1
  48 0013 40       		.byte	64
  49 0014 0F       		.byte	15
  50 0015 15       		.byte	21
  51 0016 01       		.byte	1
  52 0017 40       		.byte	64
  53 0018 01       		.byte	1
  54 0019 17       		.byte	23
  55 001a 01       		.byte	1
  56 001b 40       		.byte	64
  57 001c 01       		.byte	1
ARM GAS  C:\Users\eylonk\AppData\Local\Temp\ccO31tpz.s 			page 2


  58 001d 1B       		.byte	27
  59 001e 01       		.byte	1
  60 001f 40       		.byte	64
  61 0020 02       		.byte	2
  62 0021 41       		.byte	65
  63 0022 01       		.byte	1
  64 0023 40       		.byte	64
  65 0024 01       		.byte	1
  66 0025 42       		.byte	66
  67 0026 01       		.byte	1
  68 0027 40       		.byte	64
  69 0028 02       		.byte	2
  70 0029 43       		.byte	67
  71 002a 01       		.byte	1
  72 002b 40       		.byte	64
  73 002c 02       		.byte	2
  74 002d 45       		.byte	69
  75 002e 01       		.byte	1
  76 002f 40       		.byte	64
  77 0030 01       		.byte	1
  78 0031 46       		.byte	70
  79 0032 01       		.byte	1
  80 0033 40       		.byte	64
  81 0034 05       		.byte	5
  82 0035 47       		.byte	71
  83 0036 01       		.byte	1
  84 0037 40       		.byte	64
  85 0038 02       		.byte	2
  86 0039 48       		.byte	72
  87 003a 01       		.byte	1
  88 003b 40       		.byte	64
  89 003c 02       		.byte	2
  90 003d 49       		.byte	73
  91 003e 01       		.byte	1
  92 003f 40       		.byte	64
  93 0040 01       		.byte	1
  94 0041 4C       		.byte	76
  95 0042 01       		.byte	1
  96 0043 40       		.byte	64
  97 0044 01       		.byte	1
  98 0045 4D       		.byte	77
  99 0046 01       		.byte	1
 100 0047 40       		.byte	64
 101 0048 02       		.byte	2
 102 0049 50       		.byte	80
 103 004a 01       		.byte	1
 104 004b 40       		.byte	64
 105 004c 01       		.byte	1
 106 004d 01       		.byte	1
 107 004e 11       		.byte	17
 108 004f 02       		.byte	2
 109 0050 9F       		.byte	-97
 110 0051 01       		.byte	1
 111 0052 8F       		.byte	-113
 112 0053 01       		.byte	1
 113 0054 E2       		.byte	-30
 114 0055 40       		.byte	64
ARM GAS  C:\Users\eylonk\AppData\Local\Temp\ccO31tpz.s 			page 3


 115 0056 E0       		.byte	-32
 116 0057 40       		.byte	64
 117 0058 40       		.byte	64
 118 0059 30       		.byte	48
 119 005a 41       		.byte	65
 120 005b 04       		.byte	4
 121 005c 49       		.byte	73
 122 005d FF       		.byte	-1
 123 005e 4A       		.byte	74
 124 005f FF       		.byte	-1
 125 0060 4B       		.byte	75
 126 0061 FF       		.byte	-1
 127 0062 4D       		.byte	77
 128 0063 A0       		.byte	-96
 129 0064 4F       		.byte	79
 130 0065 04       		.byte	4
 131 0066 50       		.byte	80
 132 0067 18       		.byte	24
 133 0068 5A       		.byte	90
 134 0069 04       		.byte	4
 135 006a 5D       		.byte	93
 136 006b 01       		.byte	1
 137 006c 5F       		.byte	95
 138 006d 01       		.byte	1
 139 006e 60       		.byte	96
 140 006f 40       		.byte	64
 141 0070 62       		.byte	98
 142 0071 C0       		.byte	-64
 143 0072 64       		.byte	100
 144 0073 40       		.byte	64
 145 0074 65       		.byte	101
 146 0075 40       		.byte	64
 147 0076 66       		.byte	102
 148 0077 C0       		.byte	-64
 149 0078 68       		.byte	104
 150 0079 C0       		.byte	-64
 151 007a 6A       		.byte	106
 152 007b C0       		.byte	-64
 153 007c 6C       		.byte	108
 154 007d C0       		.byte	-64
 155 007e 6E       		.byte	110
 156 007f C0       		.byte	-64
 157 0080 96       		.byte	-106
 158 0081 01       		.byte	1
 159 0082 9A       		.byte	-102
 160 0083 01       		.byte	1
 161 0084 B0       		.byte	-80
 162 0085 01       		.byte	1
 163 0086 B8       		.byte	-72
 164 0087 08       		.byte	8
 165 0088 C0       		.byte	-64
 166 0089 30       		.byte	48
 167 008a C1       		.byte	-63
 168 008b 04       		.byte	4
 169 008c C5       		.byte	-59
 170 008d 01       		.byte	1
 171 008e C6       		.byte	-58
ARM GAS  C:\Users\eylonk\AppData\Local\Temp\ccO31tpz.s 			page 4


 172 008f 02       		.byte	2
 173 0090 C8       		.byte	-56
 174 0091 05       		.byte	5
 175 0092 C9       		.byte	-55
 176 0093 FF       		.byte	-1
 177 0094 CA       		.byte	-54
 178 0095 FF       		.byte	-1
 179 0096 CB       		.byte	-53
 180 0097 FF       		.byte	-1
 181 0098 CD       		.byte	-51
 182 0099 AF       		.byte	-81
 183 009a CE       		.byte	-50
 184 009b 0F       		.byte	15
 185 009c CF       		.byte	-49
 186 009d 04       		.byte	4
 187 009e D0       		.byte	-48
 188 009f 18       		.byte	24
 189 00a0 D8       		.byte	-40
 190 00a1 04       		.byte	4
 191 00a2 DA       		.byte	-38
 192 00a3 04       		.byte	4
 193 00a4 DC       		.byte	-36
 194 00a5 01       		.byte	1
 195 00a6 DD       		.byte	-35
 196 00a7 01       		.byte	1
 197 00a8 DF       		.byte	-33
 198 00a9 01       		.byte	1
 199 00aa E0       		.byte	-32
 200 00ab 40       		.byte	64
 201 00ac E2       		.byte	-30
 202 00ad C0       		.byte	-64
 203 00ae E4       		.byte	-28
 204 00af 40       		.byte	64
 205 00b0 E5       		.byte	-27
 206 00b1 40       		.byte	64
 207 00b2 E6       		.byte	-26
 208 00b3 C0       		.byte	-64
 209 00b4 E8       		.byte	-24
 210 00b5 C0       		.byte	-64
 211 00b6 EA       		.byte	-22
 212 00b7 C0       		.byte	-64
 213 00b8 EC       		.byte	-20
 214 00b9 C0       		.byte	-64
 215 00ba EE       		.byte	-18
 216 00bb C0       		.byte	-64
 217 00bc 0D       		.byte	13
 218 00bd 08       		.byte	8
 219 00be 0F       		.byte	15
 220 00bf 08       		.byte	8
 221 00c0 1C       		.byte	28
 222 00c1 10       		.byte	16
 223 00c2 1D       		.byte	29
 224 00c3 08       		.byte	8
 225 00c4 1F       		.byte	31
 226 00c5 01       		.byte	1
 227 00c6 40       		.byte	64
 228 00c7 10       		.byte	16
ARM GAS  C:\Users\eylonk\AppData\Local\Temp\ccO31tpz.s 			page 5


 229 00c8 42       		.byte	66
 230 00c9 80       		.byte	-128
 231 00ca 45       		.byte	69
 232 00cb 08       		.byte	8
 233 00cc 46       		.byte	70
 234 00cd 80       		.byte	-128
 235 00ce 4F       		.byte	79
 236 00cf 08       		.byte	8
 237 00d0 56       		.byte	86
 238 00d1 80       		.byte	-128
 239 00d2 97       		.byte	-105
 240 00d3 02       		.byte	2
 241 00d4 C2       		.byte	-62
 242 00d5 60       		.byte	96
 243 00d6 D0       		.byte	-48
 244 00d7 C3       		.byte	-61
 245 00d8 EC       		.byte	-20
 246 00d9 04       		.byte	4
 247 00da 97       		.byte	-105
 248 00db 02       		.byte	2
 249 00dc EC       		.byte	-20
 250 00dd 04       		.byte	4
 251 00de 5A       		.byte	90
 252 00df 20       		.byte	32
 253 00e0 D4       		.byte	-44
 254 00e1 80       		.byte	-128
 255 00e2 96       		.byte	-106
 256 00e3 20       		.byte	32
 257 00e4 8E       		.byte	-114
 258 00e5 10       		.byte	16
 259 00e6 96       		.byte	-106
 260 00e7 20       		.byte	32
 261 00e8 53       		.byte	83
 262 00e9 01       		.byte	1
 263 00ea D4       		.byte	-44
 264 00eb 01       		.byte	1
 265 00ec 97       		.byte	-105
 266 00ed 02       		.byte	2
 267 00ee 32       		.byte	50
 268 00ef 10       		.byte	16
 269 00f0 8F       		.byte	-113
 270 00f1 01       		.byte	1
 271 00f2 97       		.byte	-105
 272 00f3 02       		.byte	2
 273 00f4 CC       		.byte	-52
 274 00f5 08       		.byte	8
 275 00f6 E0       		.byte	-32
 276 00f7 02       		.byte	2
 277 00f8 26       		.byte	38
 278 00f9 80       		.byte	-128
 279 00fa C8       		.byte	-56
 280 00fb 20       		.byte	32
 281 00fc AA       		.byte	-86
 282 00fd 80       		.byte	-128
 283 00fe EC       		.byte	-20
 284 00ff 20       		.byte	32
 285 0100 96       		.byte	-106
ARM GAS  C:\Users\eylonk\AppData\Local\Temp\ccO31tpz.s 			page 6


 286 0101 20       		.byte	32
 287 0102 AA       		.byte	-86
 288 0103 10       		.byte	16
 289 0104 10       		.byte	16
 290 0105 02       		.byte	2
 291 0106 1A       		.byte	26
 292 0107 02       		.byte	2
 293 0108 00       		.byte	0
 294 0109 01       		.byte	1
 295 010a 01       		.byte	1
 296 010b 00       		.byte	0
 297 010c 01       		.byte	1
 298 010d 00       		.byte	0
 299 010e 00       		.byte	0
 300 010f 00       		.byte	0
 301 0110 00       		.byte	0
 302 0111 2B       		.byte	43
 303 0112 2B       		.byte	43
 304 0113 00       		.byte	0
 305 0114 00       		.byte	0
 306 0115 00       		.byte	0
 307 0116 40       		.byte	64
 308 0117 00       		.byte	0
 309 0118 05       		.byte	5
 310 0119 00       		.byte	0
 311 011a 00       		.byte	0
 312 011b 37       		.byte	55
 313 011c 32       		.byte	50
 314 011d 00       		.byte	0
 315 011e 02       		.byte	2
 316 011f 00       		.byte	0
 317 0120 00       		.byte	0
 318 0121 00       		.byte	0
 319 0122 00       		.byte	0
 320 0123 00       		.byte	0
 321              		.section	.cywolatch,"a",%progbits
 322              		.align	2
 323              		.type	cy_meta_wonvl, %object
 324              		.size	cy_meta_wonvl, 4
 325              	cy_meta_wonvl:
 326 0000 BC       		.byte	-68
 327 0001 90       		.byte	-112
 328 0002 AC       		.byte	-84
 329 0003 AF       		.byte	-81
 330              		.section	.cycustnvl,"a",%progbits
 331              		.align	2
 332              		.type	cy_meta_custnvl, %object
 333              		.size	cy_meta_custnvl, 4
 334              	cy_meta_custnvl:
 335 0000 00       		.byte	0
 336 0001 00       		.byte	0
 337 0002 40       		.byte	64
 338 0003 05       		.byte	5
 339              		.section	.cymeta,"a",%progbits
 340              		.align	2
 341              		.type	cy_metadata, %object
 342              		.size	cy_metadata, 12
ARM GAS  C:\Users\eylonk\AppData\Local\Temp\ccO31tpz.s 			page 7


 343              	cy_metadata:
 344 0000 00       		.byte	0
 345 0001 01       		.byte	1
 346 0002 2E       		.byte	46
 347 0003 16       		.byte	22
 348 0004 10       		.byte	16
 349 0005 69       		.byte	105
 350 0006 00       		.byte	0
 351 0007 01       		.byte	1
 352 0008 00       		.byte	0
 353 0009 00       		.byte	0
 354 000a 00       		.byte	0
 355 000b 00       		.byte	0
 356              		.section	.cyflashprotect,"a",%progbits
 357              		.align	2
 358              		.type	cy_meta_flashprotect, %object
 359              		.size	cy_meta_flashprotect, 256
 360              	cy_meta_flashprotect:
 361 0000 00000000 		.space	256
 361      00000000 
 361      00000000 
 361      00000000 
 361      00000000 
 362              		.text
 363              	.Letext0:
 364              		.file 1 "c:\\program files (x86)\\cypress\\psoc creator\\4.4\\psoc creator\\import\\gnu\\arm\\5.4.
 365              		.file 2 "c:\\program files (x86)\\cypress\\psoc creator\\4.4\\psoc creator\\import\\gnu\\arm\\5.4.
 366              		.file 3 "Generated_Source\\PSoC5\\cymetadata.c"
 367              		.section	.debug_info,"",%progbits
 368              	.Ldebug_info0:
 369 0000 31010000 		.4byte	0x131
 370 0004 0400     		.2byte	0x4
 371 0006 00000000 		.4byte	.Ldebug_abbrev0
 372 000a 04       		.byte	0x4
 373 000b 01       		.uleb128 0x1
 374 000c 24000000 		.4byte	.LASF17
 375 0010 0C       		.byte	0xc
 376 0011 DA010000 		.4byte	.LASF18
 377 0015 D7000000 		.4byte	.LASF19
 378 0019 00000000 		.4byte	.Ldebug_line0
 379 001d 02       		.uleb128 0x2
 380 001e 01       		.byte	0x1
 381 001f 06       		.byte	0x6
 382 0020 CE010000 		.4byte	.LASF0
 383 0024 03       		.uleb128 0x3
 384 0025 00000000 		.4byte	.LASF9
 385 0029 01       		.byte	0x1
 386 002a 1D       		.byte	0x1d
 387 002b 2F000000 		.4byte	0x2f
 388 002f 02       		.uleb128 0x2
 389 0030 01       		.byte	0x1
 390 0031 08       		.byte	0x8
 391 0032 16000000 		.4byte	.LASF1
 392 0036 02       		.uleb128 0x2
 393 0037 02       		.byte	0x2
 394 0038 05       		.byte	0x5
 395 0039 BB010000 		.4byte	.LASF2
ARM GAS  C:\Users\eylonk\AppData\Local\Temp\ccO31tpz.s 			page 8


 396 003d 02       		.uleb128 0x2
 397 003e 02       		.byte	0x2
 398 003f 07       		.byte	0x7
 399 0040 C4000000 		.4byte	.LASF3
 400 0044 02       		.uleb128 0x2
 401 0045 04       		.byte	0x4
 402 0046 05       		.byte	0x5
 403 0047 C5010000 		.4byte	.LASF4
 404 004b 02       		.uleb128 0x2
 405 004c 04       		.byte	0x4
 406 004d 07       		.byte	0x7
 407 004e B2000000 		.4byte	.LASF5
 408 0052 02       		.uleb128 0x2
 409 0053 08       		.byte	0x8
 410 0054 05       		.byte	0x5
 411 0055 AD010000 		.4byte	.LASF6
 412 0059 02       		.uleb128 0x2
 413 005a 08       		.byte	0x8
 414 005b 07       		.byte	0x7
 415 005c 62010000 		.4byte	.LASF7
 416 0060 04       		.uleb128 0x4
 417 0061 04       		.byte	0x4
 418 0062 05       		.byte	0x5
 419 0063 696E7400 		.ascii	"int\000"
 420 0067 02       		.uleb128 0x2
 421 0068 04       		.byte	0x4
 422 0069 07       		.byte	0x7
 423 006a 55010000 		.4byte	.LASF8
 424 006e 03       		.uleb128 0x3
 425 006f 79010000 		.4byte	.LASF10
 426 0073 02       		.byte	0x2
 427 0074 18       		.byte	0x18
 428 0075 24000000 		.4byte	0x24
 429 0079 05       		.uleb128 0x5
 430 007a 91000000 		.4byte	0x91
 431 007e 8A000000 		.4byte	0x8a
 432 0082 06       		.uleb128 0x6
 433 0083 8A000000 		.4byte	0x8a
 434 0087 2301     		.2byte	0x123
 435 0089 00       		.byte	0
 436 008a 02       		.uleb128 0x2
 437 008b 04       		.byte	0x4
 438 008c 07       		.byte	0x7
 439 008d A4010000 		.4byte	.LASF11
 440 0091 07       		.uleb128 0x7
 441 0092 6E000000 		.4byte	0x6e
 442 0096 08       		.uleb128 0x8
 443 0097 43010000 		.4byte	.LASF12
 444 009b 03       		.byte	0x3
 445 009c 1F       		.byte	0x1f
 446 009d A7000000 		.4byte	0xa7
 447 00a1 05       		.uleb128 0x5
 448 00a2 03       		.byte	0x3
 449 00a3 00000000 		.4byte	cy_meta_configecc
 450 00a7 07       		.uleb128 0x7
 451 00a8 79000000 		.4byte	0x79
 452 00ac 05       		.uleb128 0x5
ARM GAS  C:\Users\eylonk\AppData\Local\Temp\ccO31tpz.s 			page 9


 453 00ad 91000000 		.4byte	0x91
 454 00b1 BC000000 		.4byte	0xbc
 455 00b5 09       		.uleb128 0x9
 456 00b6 8A000000 		.4byte	0x8a
 457 00ba 03       		.byte	0x3
 458 00bb 00       		.byte	0
 459 00bc 08       		.uleb128 0x8
 460 00bd 33010000 		.4byte	.LASF13
 461 00c1 03       		.byte	0x3
 462 00c2 51       		.byte	0x51
 463 00c3 CD000000 		.4byte	0xcd
 464 00c7 05       		.uleb128 0x5
 465 00c8 03       		.byte	0x3
 466 00c9 00000000 		.4byte	cy_meta_custnvl
 467 00cd 07       		.uleb128 0x7
 468 00ce AC000000 		.4byte	0xac
 469 00d2 08       		.uleb128 0x8
 470 00d3 96010000 		.4byte	.LASF14
 471 00d7 03       		.byte	0x3
 472 00d8 5F       		.byte	0x5f
 473 00d9 E3000000 		.4byte	0xe3
 474 00dd 05       		.uleb128 0x5
 475 00de 03       		.byte	0x3
 476 00df 00000000 		.4byte	cy_meta_wonvl
 477 00e3 07       		.uleb128 0x7
 478 00e4 AC000000 		.4byte	0xac
 479 00e8 05       		.uleb128 0x5
 480 00e9 91000000 		.4byte	0x91
 481 00ed F8000000 		.4byte	0xf8
 482 00f1 09       		.uleb128 0x9
 483 00f2 8A000000 		.4byte	0x8a
 484 00f6 FF       		.byte	0xff
 485 00f7 00       		.byte	0
 486 00f8 08       		.uleb128 0x8
 487 00f9 81010000 		.4byte	.LASF15
 488 00fd 03       		.byte	0x3
 489 00fe 6D       		.byte	0x6d
 490 00ff 09010000 		.4byte	0x109
 491 0103 05       		.uleb128 0x5
 492 0104 03       		.byte	0x3
 493 0105 00000000 		.4byte	cy_meta_flashprotect
 494 0109 07       		.uleb128 0x7
 495 010a E8000000 		.4byte	0xe8
 496 010e 05       		.uleb128 0x5
 497 010f 91000000 		.4byte	0x91
 498 0113 1E010000 		.4byte	0x11e
 499 0117 09       		.uleb128 0x9
 500 0118 8A000000 		.4byte	0x8a
 501 011c 0B       		.byte	0xb
 502 011d 00       		.byte	0
 503 011e 08       		.uleb128 0x8
 504 011f 0A000000 		.4byte	.LASF16
 505 0123 03       		.byte	0x3
 506 0124 9A       		.byte	0x9a
 507 0125 2F010000 		.4byte	0x12f
 508 0129 05       		.uleb128 0x5
 509 012a 03       		.byte	0x3
ARM GAS  C:\Users\eylonk\AppData\Local\Temp\ccO31tpz.s 			page 10


 510 012b 00000000 		.4byte	cy_metadata
 511 012f 07       		.uleb128 0x7
 512 0130 0E010000 		.4byte	0x10e
 513 0134 00       		.byte	0
 514              		.section	.debug_abbrev,"",%progbits
 515              	.Ldebug_abbrev0:
 516 0000 01       		.uleb128 0x1
 517 0001 11       		.uleb128 0x11
 518 0002 01       		.byte	0x1
 519 0003 25       		.uleb128 0x25
 520 0004 0E       		.uleb128 0xe
 521 0005 13       		.uleb128 0x13
 522 0006 0B       		.uleb128 0xb
 523 0007 03       		.uleb128 0x3
 524 0008 0E       		.uleb128 0xe
 525 0009 1B       		.uleb128 0x1b
 526 000a 0E       		.uleb128 0xe
 527 000b 10       		.uleb128 0x10
 528 000c 17       		.uleb128 0x17
 529 000d 00       		.byte	0
 530 000e 00       		.byte	0
 531 000f 02       		.uleb128 0x2
 532 0010 24       		.uleb128 0x24
 533 0011 00       		.byte	0
 534 0012 0B       		.uleb128 0xb
 535 0013 0B       		.uleb128 0xb
 536 0014 3E       		.uleb128 0x3e
 537 0015 0B       		.uleb128 0xb
 538 0016 03       		.uleb128 0x3
 539 0017 0E       		.uleb128 0xe
 540 0018 00       		.byte	0
 541 0019 00       		.byte	0
 542 001a 03       		.uleb128 0x3
 543 001b 16       		.uleb128 0x16
 544 001c 00       		.byte	0
 545 001d 03       		.uleb128 0x3
 546 001e 0E       		.uleb128 0xe
 547 001f 3A       		.uleb128 0x3a
 548 0020 0B       		.uleb128 0xb
 549 0021 3B       		.uleb128 0x3b
 550 0022 0B       		.uleb128 0xb
 551 0023 49       		.uleb128 0x49
 552 0024 13       		.uleb128 0x13
 553 0025 00       		.byte	0
 554 0026 00       		.byte	0
 555 0027 04       		.uleb128 0x4
 556 0028 24       		.uleb128 0x24
 557 0029 00       		.byte	0
 558 002a 0B       		.uleb128 0xb
 559 002b 0B       		.uleb128 0xb
 560 002c 3E       		.uleb128 0x3e
 561 002d 0B       		.uleb128 0xb
 562 002e 03       		.uleb128 0x3
 563 002f 08       		.uleb128 0x8
 564 0030 00       		.byte	0
 565 0031 00       		.byte	0
 566 0032 05       		.uleb128 0x5
ARM GAS  C:\Users\eylonk\AppData\Local\Temp\ccO31tpz.s 			page 11


 567 0033 01       		.uleb128 0x1
 568 0034 01       		.byte	0x1
 569 0035 49       		.uleb128 0x49
 570 0036 13       		.uleb128 0x13
 571 0037 01       		.uleb128 0x1
 572 0038 13       		.uleb128 0x13
 573 0039 00       		.byte	0
 574 003a 00       		.byte	0
 575 003b 06       		.uleb128 0x6
 576 003c 21       		.uleb128 0x21
 577 003d 00       		.byte	0
 578 003e 49       		.uleb128 0x49
 579 003f 13       		.uleb128 0x13
 580 0040 2F       		.uleb128 0x2f
 581 0041 05       		.uleb128 0x5
 582 0042 00       		.byte	0
 583 0043 00       		.byte	0
 584 0044 07       		.uleb128 0x7
 585 0045 26       		.uleb128 0x26
 586 0046 00       		.byte	0
 587 0047 49       		.uleb128 0x49
 588 0048 13       		.uleb128 0x13
 589 0049 00       		.byte	0
 590 004a 00       		.byte	0
 591 004b 08       		.uleb128 0x8
 592 004c 34       		.uleb128 0x34
 593 004d 00       		.byte	0
 594 004e 03       		.uleb128 0x3
 595 004f 0E       		.uleb128 0xe
 596 0050 3A       		.uleb128 0x3a
 597 0051 0B       		.uleb128 0xb
 598 0052 3B       		.uleb128 0x3b
 599 0053 0B       		.uleb128 0xb
 600 0054 49       		.uleb128 0x49
 601 0055 13       		.uleb128 0x13
 602 0056 3F       		.uleb128 0x3f
 603 0057 19       		.uleb128 0x19
 604 0058 02       		.uleb128 0x2
 605 0059 18       		.uleb128 0x18
 606 005a 00       		.byte	0
 607 005b 00       		.byte	0
 608 005c 09       		.uleb128 0x9
 609 005d 21       		.uleb128 0x21
 610 005e 00       		.byte	0
 611 005f 49       		.uleb128 0x49
 612 0060 13       		.uleb128 0x13
 613 0061 2F       		.uleb128 0x2f
 614 0062 0B       		.uleb128 0xb
 615 0063 00       		.byte	0
 616 0064 00       		.byte	0
 617 0065 00       		.byte	0
 618              		.section	.debug_aranges,"",%progbits
 619 0000 14000000 		.4byte	0x14
 620 0004 0200     		.2byte	0x2
 621 0006 00000000 		.4byte	.Ldebug_info0
 622 000a 04       		.byte	0x4
 623 000b 00       		.byte	0
ARM GAS  C:\Users\eylonk\AppData\Local\Temp\ccO31tpz.s 			page 12


 624 000c 0000     		.2byte	0
 625 000e 0000     		.2byte	0
 626 0010 00000000 		.4byte	0
 627 0014 00000000 		.4byte	0
 628              		.section	.debug_line,"",%progbits
 629              	.Ldebug_line0:
 630 0000 3D010000 		.section	.debug_str,"MS",%progbits,1
 630      02003701 
 630      00000201 
 630      FB0E0D00 
 630      01010101 
 631              	.LASF9:
 632 0000 5F5F7569 		.ascii	"__uint8_t\000"
 632      6E74385F 
 632      7400
 633              	.LASF16:
 634 000a 63795F6D 		.ascii	"cy_metadata\000"
 634      65746164 
 634      61746100 
 635              	.LASF1:
 636 0016 756E7369 		.ascii	"unsigned char\000"
 636      676E6564 
 636      20636861 
 636      7200
 637              	.LASF17:
 638 0024 474E5520 		.ascii	"GNU C11 5.4.1 20160609 (release) [ARM/embedded-5-br"
 638      43313120 
 638      352E342E 
 638      31203230 
 638      31363036 
 639 0057 616E6368 		.ascii	"anch revision 237715] -mcpu=cortex-m3 -mthumb -g -O"
 639      20726576 
 639      6973696F 
 639      6E203233 
 639      37373135 
 640 008a 67202D66 		.ascii	"g -ffunction-sections -ffat-lto-objects\000"
 640      66756E63 
 640      74696F6E 
 640      2D736563 
 640      74696F6E 
 641              	.LASF5:
 642 00b2 6C6F6E67 		.ascii	"long unsigned int\000"
 642      20756E73 
 642      69676E65 
 642      6420696E 
 642      7400
 643              	.LASF3:
 644 00c4 73686F72 		.ascii	"short unsigned int\000"
 644      7420756E 
 644      7369676E 
 644      65642069 
 644      6E7400
 645              	.LASF19:
 646 00d7 433A5C55 		.ascii	"C:\\Users\\eylonk\\university_project\\university_p"
 646      73657273 
 646      5C65796C 
 646      6F6E6B5C 
ARM GAS  C:\Users\eylonk\AppData\Local\Temp\ccO31tpz.s 			page 13


 646      756E6976 
 647 0106 726F6A65 		.ascii	"roject\\main\\Workspace01\\eylons_project.cydsn\000"
 647      63745C6D 
 647      61696E5C 
 647      576F726B 
 647      73706163 
 648              	.LASF13:
 649 0133 63795F6D 		.ascii	"cy_meta_custnvl\000"
 649      6574615F 
 649      63757374 
 649      6E766C00 
 650              	.LASF12:
 651 0143 63795F6D 		.ascii	"cy_meta_configecc\000"
 651      6574615F 
 651      636F6E66 
 651      69676563 
 651      6300
 652              	.LASF8:
 653 0155 756E7369 		.ascii	"unsigned int\000"
 653      676E6564 
 653      20696E74 
 653      00
 654              	.LASF7:
 655 0162 6C6F6E67 		.ascii	"long long unsigned int\000"
 655      206C6F6E 
 655      6720756E 
 655      7369676E 
 655      65642069 
 656              	.LASF10:
 657 0179 75696E74 		.ascii	"uint8_t\000"
 657      385F7400 
 658              	.LASF15:
 659 0181 63795F6D 		.ascii	"cy_meta_flashprotect\000"
 659      6574615F 
 659      666C6173 
 659      6870726F 
 659      74656374 
 660              	.LASF14:
 661 0196 63795F6D 		.ascii	"cy_meta_wonvl\000"
 661      6574615F 
 661      776F6E76 
 661      6C00
 662              	.LASF11:
 663 01a4 73697A65 		.ascii	"sizetype\000"
 663      74797065 
 663      00
 664              	.LASF6:
 665 01ad 6C6F6E67 		.ascii	"long long int\000"
 665      206C6F6E 
 665      6720696E 
 665      7400
 666              	.LASF2:
 667 01bb 73686F72 		.ascii	"short int\000"
 667      7420696E 
 667      7400
 668              	.LASF4:
 669 01c5 6C6F6E67 		.ascii	"long int\000"
ARM GAS  C:\Users\eylonk\AppData\Local\Temp\ccO31tpz.s 			page 14


 669      20696E74 
 669      00
 670              	.LASF0:
 671 01ce 7369676E 		.ascii	"signed char\000"
 671      65642063 
 671      68617200 
 672              	.LASF18:
 673 01da 47656E65 		.ascii	"Generated_Source\\PSoC5\\cymetadata.c\000"
 673      72617465 
 673      645F536F 
 673      75726365 
 673      5C50536F 
 674              		.ident	"GCC: (GNU Tools for ARM Embedded Processors) 5.4.1 20160609 (release) [ARM/embedded-5-bran
