ARM GAS  C:\Users\eylonk\AppData\Local\Temp\cczmrgw0.s 			page 1


   1              		.syntax unified
   2              		.cpu cortex-m3
   3              		.fpu softvfp
   4              		.eabi_attribute 20, 1
   5              		.eabi_attribute 21, 1
   6              		.eabi_attribute 23, 3
   7              		.eabi_attribute 24, 1
   8              		.eabi_attribute 25, 1
   9              		.eabi_attribute 26, 1
  10              		.eabi_attribute 30, 1
  11              		.eabi_attribute 34, 1
  12              		.eabi_attribute 18, 4
  13              		.thumb
  14              		.syntax unified
  15              		.file	"main.c"
  16              		.text
  17              	.Ltext0:
  18              		.cfi_sections	.debug_frame
  19              		.section	.text.main,"ax",%progbits
  20              		.align	2
  21              		.global	main
  22              		.thumb
  23              		.thumb_func
  24              		.type	main, %function
  25              	main:
  26              	.LFB64:
  27              		.file 1 "main.c"
   1:main.c        **** /* ========================================
   2:main.c        ****  *
   3:main.c        ****  * Copyright YOUR COMPANY, THE YEAR
   4:main.c        ****  * All Rights Reserved
   5:main.c        ****  * UNPUBLISHED, LICENSED SOFTWARE.
   6:main.c        ****  *
   7:main.c        ****  * CONFIDENTIAL AND PROPRIETARY INFORMATION
   8:main.c        ****  * WHICH IS THE PROPERTY OF your company.
   9:main.c        ****  *
  10:main.c        ****  * ========================================
  11:main.c        **** */
  12:main.c        **** #include "project.h"
  13:main.c        **** #include <stdio.h>
  14:main.c        **** #include <stdlib.h>
  15:main.c        **** 
  16:main.c        **** enum state_e     {start, move_to_sample, stay_on_sample, move_from_sample, stay_off_sample};
  17:main.c        **** enum direction_e {to_sample = 1, from_sample = 0};
  18:main.c        **** 
  19:main.c        **** const int total_steps     = 1450;
  20:main.c        **** 
  21:main.c        **** const int start_delay     = 750;
  22:main.c        **** const int min_speed_delay = 700;
  23:main.c        **** const int max_speed_delay = 250;
  24:main.c        **** 
  25:main.c        ****  //255 for full power (maximum of 4V) and 0 for the least power (0V)
  26:main.c        **** const int max_vdac_power = 245;
  27:main.c        **** const int min_vdac_power = 0; 
  28:main.c        **** 
  29:main.c        **** const int always_enable_leds = 1; 
  30:main.c        **** 
ARM GAS  C:\Users\eylonk\AppData\Local\Temp\cczmrgw0.s 			page 2


  31:main.c        **** int  current_delay;
  32:main.c        **** int  current_step = 0;
  33:main.c        **** // Indicates if the current state is the first time the magnet moves, 
  34:main.c        **** // if so, we can't predict the starting location and therefore moving at 
  35:main.c        **** // minimal speed.
  36:main.c        **** int  first_moving_state; 
  37:main.c        **** enum direction_e direction = from_sample;
  38:main.c        **** enum state_e     state     = start;
  39:main.c        **** 
  40:main.c        **** int main(void)
  41:main.c        **** {
  28              		.loc 1 41 0
  29              		.cfi_startproc
  30              		@ Volatile: function does not return.
  31              		@ args = 0, pretend = 0, frame = 0
  32              		@ frame_needed = 0, uses_anonymous_args = 0
  33 0000 08B5     		push	{r3, lr}
  34              		.cfi_def_cfa_offset 8
  35              		.cfi_offset 3, -8
  36              		.cfi_offset 14, -4
  42:main.c        ****     // Starting the DAC used for leds display of magnets location
  43:main.c        ****     // As the magnet is closer to the sample more leds will turn up. 
  44:main.c        ****     VDAC8_1_Start();
  37              		.loc 1 44 0
  38 0002 FFF7FEFF 		bl	VDAC8_1_Start
  39              	.LVL0:
  45:main.c        ****     
  46:main.c        ****     CyGlobalIntEnable; /* Enable global interrupts. */
  40              		.loc 1 46 0
  41              		.syntax unified
  42              	@ 46 "main.c" 1
  43 0006 62B6     		CPSIE   i
  44              	@ 0 "" 2
  47:main.c        ****     
  48:main.c        ****     PWM_1_Start();
  45              		.loc 1 48 0
  46              		.thumb
  47              		.syntax unified
  48 0008 FFF7FEFF 		bl	PWM_1_Start
  49              	.LVL1:
  49:main.c        ****     Opamp_1_Start();
  50              		.loc 1 49 0
  51 000c FFF7FEFF 		bl	Opamp_1_Start
  52              	.LVL2:
  50:main.c        ****     Opamp_1_Init();
  53              		.loc 1 50 0
  54 0010 FFF7FEFF 		bl	Opamp_1_Init
  55              	.LVL3:
  56              	.L2:
  51:main.c        ****     
  52:main.c        ****     for(;;)
  53:main.c        ****     {
  54:main.c        ****         direction = operation_input_Read();
  57              		.loc 1 54 0
  58 0014 FFF7FEFF 		bl	operation_input_Read
  59              	.LVL4:
  60 0018 754B     		ldr	r3, .L27
ARM GAS  C:\Users\eylonk\AppData\Local\Temp\cczmrgw0.s 			page 3


  61 001a 1870     		strb	r0, [r3]
  55:main.c        ****         
  56:main.c        ****         switch(state){
  62              		.loc 1 56 0
  63 001c 5B78     		ldrb	r3, [r3, #1]	@ zero_extendqisi2
  64 001e 042B     		cmp	r3, #4
  65 0020 F8D8     		bhi	.L2
  66 0022 DFE813F0 		tbh	[pc, r3, lsl #1]
  67              	.L5:
  68 0026 0500     		.2byte	(.L4-.L5)/2
  69 0028 1100     		.2byte	(.L6-.L5)/2
  70 002a 7200     		.2byte	(.L7-.L5)/2
  71 002c 7B00     		.2byte	(.L8-.L5)/2
  72 002e DA00     		.2byte	(.L9-.L5)/2
  73              		.p2align 1
  74              	.L4:
  57:main.c        ****             case start:
  58:main.c        ****                 // On the start state we will always go away from the sample
  59:main.c        ****                 // regardless of direction input.
  60:main.c        ****                 if (direction == from_sample){
  75              		.loc 1 60 0
  76 0030 18B9     		cbnz	r0, .L10
  61:main.c        ****                     state = move_from_sample;
  77              		.loc 1 61 0
  78 0032 0322     		movs	r2, #3
  79 0034 6E4B     		ldr	r3, .L27
  80 0036 5A70     		strb	r2, [r3, #1]
  81 0038 02E0     		b	.L11
  82              	.L10:
  62:main.c        ****                 } else{
  63:main.c        ****                     state = move_to_sample;
  83              		.loc 1 63 0
  84 003a 0122     		movs	r2, #1
  85 003c 6C4B     		ldr	r3, .L27
  86 003e 5A70     		strb	r2, [r3, #1]
  87              	.L11:
  64:main.c        ****                 }
  65:main.c        ****                 first_moving_state = 1;
  88              		.loc 1 65 0
  89 0040 0122     		movs	r2, #1
  90 0042 6C4B     		ldr	r3, .L27+4
  91 0044 1A60     		str	r2, [r3]
  66:main.c        ****                 break;
  92              		.loc 1 66 0
  93 0046 E5E7     		b	.L2
  94              	.L6:
  67:main.c        **** 
  68:main.c        ****             case move_to_sample:
  69:main.c        ****                 direction_out_Write(to_sample);
  95              		.loc 1 69 0
  96 0048 0120     		movs	r0, #1
  97 004a FFF7FEFF 		bl	direction_out_Write
  98              	.LVL5:
  70:main.c        ****                 pulse_out_Write(~ pulse_out_Read());
  99              		.loc 1 70 0
 100 004e FFF7FEFF 		bl	pulse_out_Read
 101              	.LVL6:
ARM GAS  C:\Users\eylonk\AppData\Local\Temp\cczmrgw0.s 			page 4


 102 0052 C043     		mvns	r0, r0
 103 0054 C0B2     		uxtb	r0, r0
 104 0056 FFF7FEFF 		bl	pulse_out_Write
 105              	.LVL7:
  71:main.c        ****                 if (first_moving_state == 1){
 106              		.loc 1 71 0
 107 005a 664B     		ldr	r3, .L27+4
 108 005c 1B68     		ldr	r3, [r3]
 109 005e 012B     		cmp	r3, #1
 110 0060 04D1     		bne	.L12
  72:main.c        ****                     current_delay = start_delay;
 111              		.loc 1 72 0
 112 0062 40F2EE22 		movw	r2, #750
 113 0066 644B     		ldr	r3, .L27+8
 114 0068 1A60     		str	r2, [r3]
 115 006a 40E0     		b	.L13
 116              	.L12:
  73:main.c        ****                 } else{ // The magnet is on the left sensor and needs to move to the right one.
  74:main.c        ****                     if (current_step < total_steps){
 117              		.loc 1 74 0
 118 006c 604B     		ldr	r3, .L27
 119 006e 5A68     		ldr	r2, [r3, #4]
 120 0070 40F2A953 		movw	r3, #1449
 121 0074 9A42     		cmp	r2, r3
 122 0076 32DC     		bgt	.L14
  75:main.c        ****                         VDAC8_1_SetValue(max_vdac_power - (int)(current_step*max_vdac_power/total_s
 123              		.loc 1 75 0
 124 0078 F523     		movs	r3, #245
 125 007a 03FB02F3 		mul	r3, r3, r2
 126 007e 5F48     		ldr	r0, .L27+12
 127 0080 80FB0320 		smull	r2, r0, r0, r3
 128 0084 DB17     		asrs	r3, r3, #31
 129 0086 C3EB6020 		rsb	r0, r3, r0, asr #9
 130 008a C0F1F500 		rsb	r0, r0, #245
 131 008e C0B2     		uxtb	r0, r0
 132 0090 FFF7FEFF 		bl	VDAC8_1_SetValue
 133              	.LVL8:
  76:main.c        ****                         if (current_step > total_steps - 50){
 134              		.loc 1 76 0
 135 0094 564B     		ldr	r3, .L27
 136 0096 5B68     		ldr	r3, [r3, #4]
 137 0098 B3F5AF6F 		cmp	r3, #1400
 138 009c 03DD     		ble	.L15
  77:main.c        ****                             leds_enable_Write(always_enable_leds);
 139              		.loc 1 77 0
 140 009e 0120     		movs	r0, #1
 141 00a0 FFF7FEFF 		bl	leds_enable_Write
 142              	.LVL9:
 143 00a4 02E0     		b	.L16
 144              	.L15:
  78:main.c        ****                         } else{
  79:main.c        ****                             leds_enable_Write(1);
 145              		.loc 1 79 0
 146 00a6 0120     		movs	r0, #1
 147 00a8 FFF7FEFF 		bl	leds_enable_Write
 148              	.LVL10:
 149              	.L16:
ARM GAS  C:\Users\eylonk\AppData\Local\Temp\cczmrgw0.s 			page 5


  80:main.c        ****                         }
  81:main.c        ****                         
  82:main.c        ****                         current_delay = abs((total_steps/2)-current_step);
 150              		.loc 1 82 0
 151 00ac 504B     		ldr	r3, .L27
 152 00ae 5B68     		ldr	r3, [r3, #4]
 153 00b0 C3F53573 		rsb	r3, r3, #724
 154 00b4 0133     		adds	r3, r3, #1
 155 00b6 002B     		cmp	r3, #0
 156 00b8 B8BF     		it	lt
 157 00ba 5B42     		rsblt	r3, r3, #0
 158 00bc 4E4A     		ldr	r2, .L27+8
 159 00be 1360     		str	r3, [r2]
  83:main.c        ****                         if (current_delay > min_speed_delay){
 160              		.loc 1 83 0
 161 00c0 B3F52F7F 		cmp	r3, #700
 162 00c4 03DD     		ble	.L17
  84:main.c        ****                             current_delay = min_speed_delay;
 163              		.loc 1 84 0
 164 00c6 4FF42F72 		mov	r2, #700
 165 00ca 4B4B     		ldr	r3, .L27+8
 166 00cc 1A60     		str	r2, [r3]
 167              	.L17:
  85:main.c        ****                         }
  86:main.c        ****                         if (current_delay < max_speed_delay){
 168              		.loc 1 86 0
 169 00ce 4A4B     		ldr	r3, .L27+8
 170 00d0 1B68     		ldr	r3, [r3]
 171 00d2 F92B     		cmp	r3, #249
 172 00d4 07DC     		bgt	.L18
  87:main.c        ****                             current_delay = max_speed_delay;
 173              		.loc 1 87 0
 174 00d6 FA22     		movs	r2, #250
 175 00d8 474B     		ldr	r3, .L27+8
 176 00da 1A60     		str	r2, [r3]
 177 00dc 03E0     		b	.L18
 178              	.L14:
  88:main.c        ****                         }
  89:main.c        ****                     } else{ // Passed the total steps, we assume that if we reach here we are close
  90:main.c        ****                         current_delay = min_speed_delay;
 179              		.loc 1 90 0
 180 00de 4FF42F72 		mov	r2, #700
 181 00e2 454B     		ldr	r3, .L27+8
 182 00e4 1A60     		str	r2, [r3]
 183              	.L18:
  91:main.c        ****                     }
  92:main.c        ****                     current_step++;
 184              		.loc 1 92 0
 185 00e6 424A     		ldr	r2, .L27
 186 00e8 5368     		ldr	r3, [r2, #4]
 187 00ea 0133     		adds	r3, r3, #1
 188 00ec 5360     		str	r3, [r2, #4]
 189              	.L13:
  93:main.c        ****                 }
  94:main.c        ****                 CyDelayUs(current_delay);
 190              		.loc 1 94 0
 191 00ee 424B     		ldr	r3, .L27+8
ARM GAS  C:\Users\eylonk\AppData\Local\Temp\cczmrgw0.s 			page 6


 192 00f0 1888     		ldrh	r0, [r3]
 193 00f2 FFF7FEFF 		bl	CyDelayUs
 194              	.LVL11:
  95:main.c        ****                 if (sensor_right_Read() == 0){
 195              		.loc 1 95 0
 196 00f6 FFF7FEFF 		bl	sensor_right_Read
 197              	.LVL12:
 198 00fa 0028     		cmp	r0, #0
 199 00fc 8AD1     		bne	.L2
  96:main.c        ****                         current_step = 0;
 200              		.loc 1 96 0
 201 00fe 3C4B     		ldr	r3, .L27
 202 0100 0022     		movs	r2, #0
 203 0102 5A60     		str	r2, [r3, #4]
  97:main.c        ****                         state = stay_on_sample;
 204              		.loc 1 97 0
 205 0104 0222     		movs	r2, #2
 206 0106 5A70     		strb	r2, [r3, #1]
 207 0108 84E7     		b	.L2
 208              	.L7:
  98:main.c        ****                     }
  99:main.c        ****               break;
 100:main.c        ****             
 101:main.c        ****             case stay_on_sample:
 102:main.c        ****                 if (direction == from_sample){
 209              		.loc 1 102 0
 210 010a 0028     		cmp	r0, #0
 211 010c 82D1     		bne	.L2
 103:main.c        ****                     first_moving_state = 0;
 212              		.loc 1 103 0
 213 010e 0022     		movs	r2, #0
 214 0110 384B     		ldr	r3, .L27+4
 215 0112 1A60     		str	r2, [r3]
 104:main.c        ****                     state = move_from_sample;
 216              		.loc 1 104 0
 217 0114 0322     		movs	r2, #3
 218 0116 364B     		ldr	r3, .L27
 219 0118 5A70     		strb	r2, [r3, #1]
 220 011a 7BE7     		b	.L2
 221              	.L8:
 105:main.c        ****                 }
 106:main.c        ****               break;
 107:main.c        ****             
 108:main.c        ****             case move_from_sample:
 109:main.c        ****                 direction_out_Write(from_sample);
 222              		.loc 1 109 0
 223 011c 0020     		movs	r0, #0
 224 011e FFF7FEFF 		bl	direction_out_Write
 225              	.LVL13:
 110:main.c        ****                 pulse_out_Write(~ pulse_out_Read());
 226              		.loc 1 110 0
 227 0122 FFF7FEFF 		bl	pulse_out_Read
 228              	.LVL14:
 229 0126 C043     		mvns	r0, r0
 230 0128 C0B2     		uxtb	r0, r0
 231 012a FFF7FEFF 		bl	pulse_out_Write
 232              	.LVL15:
ARM GAS  C:\Users\eylonk\AppData\Local\Temp\cczmrgw0.s 			page 7


 111:main.c        ****                 if (first_moving_state == 1){
 233              		.loc 1 111 0
 234 012e 314B     		ldr	r3, .L27+4
 235 0130 1B68     		ldr	r3, [r3]
 236 0132 012B     		cmp	r3, #1
 237 0134 04D1     		bne	.L19
 112:main.c        ****                     current_delay = start_delay;
 238              		.loc 1 112 0
 239 0136 40F2EE22 		movw	r2, #750
 240 013a 2F4B     		ldr	r3, .L27+8
 241 013c 1A60     		str	r2, [r3]
 242 013e 3DE0     		b	.L20
 243              	.L19:
 113:main.c        ****                 } else{ // The magnet is on the right sensor and needs to move to the left one.
 114:main.c        ****                     if (current_step < total_steps){
 244              		.loc 1 114 0
 245 0140 2B4B     		ldr	r3, .L27
 246 0142 5A68     		ldr	r2, [r3, #4]
 247 0144 40F2A953 		movw	r3, #1449
 248 0148 9A42     		cmp	r2, r3
 249 014a 2FDC     		bgt	.L21
 115:main.c        ****                         VDAC8_1_SetValue((int)(current_step*max_vdac_power/total_steps));
 250              		.loc 1 115 0
 251 014c F523     		movs	r3, #245
 252 014e 03FB02F3 		mul	r3, r3, r2
 253 0152 2A48     		ldr	r0, .L27+12
 254 0154 80FB0320 		smull	r2, r0, r0, r3
 255 0158 DB17     		asrs	r3, r3, #31
 256 015a C3EB6020 		rsb	r0, r3, r0, asr #9
 257 015e C0B2     		uxtb	r0, r0
 258 0160 FFF7FEFF 		bl	VDAC8_1_SetValue
 259              	.LVL16:
 116:main.c        ****                         if (current_step < 50){
 260              		.loc 1 116 0
 261 0164 224B     		ldr	r3, .L27
 262 0166 5B68     		ldr	r3, [r3, #4]
 263 0168 312B     		cmp	r3, #49
 264 016a 03DC     		bgt	.L22
 117:main.c        ****                             leds_enable_Write(always_enable_leds);
 265              		.loc 1 117 0
 266 016c 0120     		movs	r0, #1
 267 016e FFF7FEFF 		bl	leds_enable_Write
 268              	.LVL17:
 269 0172 02E0     		b	.L23
 270              	.L22:
 118:main.c        ****                         } else{
 119:main.c        ****                             leds_enable_Write(1);
 271              		.loc 1 119 0
 272 0174 0120     		movs	r0, #1
 273 0176 FFF7FEFF 		bl	leds_enable_Write
 274              	.LVL18:
 275              	.L23:
 120:main.c        ****                         }
 121:main.c        ****                         
 122:main.c        ****                         current_delay = abs((total_steps/2)-current_step);
 276              		.loc 1 122 0
 277 017a 1D4B     		ldr	r3, .L27
ARM GAS  C:\Users\eylonk\AppData\Local\Temp\cczmrgw0.s 			page 8


 278 017c 5B68     		ldr	r3, [r3, #4]
 279 017e C3F53573 		rsb	r3, r3, #724
 280 0182 0133     		adds	r3, r3, #1
 281 0184 002B     		cmp	r3, #0
 282 0186 B8BF     		it	lt
 283 0188 5B42     		rsblt	r3, r3, #0
 284 018a 1B4A     		ldr	r2, .L27+8
 285 018c 1360     		str	r3, [r2]
 123:main.c        ****                         if (current_delay > min_speed_delay){
 286              		.loc 1 123 0
 287 018e B3F52F7F 		cmp	r3, #700
 288 0192 03DD     		ble	.L24
 124:main.c        ****                             current_delay = min_speed_delay;
 289              		.loc 1 124 0
 290 0194 4FF42F72 		mov	r2, #700
 291 0198 174B     		ldr	r3, .L27+8
 292 019a 1A60     		str	r2, [r3]
 293              	.L24:
 125:main.c        ****                         }
 126:main.c        ****                         if (current_delay < max_speed_delay){
 294              		.loc 1 126 0
 295 019c 164B     		ldr	r3, .L27+8
 296 019e 1B68     		ldr	r3, [r3]
 297 01a0 F92B     		cmp	r3, #249
 298 01a2 07DC     		bgt	.L25
 127:main.c        ****                             current_delay = max_speed_delay;
 299              		.loc 1 127 0
 300 01a4 FA22     		movs	r2, #250
 301 01a6 144B     		ldr	r3, .L27+8
 302 01a8 1A60     		str	r2, [r3]
 303 01aa 03E0     		b	.L25
 304              	.L21:
 128:main.c        ****                         }
 129:main.c        ****                     } else{ // Passed the total steps, we assume that if we reach here we are close
 130:main.c        ****                         current_delay = min_speed_delay;
 305              		.loc 1 130 0
 306 01ac 4FF42F72 		mov	r2, #700
 307 01b0 114B     		ldr	r3, .L27+8
 308 01b2 1A60     		str	r2, [r3]
 309              	.L25:
 131:main.c        ****                     }
 132:main.c        ****                     current_step++;
 310              		.loc 1 132 0
 311 01b4 0E4A     		ldr	r2, .L27
 312 01b6 5368     		ldr	r3, [r2, #4]
 313 01b8 0133     		adds	r3, r3, #1
 314 01ba 5360     		str	r3, [r2, #4]
 315              	.L20:
 133:main.c        ****                 }
 134:main.c        ****                 CyDelayUs(current_delay);
 316              		.loc 1 134 0
 317 01bc 0E4B     		ldr	r3, .L27+8
 318 01be 1888     		ldrh	r0, [r3]
 319 01c0 FFF7FEFF 		bl	CyDelayUs
 320              	.LVL19:
 135:main.c        ****                 if (sensor_left_Read() == 0){
 321              		.loc 1 135 0
ARM GAS  C:\Users\eylonk\AppData\Local\Temp\cczmrgw0.s 			page 9


 322 01c4 FFF7FEFF 		bl	sensor_left_Read
 323              	.LVL20:
 324 01c8 0028     		cmp	r0, #0
 325 01ca 7FF423AF 		bne	.L2
 136:main.c        ****                         current_step = 0;
 326              		.loc 1 136 0
 327 01ce 084B     		ldr	r3, .L27
 328 01d0 0022     		movs	r2, #0
 329 01d2 5A60     		str	r2, [r3, #4]
 137:main.c        ****                         state = stay_off_sample;
 330              		.loc 1 137 0
 331 01d4 0422     		movs	r2, #4
 332 01d6 5A70     		strb	r2, [r3, #1]
 333 01d8 1CE7     		b	.L2
 334              	.L9:
 138:main.c        ****                     }
 139:main.c        ****               break;
 140:main.c        ****             
 141:main.c        ****             case stay_off_sample:
 142:main.c        ****               if (direction == to_sample){
 335              		.loc 1 142 0
 336 01da 0128     		cmp	r0, #1
 337 01dc 7FF41AAF 		bne	.L2
 143:main.c        ****                     first_moving_state = 0;
 338              		.loc 1 143 0
 339 01e0 0022     		movs	r2, #0
 340 01e2 044B     		ldr	r3, .L27+4
 341 01e4 1A60     		str	r2, [r3]
 144:main.c        ****                     state = move_to_sample;
 342              		.loc 1 144 0
 343 01e6 0122     		movs	r2, #1
 344 01e8 014B     		ldr	r3, .L27
 345 01ea 5A70     		strb	r2, [r3, #1]
 346 01ec 12E7     		b	.L2
 347              	.L28:
 348 01ee 00BF     		.align	2
 349              	.L27:
 350 01f0 00000000 		.word	.LANCHOR0
 351 01f4 00000000 		.word	first_moving_state
 352 01f8 00000000 		.word	current_delay
 353 01fc D3FC645A 		.word	1516567763
 354              		.cfi_endproc
 355              	.LFE64:
 356              		.size	main, .-main
 357              		.global	state
 358              		.global	direction
 359              		.comm	first_moving_state,4,4
 360              		.global	current_step
 361              		.comm	current_delay,4,4
 362              		.global	always_enable_leds
 363              		.global	min_vdac_power
 364              		.global	max_vdac_power
 365              		.global	max_speed_delay
 366              		.global	min_speed_delay
 367              		.global	start_delay
 368              		.global	total_steps
 369              		.section	.rodata
ARM GAS  C:\Users\eylonk\AppData\Local\Temp\cczmrgw0.s 			page 10


 370              		.align	2
 371              		.type	always_enable_leds, %object
 372              		.size	always_enable_leds, 4
 373              	always_enable_leds:
 374 0000 01000000 		.word	1
 375              		.type	min_vdac_power, %object
 376              		.size	min_vdac_power, 4
 377              	min_vdac_power:
 378 0004 00000000 		.space	4
 379              		.type	max_vdac_power, %object
 380              		.size	max_vdac_power, 4
 381              	max_vdac_power:
 382 0008 F5000000 		.word	245
 383              		.type	max_speed_delay, %object
 384              		.size	max_speed_delay, 4
 385              	max_speed_delay:
 386 000c FA000000 		.word	250
 387              		.type	min_speed_delay, %object
 388              		.size	min_speed_delay, 4
 389              	min_speed_delay:
 390 0010 BC020000 		.word	700
 391              		.type	start_delay, %object
 392              		.size	start_delay, 4
 393              	start_delay:
 394 0014 EE020000 		.word	750
 395              		.type	total_steps, %object
 396              		.size	total_steps, 4
 397              	total_steps:
 398 0018 AA050000 		.word	1450
 399              		.bss
 400              		.align	2
 401              		.set	.LANCHOR0,. + 0
 402              		.type	direction, %object
 403              		.size	direction, 1
 404              	direction:
 405 0000 00       		.space	1
 406              		.type	state, %object
 407              		.size	state, 1
 408              	state:
 409 0001 00       		.space	1
 410 0002 0000     		.space	2
 411              		.type	current_step, %object
 412              		.size	current_step, 4
 413              	current_step:
 414 0004 00000000 		.space	4
 415              		.text
 416              	.Letext0:
 417              		.file 2 "c:\\program files (x86)\\cypress\\psoc creator\\4.4\\psoc creator\\import\\gnu\\arm\\5.4.
 418              		.file 3 "c:\\program files (x86)\\cypress\\psoc creator\\4.4\\psoc creator\\import\\gnu\\arm\\5.4.
 419              		.file 4 "Generated_Source\\PSoC5/core_cm3.h"
 420              		.file 5 "Generated_Source\\PSoC5/VDAC8_1.h"
 421              		.file 6 "Generated_Source\\PSoC5/PWM_1.h"
 422              		.file 7 "Generated_Source\\PSoC5/Opamp_1.h"
 423              		.file 8 "Generated_Source\\PSoC5/operation_input.h"
 424              		.file 9 "Generated_Source\\PSoC5/direction_out.h"
 425              		.file 10 "Generated_Source\\PSoC5/pulse_out.h"
 426              		.file 11 "Generated_Source\\PSoC5/leds_enable.h"
ARM GAS  C:\Users\eylonk\AppData\Local\Temp\cczmrgw0.s 			page 11


 427              		.file 12 "Generated_Source\\PSoC5/CyLib.h"
 428              		.file 13 "Generated_Source\\PSoC5/sensor_right.h"
 429              		.file 14 "Generated_Source\\PSoC5/sensor_left.h"
 430              		.section	.debug_info,"",%progbits
 431              	.Ldebug_info0:
 432 0000 71030000 		.4byte	0x371
 433 0004 0400     		.2byte	0x4
 434 0006 00000000 		.4byte	.Ldebug_abbrev0
 435 000a 04       		.byte	0x4
 436 000b 01       		.uleb128 0x1
 437 000c 3F010000 		.4byte	.LASF51
 438 0010 0C       		.byte	0xc
 439 0011 5C030000 		.4byte	.LASF52
 440 0015 F5010000 		.4byte	.LASF53
 441 0019 00000000 		.4byte	.Ldebug_ranges0+0
 442 001d 00000000 		.4byte	0
 443 0021 00000000 		.4byte	.Ldebug_line0
 444 0025 02       		.uleb128 0x2
 445 0026 01       		.byte	0x1
 446 0027 06       		.byte	0x6
 447 0028 13010000 		.4byte	.LASF0
 448 002c 02       		.uleb128 0x2
 449 002d 01       		.byte	0x1
 450 002e 08       		.byte	0x8
 451 002f 31010000 		.4byte	.LASF1
 452 0033 02       		.uleb128 0x2
 453 0034 02       		.byte	0x2
 454 0035 05       		.byte	0x5
 455 0036 78030000 		.4byte	.LASF2
 456 003a 02       		.uleb128 0x2
 457 003b 02       		.byte	0x2
 458 003c 07       		.byte	0x7
 459 003d 7D000000 		.4byte	.LASF3
 460 0041 03       		.uleb128 0x3
 461 0042 50000000 		.4byte	.LASF9
 462 0046 02       		.byte	0x2
 463 0047 3F       		.byte	0x3f
 464 0048 4C000000 		.4byte	0x4c
 465 004c 02       		.uleb128 0x2
 466 004d 04       		.byte	0x4
 467 004e 05       		.byte	0x5
 468 004f 82030000 		.4byte	.LASF4
 469 0053 02       		.uleb128 0x2
 470 0054 04       		.byte	0x4
 471 0055 07       		.byte	0x7
 472 0056 72020000 		.4byte	.LASF5
 473 005a 02       		.uleb128 0x2
 474 005b 08       		.byte	0x8
 475 005c 05       		.byte	0x5
 476 005d 4E030000 		.4byte	.LASF6
 477 0061 02       		.uleb128 0x2
 478 0062 08       		.byte	0x8
 479 0063 07       		.byte	0x7
 480 0064 F5020000 		.4byte	.LASF7
 481 0068 04       		.uleb128 0x4
 482 0069 04       		.byte	0x4
 483 006a 05       		.byte	0x5
ARM GAS  C:\Users\eylonk\AppData\Local\Temp\cczmrgw0.s 			page 12


 484 006b 696E7400 		.ascii	"int\000"
 485 006f 02       		.uleb128 0x2
 486 0070 04       		.byte	0x4
 487 0071 07       		.byte	0x7
 488 0072 DA020000 		.4byte	.LASF8
 489 0076 03       		.uleb128 0x3
 490 0077 3D030000 		.4byte	.LASF10
 491 007b 03       		.byte	0x3
 492 007c 2C       		.byte	0x2c
 493 007d 41000000 		.4byte	0x41
 494 0081 02       		.uleb128 0x2
 495 0082 04       		.byte	0x4
 496 0083 04       		.byte	0x4
 497 0084 0D010000 		.4byte	.LASF11
 498 0088 02       		.uleb128 0x2
 499 0089 08       		.byte	0x8
 500 008a 04       		.byte	0x4
 501 008b BC000000 		.4byte	.LASF12
 502 008f 02       		.uleb128 0x2
 503 0090 01       		.byte	0x1
 504 0091 08       		.byte	0x8
 505 0092 63030000 		.4byte	.LASF13
 506 0096 02       		.uleb128 0x2
 507 0097 08       		.byte	0x8
 508 0098 04       		.byte	0x4
 509 0099 8B030000 		.4byte	.LASF14
 510 009d 02       		.uleb128 0x2
 511 009e 04       		.byte	0x4
 512 009f 07       		.byte	0x7
 513 00a0 45030000 		.4byte	.LASF15
 514 00a4 05       		.uleb128 0x5
 515 00a5 B4000000 		.4byte	.LASF21
 516 00a9 01       		.byte	0x1
 517 00aa 2C000000 		.4byte	0x2c
 518 00ae 01       		.byte	0x1
 519 00af 10       		.byte	0x10
 520 00b0 D3000000 		.4byte	0xd3
 521 00b4 06       		.uleb128 0x6
 522 00b5 68000000 		.4byte	.LASF16
 523 00b9 00       		.byte	0
 524 00ba 06       		.uleb128 0x6
 525 00bb 2E030000 		.4byte	.LASF17
 526 00bf 01       		.byte	0x1
 527 00c0 06       		.uleb128 0x6
 528 00c1 0C030000 		.4byte	.LASF18
 529 00c5 02       		.byte	0x2
 530 00c6 06       		.uleb128 0x6
 531 00c7 3F000000 		.4byte	.LASF19
 532 00cb 03       		.byte	0x3
 533 00cc 06       		.uleb128 0x6
 534 00cd CD000000 		.4byte	.LASF20
 535 00d1 04       		.byte	0x4
 536 00d2 00       		.byte	0
 537 00d3 05       		.uleb128 0x5
 538 00d4 95020000 		.4byte	.LASF22
 539 00d8 01       		.byte	0x1
 540 00d9 2C000000 		.4byte	0x2c
ARM GAS  C:\Users\eylonk\AppData\Local\Temp\cczmrgw0.s 			page 13


 541 00dd 01       		.byte	0x1
 542 00de 11       		.byte	0x11
 543 00df F0000000 		.4byte	0xf0
 544 00e3 06       		.uleb128 0x6
 545 00e4 35000000 		.4byte	.LASF23
 546 00e8 01       		.byte	0x1
 547 00e9 06       		.uleb128 0x6
 548 00ea 01010000 		.4byte	.LASF24
 549 00ee 00       		.byte	0
 550 00ef 00       		.byte	0
 551 00f0 07       		.uleb128 0x7
 552 00f1 84020000 		.4byte	.LASF54
 553 00f5 01       		.byte	0x1
 554 00f6 28       		.byte	0x28
 555 00f7 68000000 		.4byte	0x68
 556 00fb 00000000 		.4byte	.LFB64
 557 00ff 00020000 		.4byte	.LFE64-.LFB64
 558 0103 01       		.uleb128 0x1
 559 0104 9C       		.byte	0x9c
 560 0105 03020000 		.4byte	0x203
 561 0109 08       		.uleb128 0x8
 562 010a 06000000 		.4byte	.LVL0
 563 010e E5020000 		.4byte	0x2e5
 564 0112 08       		.uleb128 0x8
 565 0113 0C000000 		.4byte	.LVL1
 566 0117 F0020000 		.4byte	0x2f0
 567 011b 08       		.uleb128 0x8
 568 011c 10000000 		.4byte	.LVL2
 569 0120 FB020000 		.4byte	0x2fb
 570 0124 08       		.uleb128 0x8
 571 0125 14000000 		.4byte	.LVL3
 572 0129 06030000 		.4byte	0x306
 573 012d 08       		.uleb128 0x8
 574 012e 18000000 		.4byte	.LVL4
 575 0132 11030000 		.4byte	0x311
 576 0136 09       		.uleb128 0x9
 577 0137 4E000000 		.4byte	.LVL5
 578 013b 1C030000 		.4byte	0x31c
 579 013f 49010000 		.4byte	0x149
 580 0143 0A       		.uleb128 0xa
 581 0144 01       		.uleb128 0x1
 582 0145 50       		.byte	0x50
 583 0146 01       		.uleb128 0x1
 584 0147 31       		.byte	0x31
 585 0148 00       		.byte	0
 586 0149 08       		.uleb128 0x8
 587 014a 52000000 		.4byte	.LVL6
 588 014e 27030000 		.4byte	0x327
 589 0152 08       		.uleb128 0x8
 590 0153 5A000000 		.4byte	.LVL7
 591 0157 32030000 		.4byte	0x332
 592 015b 08       		.uleb128 0x8
 593 015c 94000000 		.4byte	.LVL8
 594 0160 3D030000 		.4byte	0x33d
 595 0164 09       		.uleb128 0x9
 596 0165 A4000000 		.4byte	.LVL9
 597 0169 48030000 		.4byte	0x348
ARM GAS  C:\Users\eylonk\AppData\Local\Temp\cczmrgw0.s 			page 14


 598 016d 77010000 		.4byte	0x177
 599 0171 0A       		.uleb128 0xa
 600 0172 01       		.uleb128 0x1
 601 0173 50       		.byte	0x50
 602 0174 01       		.uleb128 0x1
 603 0175 31       		.byte	0x31
 604 0176 00       		.byte	0
 605 0177 09       		.uleb128 0x9
 606 0178 AC000000 		.4byte	.LVL10
 607 017c 48030000 		.4byte	0x348
 608 0180 8A010000 		.4byte	0x18a
 609 0184 0A       		.uleb128 0xa
 610 0185 01       		.uleb128 0x1
 611 0186 50       		.byte	0x50
 612 0187 01       		.uleb128 0x1
 613 0188 31       		.byte	0x31
 614 0189 00       		.byte	0
 615 018a 08       		.uleb128 0x8
 616 018b F6000000 		.4byte	.LVL11
 617 018f 53030000 		.4byte	0x353
 618 0193 08       		.uleb128 0x8
 619 0194 FA000000 		.4byte	.LVL12
 620 0198 5E030000 		.4byte	0x35e
 621 019c 09       		.uleb128 0x9
 622 019d 22010000 		.4byte	.LVL13
 623 01a1 1C030000 		.4byte	0x31c
 624 01a5 AF010000 		.4byte	0x1af
 625 01a9 0A       		.uleb128 0xa
 626 01aa 01       		.uleb128 0x1
 627 01ab 50       		.byte	0x50
 628 01ac 01       		.uleb128 0x1
 629 01ad 30       		.byte	0x30
 630 01ae 00       		.byte	0
 631 01af 08       		.uleb128 0x8
 632 01b0 26010000 		.4byte	.LVL14
 633 01b4 27030000 		.4byte	0x327
 634 01b8 08       		.uleb128 0x8
 635 01b9 2E010000 		.4byte	.LVL15
 636 01bd 32030000 		.4byte	0x332
 637 01c1 08       		.uleb128 0x8
 638 01c2 64010000 		.4byte	.LVL16
 639 01c6 3D030000 		.4byte	0x33d
 640 01ca 09       		.uleb128 0x9
 641 01cb 72010000 		.4byte	.LVL17
 642 01cf 48030000 		.4byte	0x348
 643 01d3 DD010000 		.4byte	0x1dd
 644 01d7 0A       		.uleb128 0xa
 645 01d8 01       		.uleb128 0x1
 646 01d9 50       		.byte	0x50
 647 01da 01       		.uleb128 0x1
 648 01db 31       		.byte	0x31
 649 01dc 00       		.byte	0
 650 01dd 09       		.uleb128 0x9
 651 01de 7A010000 		.4byte	.LVL18
 652 01e2 48030000 		.4byte	0x348
 653 01e6 F0010000 		.4byte	0x1f0
 654 01ea 0A       		.uleb128 0xa
ARM GAS  C:\Users\eylonk\AppData\Local\Temp\cczmrgw0.s 			page 15


 655 01eb 01       		.uleb128 0x1
 656 01ec 50       		.byte	0x50
 657 01ed 01       		.uleb128 0x1
 658 01ee 31       		.byte	0x31
 659 01ef 00       		.byte	0
 660 01f0 08       		.uleb128 0x8
 661 01f1 C4010000 		.4byte	.LVL19
 662 01f5 53030000 		.4byte	0x353
 663 01f9 08       		.uleb128 0x8
 664 01fa C8010000 		.4byte	.LVL20
 665 01fe 69030000 		.4byte	0x369
 666 0202 00       		.byte	0
 667 0203 0B       		.uleb128 0xb
 668 0204 51020000 		.4byte	.LASF25
 669 0208 04       		.byte	0x4
 670 0209 1207     		.2byte	0x712
 671 020b 0F020000 		.4byte	0x20f
 672 020f 0C       		.uleb128 0xc
 673 0210 76000000 		.4byte	0x76
 674 0214 0D       		.uleb128 0xd
 675 0215 97030000 		.4byte	.LASF26
 676 0219 01       		.byte	0x1
 677 021a 13       		.byte	0x13
 678 021b 25020000 		.4byte	0x225
 679 021f 05       		.uleb128 0x5
 680 0220 03       		.byte	0x3
 681 0221 00000000 		.4byte	total_steps
 682 0225 0E       		.uleb128 0xe
 683 0226 68000000 		.4byte	0x68
 684 022a 0D       		.uleb128 0xd
 685 022b 89020000 		.4byte	.LASF27
 686 022f 01       		.byte	0x1
 687 0230 15       		.byte	0x15
 688 0231 25020000 		.4byte	0x225
 689 0235 05       		.uleb128 0x5
 690 0236 03       		.byte	0x3
 691 0237 00000000 		.4byte	start_delay
 692 023b 0D       		.uleb128 0xd
 693 023c F1000000 		.4byte	.LASF28
 694 0240 01       		.byte	0x1
 695 0241 16       		.byte	0x16
 696 0242 25020000 		.4byte	0x225
 697 0246 05       		.uleb128 0x5
 698 0247 03       		.byte	0x3
 699 0248 00000000 		.4byte	min_speed_delay
 700 024c 0D       		.uleb128 0xd
 701 024d 68030000 		.4byte	.LASF29
 702 0251 01       		.byte	0x1
 703 0252 17       		.byte	0x17
 704 0253 25020000 		.4byte	0x225
 705 0257 05       		.uleb128 0x5
 706 0258 03       		.byte	0x3
 707 0259 00000000 		.4byte	max_speed_delay
 708 025d 0D       		.uleb128 0xd
 709 025e 6E000000 		.4byte	.LASF30
 710 0262 01       		.byte	0x1
 711 0263 1A       		.byte	0x1a
ARM GAS  C:\Users\eylonk\AppData\Local\Temp\cczmrgw0.s 			page 16


 712 0264 25020000 		.4byte	0x225
 713 0268 05       		.uleb128 0x5
 714 0269 03       		.byte	0x3
 715 026a 00000000 		.4byte	max_vdac_power
 716 026e 0D       		.uleb128 0xd
 717 026f CD010000 		.4byte	.LASF31
 718 0273 01       		.byte	0x1
 719 0274 1B       		.byte	0x1b
 720 0275 25020000 		.4byte	0x225
 721 0279 05       		.uleb128 0x5
 722 027a 03       		.byte	0x3
 723 027b 00000000 		.4byte	min_vdac_power
 724 027f 0D       		.uleb128 0xd
 725 0280 A1000000 		.4byte	.LASF32
 726 0284 01       		.byte	0x1
 727 0285 1D       		.byte	0x1d
 728 0286 25020000 		.4byte	0x225
 729 028a 05       		.uleb128 0x5
 730 028b 03       		.byte	0x3
 731 028c 00000000 		.4byte	always_enable_leds
 732 0290 0D       		.uleb128 0xd
 733 0291 E7020000 		.4byte	.LASF33
 734 0295 01       		.byte	0x1
 735 0296 1F       		.byte	0x1f
 736 0297 68000000 		.4byte	0x68
 737 029b 05       		.uleb128 0x5
 738 029c 03       		.byte	0x3
 739 029d 00000000 		.4byte	current_delay
 740 02a1 0D       		.uleb128 0xd
 741 02a2 BB020000 		.4byte	.LASF34
 742 02a6 01       		.byte	0x1
 743 02a7 20       		.byte	0x20
 744 02a8 68000000 		.4byte	0x68
 745 02ac 05       		.uleb128 0x5
 746 02ad 03       		.byte	0x3
 747 02ae 00000000 		.4byte	current_step
 748 02b2 0D       		.uleb128 0xd
 749 02b3 1B030000 		.4byte	.LASF35
 750 02b7 01       		.byte	0x1
 751 02b8 24       		.byte	0x24
 752 02b9 68000000 		.4byte	0x68
 753 02bd 05       		.uleb128 0x5
 754 02be 03       		.byte	0x3
 755 02bf 00000000 		.4byte	first_moving_state
 756 02c3 0D       		.uleb128 0xd
 757 02c4 C3000000 		.4byte	.LASF36
 758 02c8 01       		.byte	0x1
 759 02c9 25       		.byte	0x25
 760 02ca D3000000 		.4byte	0xd3
 761 02ce 05       		.uleb128 0x5
 762 02cf 03       		.byte	0x3
 763 02d0 00000000 		.4byte	direction
 764 02d4 0D       		.uleb128 0xd
 765 02d5 5E020000 		.4byte	.LASF37
 766 02d9 01       		.byte	0x1
 767 02da 26       		.byte	0x26
 768 02db A4000000 		.4byte	0xa4
ARM GAS  C:\Users\eylonk\AppData\Local\Temp\cczmrgw0.s 			page 17


 769 02df 05       		.uleb128 0x5
 770 02e0 03       		.byte	0x3
 771 02e1 00000000 		.4byte	state
 772 02e5 0F       		.uleb128 0xf
 773 02e6 64020000 		.4byte	.LASF38
 774 02ea 64020000 		.4byte	.LASF38
 775 02ee 05       		.byte	0x5
 776 02ef 33       		.byte	0x33
 777 02f0 0F       		.uleb128 0xf
 778 02f1 E9010000 		.4byte	.LASF39
 779 02f5 E9010000 		.4byte	.LASF39
 780 02f9 06       		.byte	0x6
 781 02fa 92       		.byte	0x92
 782 02fb 0F       		.uleb128 0xf
 783 02fc 5A000000 		.4byte	.LASF40
 784 0300 5A000000 		.4byte	.LASF40
 785 0304 07       		.byte	0x7
 786 0305 33       		.byte	0x33
 787 0306 0F       		.uleb128 0xf
 788 0307 DC010000 		.4byte	.LASF41
 789 030b DC010000 		.4byte	.LASF41
 790 030f 07       		.byte	0x7
 791 0310 3A       		.byte	0x3a
 792 0311 0F       		.uleb128 0xf
 793 0312 11000000 		.4byte	.LASF42
 794 0316 11000000 		.4byte	.LASF42
 795 031a 08       		.byte	0x8
 796 031b 29       		.byte	0x29
 797 031c 0F       		.uleb128 0xf
 798 031d DD000000 		.4byte	.LASF43
 799 0321 DD000000 		.4byte	.LASF43
 800 0325 09       		.byte	0x9
 801 0326 26       		.byte	0x26
 802 0327 0F       		.uleb128 0xf
 803 0328 26000000 		.4byte	.LASF44
 804 032c 26000000 		.4byte	.LASF44
 805 0330 0A       		.byte	0xa
 806 0331 29       		.byte	0x29
 807 0332 0F       		.uleb128 0xf
 808 0333 AB020000 		.4byte	.LASF45
 809 0337 AB020000 		.4byte	.LASF45
 810 033b 0A       		.byte	0xa
 811 033c 26       		.byte	0x26
 812 033d 0F       		.uleb128 0xf
 813 033e 00000000 		.4byte	.LASF46
 814 0342 00000000 		.4byte	.LASF46
 815 0346 05       		.byte	0x5
 816 0347 37       		.byte	0x37
 817 0348 0F       		.uleb128 0xf
 818 0349 C8020000 		.4byte	.LASF47
 819 034d C8020000 		.4byte	.LASF47
 820 0351 0B       		.byte	0xb
 821 0352 26       		.byte	0x26
 822 0353 0F       		.uleb128 0xf
 823 0354 A1020000 		.4byte	.LASF48
 824 0358 A1020000 		.4byte	.LASF48
 825 035c 0C       		.byte	0xc
ARM GAS  C:\Users\eylonk\AppData\Local\Temp\cczmrgw0.s 			page 18


 826 035d 77       		.byte	0x77
 827 035e 0F       		.uleb128 0xf
 828 035f 1F010000 		.4byte	.LASF49
 829 0363 1F010000 		.4byte	.LASF49
 830 0367 0D       		.byte	0xd
 831 0368 29       		.byte	0x29
 832 0369 0F       		.uleb128 0xf
 833 036a 90000000 		.4byte	.LASF50
 834 036e 90000000 		.4byte	.LASF50
 835 0372 0E       		.byte	0xe
 836 0373 29       		.byte	0x29
 837 0374 00       		.byte	0
 838              		.section	.debug_abbrev,"",%progbits
 839              	.Ldebug_abbrev0:
 840 0000 01       		.uleb128 0x1
 841 0001 11       		.uleb128 0x11
 842 0002 01       		.byte	0x1
 843 0003 25       		.uleb128 0x25
 844 0004 0E       		.uleb128 0xe
 845 0005 13       		.uleb128 0x13
 846 0006 0B       		.uleb128 0xb
 847 0007 03       		.uleb128 0x3
 848 0008 0E       		.uleb128 0xe
 849 0009 1B       		.uleb128 0x1b
 850 000a 0E       		.uleb128 0xe
 851 000b 55       		.uleb128 0x55
 852 000c 17       		.uleb128 0x17
 853 000d 11       		.uleb128 0x11
 854 000e 01       		.uleb128 0x1
 855 000f 10       		.uleb128 0x10
 856 0010 17       		.uleb128 0x17
 857 0011 00       		.byte	0
 858 0012 00       		.byte	0
 859 0013 02       		.uleb128 0x2
 860 0014 24       		.uleb128 0x24
 861 0015 00       		.byte	0
 862 0016 0B       		.uleb128 0xb
 863 0017 0B       		.uleb128 0xb
 864 0018 3E       		.uleb128 0x3e
 865 0019 0B       		.uleb128 0xb
 866 001a 03       		.uleb128 0x3
 867 001b 0E       		.uleb128 0xe
 868 001c 00       		.byte	0
 869 001d 00       		.byte	0
 870 001e 03       		.uleb128 0x3
 871 001f 16       		.uleb128 0x16
 872 0020 00       		.byte	0
 873 0021 03       		.uleb128 0x3
 874 0022 0E       		.uleb128 0xe
 875 0023 3A       		.uleb128 0x3a
 876 0024 0B       		.uleb128 0xb
 877 0025 3B       		.uleb128 0x3b
 878 0026 0B       		.uleb128 0xb
 879 0027 49       		.uleb128 0x49
 880 0028 13       		.uleb128 0x13
 881 0029 00       		.byte	0
 882 002a 00       		.byte	0
ARM GAS  C:\Users\eylonk\AppData\Local\Temp\cczmrgw0.s 			page 19


 883 002b 04       		.uleb128 0x4
 884 002c 24       		.uleb128 0x24
 885 002d 00       		.byte	0
 886 002e 0B       		.uleb128 0xb
 887 002f 0B       		.uleb128 0xb
 888 0030 3E       		.uleb128 0x3e
 889 0031 0B       		.uleb128 0xb
 890 0032 03       		.uleb128 0x3
 891 0033 08       		.uleb128 0x8
 892 0034 00       		.byte	0
 893 0035 00       		.byte	0
 894 0036 05       		.uleb128 0x5
 895 0037 04       		.uleb128 0x4
 896 0038 01       		.byte	0x1
 897 0039 03       		.uleb128 0x3
 898 003a 0E       		.uleb128 0xe
 899 003b 0B       		.uleb128 0xb
 900 003c 0B       		.uleb128 0xb
 901 003d 49       		.uleb128 0x49
 902 003e 13       		.uleb128 0x13
 903 003f 3A       		.uleb128 0x3a
 904 0040 0B       		.uleb128 0xb
 905 0041 3B       		.uleb128 0x3b
 906 0042 0B       		.uleb128 0xb
 907 0043 01       		.uleb128 0x1
 908 0044 13       		.uleb128 0x13
 909 0045 00       		.byte	0
 910 0046 00       		.byte	0
 911 0047 06       		.uleb128 0x6
 912 0048 28       		.uleb128 0x28
 913 0049 00       		.byte	0
 914 004a 03       		.uleb128 0x3
 915 004b 0E       		.uleb128 0xe
 916 004c 1C       		.uleb128 0x1c
 917 004d 0B       		.uleb128 0xb
 918 004e 00       		.byte	0
 919 004f 00       		.byte	0
 920 0050 07       		.uleb128 0x7
 921 0051 2E       		.uleb128 0x2e
 922 0052 01       		.byte	0x1
 923 0053 3F       		.uleb128 0x3f
 924 0054 19       		.uleb128 0x19
 925 0055 03       		.uleb128 0x3
 926 0056 0E       		.uleb128 0xe
 927 0057 3A       		.uleb128 0x3a
 928 0058 0B       		.uleb128 0xb
 929 0059 3B       		.uleb128 0x3b
 930 005a 0B       		.uleb128 0xb
 931 005b 27       		.uleb128 0x27
 932 005c 19       		.uleb128 0x19
 933 005d 49       		.uleb128 0x49
 934 005e 13       		.uleb128 0x13
 935 005f 8701     		.uleb128 0x87
 936 0061 19       		.uleb128 0x19
 937 0062 11       		.uleb128 0x11
 938 0063 01       		.uleb128 0x1
 939 0064 12       		.uleb128 0x12
ARM GAS  C:\Users\eylonk\AppData\Local\Temp\cczmrgw0.s 			page 20


 940 0065 06       		.uleb128 0x6
 941 0066 40       		.uleb128 0x40
 942 0067 18       		.uleb128 0x18
 943 0068 9742     		.uleb128 0x2117
 944 006a 19       		.uleb128 0x19
 945 006b 01       		.uleb128 0x1
 946 006c 13       		.uleb128 0x13
 947 006d 00       		.byte	0
 948 006e 00       		.byte	0
 949 006f 08       		.uleb128 0x8
 950 0070 898201   		.uleb128 0x4109
 951 0073 00       		.byte	0
 952 0074 11       		.uleb128 0x11
 953 0075 01       		.uleb128 0x1
 954 0076 31       		.uleb128 0x31
 955 0077 13       		.uleb128 0x13
 956 0078 00       		.byte	0
 957 0079 00       		.byte	0
 958 007a 09       		.uleb128 0x9
 959 007b 898201   		.uleb128 0x4109
 960 007e 01       		.byte	0x1
 961 007f 11       		.uleb128 0x11
 962 0080 01       		.uleb128 0x1
 963 0081 31       		.uleb128 0x31
 964 0082 13       		.uleb128 0x13
 965 0083 01       		.uleb128 0x1
 966 0084 13       		.uleb128 0x13
 967 0085 00       		.byte	0
 968 0086 00       		.byte	0
 969 0087 0A       		.uleb128 0xa
 970 0088 8A8201   		.uleb128 0x410a
 971 008b 00       		.byte	0
 972 008c 02       		.uleb128 0x2
 973 008d 18       		.uleb128 0x18
 974 008e 9142     		.uleb128 0x2111
 975 0090 18       		.uleb128 0x18
 976 0091 00       		.byte	0
 977 0092 00       		.byte	0
 978 0093 0B       		.uleb128 0xb
 979 0094 34       		.uleb128 0x34
 980 0095 00       		.byte	0
 981 0096 03       		.uleb128 0x3
 982 0097 0E       		.uleb128 0xe
 983 0098 3A       		.uleb128 0x3a
 984 0099 0B       		.uleb128 0xb
 985 009a 3B       		.uleb128 0x3b
 986 009b 05       		.uleb128 0x5
 987 009c 49       		.uleb128 0x49
 988 009d 13       		.uleb128 0x13
 989 009e 3F       		.uleb128 0x3f
 990 009f 19       		.uleb128 0x19
 991 00a0 3C       		.uleb128 0x3c
 992 00a1 19       		.uleb128 0x19
 993 00a2 00       		.byte	0
 994 00a3 00       		.byte	0
 995 00a4 0C       		.uleb128 0xc
 996 00a5 35       		.uleb128 0x35
ARM GAS  C:\Users\eylonk\AppData\Local\Temp\cczmrgw0.s 			page 21


 997 00a6 00       		.byte	0
 998 00a7 49       		.uleb128 0x49
 999 00a8 13       		.uleb128 0x13
 1000 00a9 00       		.byte	0
 1001 00aa 00       		.byte	0
 1002 00ab 0D       		.uleb128 0xd
 1003 00ac 34       		.uleb128 0x34
 1004 00ad 00       		.byte	0
 1005 00ae 03       		.uleb128 0x3
 1006 00af 0E       		.uleb128 0xe
 1007 00b0 3A       		.uleb128 0x3a
 1008 00b1 0B       		.uleb128 0xb
 1009 00b2 3B       		.uleb128 0x3b
 1010 00b3 0B       		.uleb128 0xb
 1011 00b4 49       		.uleb128 0x49
 1012 00b5 13       		.uleb128 0x13
 1013 00b6 3F       		.uleb128 0x3f
 1014 00b7 19       		.uleb128 0x19
 1015 00b8 02       		.uleb128 0x2
 1016 00b9 18       		.uleb128 0x18
 1017 00ba 00       		.byte	0
 1018 00bb 00       		.byte	0
 1019 00bc 0E       		.uleb128 0xe
 1020 00bd 26       		.uleb128 0x26
 1021 00be 00       		.byte	0
 1022 00bf 49       		.uleb128 0x49
 1023 00c0 13       		.uleb128 0x13
 1024 00c1 00       		.byte	0
 1025 00c2 00       		.byte	0
 1026 00c3 0F       		.uleb128 0xf
 1027 00c4 2E       		.uleb128 0x2e
 1028 00c5 00       		.byte	0
 1029 00c6 3F       		.uleb128 0x3f
 1030 00c7 19       		.uleb128 0x19
 1031 00c8 3C       		.uleb128 0x3c
 1032 00c9 19       		.uleb128 0x19
 1033 00ca 6E       		.uleb128 0x6e
 1034 00cb 0E       		.uleb128 0xe
 1035 00cc 03       		.uleb128 0x3
 1036 00cd 0E       		.uleb128 0xe
 1037 00ce 3A       		.uleb128 0x3a
 1038 00cf 0B       		.uleb128 0xb
 1039 00d0 3B       		.uleb128 0x3b
 1040 00d1 0B       		.uleb128 0xb
 1041 00d2 00       		.byte	0
 1042 00d3 00       		.byte	0
 1043 00d4 00       		.byte	0
 1044              		.section	.debug_aranges,"",%progbits
 1045 0000 1C000000 		.4byte	0x1c
 1046 0004 0200     		.2byte	0x2
 1047 0006 00000000 		.4byte	.Ldebug_info0
 1048 000a 04       		.byte	0x4
 1049 000b 00       		.byte	0
 1050 000c 0000     		.2byte	0
 1051 000e 0000     		.2byte	0
 1052 0010 00000000 		.4byte	.LFB64
 1053 0014 00020000 		.4byte	.LFE64-.LFB64
ARM GAS  C:\Users\eylonk\AppData\Local\Temp\cczmrgw0.s 			page 22


 1054 0018 00000000 		.4byte	0
 1055 001c 00000000 		.4byte	0
 1056              		.section	.debug_ranges,"",%progbits
 1057              	.Ldebug_ranges0:
 1058 0000 00000000 		.4byte	.LFB64
 1059 0004 00020000 		.4byte	.LFE64
 1060 0008 00000000 		.4byte	0
 1061 000c 00000000 		.4byte	0
 1062              		.section	.debug_line,"",%progbits
 1063              	.Ldebug_line0:
 1064 0000 29020000 		.section	.debug_str,"MS",%progbits,1
 1064      0200DA01 
 1064      00000201 
 1064      FB0E0D00 
 1064      01010101 
 1065              	.LASF46:
 1066 0000 56444143 		.ascii	"VDAC8_1_SetValue\000"
 1066      385F315F 
 1066      53657456 
 1066      616C7565 
 1066      00
 1067              	.LASF42:
 1068 0011 6F706572 		.ascii	"operation_input_Read\000"
 1068      6174696F 
 1068      6E5F696E 
 1068      7075745F 
 1068      52656164 
 1069              	.LASF44:
 1070 0026 70756C73 		.ascii	"pulse_out_Read\000"
 1070      655F6F75 
 1070      745F5265 
 1070      616400
 1071              	.LASF23:
 1072 0035 746F5F73 		.ascii	"to_sample\000"
 1072      616D706C 
 1072      6500
 1073              	.LASF19:
 1074 003f 6D6F7665 		.ascii	"move_from_sample\000"
 1074      5F66726F 
 1074      6D5F7361 
 1074      6D706C65 
 1074      00
 1075              	.LASF9:
 1076 0050 5F5F696E 		.ascii	"__int32_t\000"
 1076      7433325F 
 1076      7400
 1077              	.LASF40:
 1078 005a 4F70616D 		.ascii	"Opamp_1_Start\000"
 1078      705F315F 
 1078      53746172 
 1078      7400
 1079              	.LASF16:
 1080 0068 73746172 		.ascii	"start\000"
 1080      7400
 1081              	.LASF30:
 1082 006e 6D61785F 		.ascii	"max_vdac_power\000"
 1082      76646163 
ARM GAS  C:\Users\eylonk\AppData\Local\Temp\cczmrgw0.s 			page 23


 1082      5F706F77 
 1082      657200
 1083              	.LASF3:
 1084 007d 73686F72 		.ascii	"short unsigned int\000"
 1084      7420756E 
 1084      7369676E 
 1084      65642069 
 1084      6E7400
 1085              	.LASF50:
 1086 0090 73656E73 		.ascii	"sensor_left_Read\000"
 1086      6F725F6C 
 1086      6566745F 
 1086      52656164 
 1086      00
 1087              	.LASF32:
 1088 00a1 616C7761 		.ascii	"always_enable_leds\000"
 1088      79735F65 
 1088      6E61626C 
 1088      655F6C65 
 1088      647300
 1089              	.LASF21:
 1090 00b4 73746174 		.ascii	"state_e\000"
 1090      655F6500 
 1091              	.LASF12:
 1092 00bc 646F7562 		.ascii	"double\000"
 1092      6C6500
 1093              	.LASF36:
 1094 00c3 64697265 		.ascii	"direction\000"
 1094      6374696F 
 1094      6E00
 1095              	.LASF20:
 1096 00cd 73746179 		.ascii	"stay_off_sample\000"
 1096      5F6F6666 
 1096      5F73616D 
 1096      706C6500 
 1097              	.LASF43:
 1098 00dd 64697265 		.ascii	"direction_out_Write\000"
 1098      6374696F 
 1098      6E5F6F75 
 1098      745F5772 
 1098      69746500 
 1099              	.LASF28:
 1100 00f1 6D696E5F 		.ascii	"min_speed_delay\000"
 1100      73706565 
 1100      645F6465 
 1100      6C617900 
 1101              	.LASF24:
 1102 0101 66726F6D 		.ascii	"from_sample\000"
 1102      5F73616D 
 1102      706C6500 
 1103              	.LASF11:
 1104 010d 666C6F61 		.ascii	"float\000"
 1104      7400
 1105              	.LASF0:
 1106 0113 7369676E 		.ascii	"signed char\000"
 1106      65642063 
 1106      68617200 
ARM GAS  C:\Users\eylonk\AppData\Local\Temp\cczmrgw0.s 			page 24


 1107              	.LASF49:
 1108 011f 73656E73 		.ascii	"sensor_right_Read\000"
 1108      6F725F72 
 1108      69676874 
 1108      5F526561 
 1108      6400
 1109              	.LASF1:
 1110 0131 756E7369 		.ascii	"unsigned char\000"
 1110      676E6564 
 1110      20636861 
 1110      7200
 1111              	.LASF51:
 1112 013f 474E5520 		.ascii	"GNU C11 5.4.1 20160609 (release) [ARM/embedded-5-br"
 1112      43313120 
 1112      352E342E 
 1112      31203230 
 1112      31363036 
 1113 0172 616E6368 		.ascii	"anch revision 237715] -mcpu=cortex-m3 -mthumb -g -O"
 1113      20726576 
 1113      6973696F 
 1113      6E203233 
 1113      37373135 
 1114 01a5 67202D66 		.ascii	"g -ffunction-sections -ffat-lto-objects\000"
 1114      66756E63 
 1114      74696F6E 
 1114      2D736563 
 1114      74696F6E 
 1115              	.LASF31:
 1116 01cd 6D696E5F 		.ascii	"min_vdac_power\000"
 1116      76646163 
 1116      5F706F77 
 1116      657200
 1117              	.LASF41:
 1118 01dc 4F70616D 		.ascii	"Opamp_1_Init\000"
 1118      705F315F 
 1118      496E6974 
 1118      00
 1119              	.LASF39:
 1120 01e9 50574D5F 		.ascii	"PWM_1_Start\000"
 1120      315F5374 
 1120      61727400 
 1121              	.LASF53:
 1122 01f5 433A5C55 		.ascii	"C:\\Users\\eylonk\\university_project\\university_p"
 1122      73657273 
 1122      5C65796C 
 1122      6F6E6B5C 
 1122      756E6976 
 1123 0224 726F6A65 		.ascii	"roject\\main\\Workspace01\\eylons_project.cydsn\000"
 1123      63745C6D 
 1123      61696E5C 
 1123      576F726B 
 1123      73706163 
 1124              	.LASF25:
 1125 0251 49544D5F 		.ascii	"ITM_RxBuffer\000"
 1125      52784275 
 1125      66666572 
 1125      00
ARM GAS  C:\Users\eylonk\AppData\Local\Temp\cczmrgw0.s 			page 25


 1126              	.LASF37:
 1127 025e 73746174 		.ascii	"state\000"
 1127      6500
 1128              	.LASF38:
 1129 0264 56444143 		.ascii	"VDAC8_1_Start\000"
 1129      385F315F 
 1129      53746172 
 1129      7400
 1130              	.LASF5:
 1131 0272 6C6F6E67 		.ascii	"long unsigned int\000"
 1131      20756E73 
 1131      69676E65 
 1131      6420696E 
 1131      7400
 1132              	.LASF54:
 1133 0284 6D61696E 		.ascii	"main\000"
 1133      00
 1134              	.LASF27:
 1135 0289 73746172 		.ascii	"start_delay\000"
 1135      745F6465 
 1135      6C617900 
 1136              	.LASF22:
 1137 0295 64697265 		.ascii	"direction_e\000"
 1137      6374696F 
 1137      6E5F6500 
 1138              	.LASF48:
 1139 02a1 43794465 		.ascii	"CyDelayUs\000"
 1139      6C617955 
 1139      7300
 1140              	.LASF45:
 1141 02ab 70756C73 		.ascii	"pulse_out_Write\000"
 1141      655F6F75 
 1141      745F5772 
 1141      69746500 
 1142              	.LASF34:
 1143 02bb 63757272 		.ascii	"current_step\000"
 1143      656E745F 
 1143      73746570 
 1143      00
 1144              	.LASF47:
 1145 02c8 6C656473 		.ascii	"leds_enable_Write\000"
 1145      5F656E61 
 1145      626C655F 
 1145      57726974 
 1145      6500
 1146              	.LASF8:
 1147 02da 756E7369 		.ascii	"unsigned int\000"
 1147      676E6564 
 1147      20696E74 
 1147      00
 1148              	.LASF33:
 1149 02e7 63757272 		.ascii	"current_delay\000"
 1149      656E745F 
 1149      64656C61 
 1149      7900
 1150              	.LASF7:
 1151 02f5 6C6F6E67 		.ascii	"long long unsigned int\000"
ARM GAS  C:\Users\eylonk\AppData\Local\Temp\cczmrgw0.s 			page 26


 1151      206C6F6E 
 1151      6720756E 
 1151      7369676E 
 1151      65642069 
 1152              	.LASF18:
 1153 030c 73746179 		.ascii	"stay_on_sample\000"
 1153      5F6F6E5F 
 1153      73616D70 
 1153      6C6500
 1154              	.LASF35:
 1155 031b 66697273 		.ascii	"first_moving_state\000"
 1155      745F6D6F 
 1155      76696E67 
 1155      5F737461 
 1155      746500
 1156              	.LASF17:
 1157 032e 6D6F7665 		.ascii	"move_to_sample\000"
 1157      5F746F5F 
 1157      73616D70 
 1157      6C6500
 1158              	.LASF10:
 1159 033d 696E7433 		.ascii	"int32_t\000"
 1159      325F7400 
 1160              	.LASF15:
 1161 0345 73697A65 		.ascii	"sizetype\000"
 1161      74797065 
 1161      00
 1162              	.LASF6:
 1163 034e 6C6F6E67 		.ascii	"long long int\000"
 1163      206C6F6E 
 1163      6720696E 
 1163      7400
 1164              	.LASF52:
 1165 035c 6D61696E 		.ascii	"main.c\000"
 1165      2E6300
 1166              	.LASF13:
 1167 0363 63686172 		.ascii	"char\000"
 1167      00
 1168              	.LASF29:
 1169 0368 6D61785F 		.ascii	"max_speed_delay\000"
 1169      73706565 
 1169      645F6465 
 1169      6C617900 
 1170              	.LASF2:
 1171 0378 73686F72 		.ascii	"short int\000"
 1171      7420696E 
 1171      7400
 1172              	.LASF4:
 1173 0382 6C6F6E67 		.ascii	"long int\000"
 1173      20696E74 
 1173      00
 1174              	.LASF14:
 1175 038b 6C6F6E67 		.ascii	"long double\000"
 1175      20646F75 
 1175      626C6500 
 1176              	.LASF26:
 1177 0397 746F7461 		.ascii	"total_steps\000"
ARM GAS  C:\Users\eylonk\AppData\Local\Temp\cczmrgw0.s 			page 27


 1177      6C5F7374 
 1177      65707300 
 1178              		.ident	"GCC: (GNU Tools for ARM Embedded Processors) 5.4.1 20160609 (release) [ARM/embedded-5-bran
